21-Apr-2020 01:15:27.672 INFORMACIÓN [main] org.apache.catalina.startup.VersionLoggerListener.log Nombre de la versión del servidor:   Apache Tomcat/8.5.50

21-Apr-2020 01:15:27.676 INFORMACIÓN [main] org.apache.catalina.startup.VersionLoggerListener.log Server built:          Dec 7 2019 19:19:46 UTC
21-Apr-2020 01:15:27.679 INFORMACIÓN [main] org.apache.catalina.startup.VersionLoggerListener.log Número de versión de servidor:         8.5.50.0
21-Apr-2020 01:15:27.679 INFORMACIÓN [main] org.apache.catalina.startup.VersionLoggerListener.log OS Name:               Windows 10
21-Apr-2020 01:15:27.679 INFORMACIÓN [main] org.apache.catalina.startup.VersionLoggerListener.log Versión de Systema Operativo:      10.0

21-Apr-2020 01:15:27.679 INFORMACIÓN [main] org.apache.catalina.startup.VersionLoggerListener.log Arquitectura:          amd64

21-Apr-2020 01:15:27.679 INFORMACIÓN [main] org.apache.catalina.startup.VersionLoggerListener.log Java Home:             C:\Program Files\Java\jdk1.8.0_201\jre
21-Apr-2020 01:15:27.680 INFORMACIÓN [main] org.apache.catalina.startup.VersionLoggerListener.log JVM Version:           1.8.0_201-b09
21-Apr-2020 01:15:27.680 INFORMACIÓN [main] org.apache.catalina.startup.VersionLoggerListener.log Vededor JVM:     Oracle Corporation
21-Apr-2020 01:15:27.680 INFORMACIÓN [main] org.apache.catalina.startup.VersionLoggerListener.log CATALINA_BASE:         C:\Users\lamad\Desktop\repositorio con fran\Programas\Tomcat 8.5
21-Apr-2020 01:15:27.680 INFORMACIÓN [main] org.apache.catalina.startup.VersionLoggerListener.log CATALINA_HOME:         C:\Users\lamad\Desktop\repositorio con fran\Programas\Tomcat 8.5
21-Apr-2020 01:15:27.681 INFORMACIÓN [main] org.apache.catalina.startup.VersionLoggerListener.log Command line argument: -Djava.util.logging.config.file=C:\Users\lamad\Desktop\repositorio con fran\Programas\Tomcat 8.5\conf\logging.properties
21-Apr-2020 01:15:27.681 INFORMACIÓN [main] org.apache.catalina.startup.VersionLoggerListener.log Command line argument: -Djava.util.logging.manager=org.apache.juli.ClassLoaderLogManager
21-Apr-2020 01:15:27.681 INFORMACIÓN [main] org.apache.catalina.startup.VersionLoggerListener.log Command line argument: -Djdk.tls.ephemeralDHKeySize=2048
21-Apr-2020 01:15:27.682 INFORMACIÓN [main] org.apache.catalina.startup.VersionLoggerListener.log Command line argument: -Djava.protocol.handler.pkgs=org.apache.catalina.webresources
21-Apr-2020 01:15:27.684 INFORMACIÓN [main] org.apache.catalina.startup.VersionLoggerListener.log Command line argument: -Djava.endorsed.dirs=C:\Users\lamad\Desktop\repositorio con fran\Programas\Tomcat 8.5\endorsed
21-Apr-2020 01:15:27.685 INFORMACIÓN [main] org.apache.catalina.startup.VersionLoggerListener.log Command line argument: -Dcatalina.base=C:\Users\lamad\Desktop\repositorio con fran\Programas\Tomcat 8.5
21-Apr-2020 01:15:27.685 INFORMACIÓN [main] org.apache.catalina.startup.VersionLoggerListener.log Command line argument: -Dcatalina.home=C:\Users\lamad\Desktop\repositorio con fran\Programas\Tomcat 8.5
21-Apr-2020 01:15:27.686 INFORMACIÓN [main] org.apache.catalina.startup.VersionLoggerListener.log Command line argument: -Djava.io.tmpdir=C:\Users\lamad\Desktop\repositorio con fran\Programas\Tomcat 8.5\temp
21-Apr-2020 01:15:27.686 INFORMACIÓN [main] org.apache.catalina.core.AprLifecycleListener.lifecycleEvent La biblioteca nativa de Apache Tomcat basada en ARP que permite un rendimiento óptimo en entornos de desarrollo no ha sido hallada en java.library.path: [C:\Program Files\Java\jdk1.8.0_201\bin;C:\WINDOWS\Sun\Java\bin;C:\WINDOWS\system32;C:\WINDOWS;C:\Program Files (x86)\Common Files\Oracle\Java\javapath;C:\ProgramData\Oracle\Java\javapath;C:\Windows\system32;C:\Windows;C:\Windows\System32\Wbem;C:\Windows\System32\WindowsPowerShell\v1.0\;C:\Program Files (x86)\NVIDIA Corporation\PhysX\Common;C:\WINDOWS\system32;C:\WINDOWS;C:\WINDOWS\System32\Wbem;C:\WINDOWS\System32\WindowsPowerShell\v1.0\;C:\WINDOWS\System32\OpenSSH\;C:\Program Files\dotnet\;C:\Users\lamad\OneDrive\Escritorio\UC\4º año\SW2\practicas\practica 7\sonar-scanner-3.3.0.1492-windows\bin;C:\Program Files\NVIDIA Corporation\NVIDIA NvDLISR;C:\WINDOWS\system32;C:\WINDOWS;C:\WINDOWS\System32\Wbem;C:\WINDOWS\System32\WindowsPowerShell\v1.0\;C:\WINDOWS\System32\OpenSSH\;D:\Git\cmd;C:\Users\lamad\AppData\Local\Microsoft\WindowsApps;D:\Microsoft VS Code\bin;D:\UC\4º Curso\2º Cuatri 4º\Servicios Software\Repo con fran\Programas\apache-ant-1.9.14\bin;D:\apache-maven-3.6.3\bin;;C:\Users\lamad\Desktop\repositorio con fran\Programas\apache-ant-1.9.14\bin;C:\Users\lamad\AppData\Local\Microsoft\WindowsApps;;D:\Microsoft VS Code\bin;.]
21-Apr-2020 01:15:28.071 INFORMACIÓN [main] org.apache.coyote.AbstractProtocol.init Inicializando el manejador de protocolo ["http-nio-8080"]

21-Apr-2020 01:15:28.584 INFORMACIÓN [main] org.apache.tomcat.util.net.NioSelectorPool.getSharedSelector Using a shared selector for servlet write/read
21-Apr-2020 01:15:28.613 INFORMACIÓN [main] org.apache.coyote.AbstractProtocol.init Inicializando el manejador de protocolo ["ajp-nio-8009"]

21-Apr-2020 01:15:28.619 INFORMACIÓN [main] org.apache.tomcat.util.net.NioSelectorPool.getSharedSelector Using a shared selector for servlet write/read
21-Apr-2020 01:15:28.620 INFORMACIÓN [main] org.apache.catalina.startup.Catalina.load Initialization processed in 1529 ms
21-Apr-2020 01:15:28.676 INFORMACIÓN [main] org.apache.catalina.core.StandardService.startInternal Arrancando servicio [Catalina]
21-Apr-2020 01:15:28.676 INFORMACIÓN [main] org.apache.catalina.core.StandardEngine.startInternal Starting Servlet Engine: Apache Tomcat/8.5.50
21-Apr-2020 01:15:28.723 INFORMACIÓN [localhost-startStop-1] org.apache.catalina.startup.HostConfig.deployWAR Despliegue del archivo [C:\Users\lamad\Desktop\repositorio con fran\Programas\Tomcat 8.5\webapps\axis2.war] de la aplicación web
21-Apr-2020 01:15:38.108 INFORMACIÓN [localhost-startStop-1] org.apache.jasper.servlet.TldScanner.scanJars Al menos un JAR, que se ha explorado buscando TLDs, aún no contenía TLDs. Activar historial de depuración para este historiador para una completa lista de los JARs que fueron explorados y de los que nos se halló TLDs. Saltarse JARs no necesarios durante la exploración puede dar lugar a una mejora de tiempo significativa en el arranque y compilación de JSP .
21-Apr-2020 01:15:41.154 INFORMACIÓN [localhost-startStop-1] org.apache.catalina.startup.HostConfig.deployWAR Deployment of web application archive [C:\Users\lamad\Desktop\repositorio con fran\Programas\Tomcat 8.5\webapps\axis2.war] has finished in [12.429] ms
21-Apr-2020 01:15:41.157 INFORMACIÓN [localhost-startStop-1] org.apache.catalina.startup.HostConfig.deployWAR Despliegue del archivo [C:\Users\lamad\Desktop\repositorio con fran\Programas\Tomcat 8.5\webapps\DemoJAXWS.war] de la aplicación web
21-Apr-2020 01:15:46.360 INFORMACIÓN [localhost-startStop-1] org.apache.jasper.servlet.TldScanner.scanJars Al menos un JAR, que se ha explorado buscando TLDs, aún no contenía TLDs. Activar historial de depuración para este historiador para una completa lista de los JARs que fueron explorados y de los que nos se halló TLDs. Saltarse JARs no necesarios durante la exploración puede dar lugar a una mejora de tiempo significativa en el arranque y compilación de JSP .
21-Apr-2020 01:15:48.725 INFORMACIÓN [localhost-startStop-1] com.sun.xml.ws.server.MonitorBase.createRoot Metro monitoring rootname successfully set to: com.sun.metro:pp=/,type=WSEndpoint,name=/DemoJAXWS-HelloWorldService-HelloWorldPort
21-Apr-2020 01:15:48.956 INFORMACIÓN [localhost-startStop-1] com.sun.xml.ws.transport.http.servlet.WSServletDelegate.<init> WSSERVLET14: inicializando el servlet de JAX-WS
21-Apr-2020 01:15:48.957 INFORMACIÓN [localhost-startStop-1] com.sun.xml.ws.transport.http.servlet.WSServletContextListener.contextInitialized WSSERVLET12: inicializando el listener de contexto de JAX-WS
21-Apr-2020 01:15:48.957 INFORMACIÓN [localhost-startStop-1] com.sun.xml.ws.transport.http.servlet.WSServletContextListener.contextInitialized WSSERVLET12: inicializando el listener de contexto de JAX-WS
21-Apr-2020 01:15:48.962 INFORMACIÓN [localhost-startStop-1] org.apache.catalina.startup.HostConfig.deployWAR Deployment of web application archive [C:\Users\lamad\Desktop\repositorio con fran\Programas\Tomcat 8.5\webapps\DemoJAXWS.war] has finished in [7.805] ms
21-Apr-2020 01:15:48.965 INFORMACIÓN [localhost-startStop-1] org.apache.catalina.startup.HostConfig.deployWAR Despliegue del archivo [C:\Users\lamad\Desktop\repositorio con fran\Programas\Tomcat 8.5\webapps\P5_Servidor-0.0.1-SNAPSHOT.war] de la aplicación web
21-Apr-2020 01:15:54.582 INFORMACIÓN [localhost-startStop-1] org.apache.jasper.servlet.TldScanner.scanJars Al menos un JAR, que se ha explorado buscando TLDs, aún no contenía TLDs. Activar historial de depuración para este historiador para una completa lista de los JARs que fueron explorados y de los que nos se halló TLDs. Saltarse JARs no necesarios durante la exploración puede dar lugar a una mejora de tiempo significativa en el arranque y compilación de JSP .
21-Apr-2020 01:15:56.955 INFORMACIÓN [localhost-startStop-1] org.apache.catalina.startup.HostConfig.deployWAR Deployment of web application archive [C:\Users\lamad\Desktop\repositorio con fran\Programas\Tomcat 8.5\webapps\P5_Servidor-0.0.1-SNAPSHOT.war] has finished in [7.990] ms
21-Apr-2020 01:15:56.959 INFORMACIÓN [localhost-startStop-1] org.apache.catalina.startup.HostConfig.deployWAR Despliegue del archivo [C:\Users\lamad\Desktop\repositorio con fran\Programas\Tomcat 8.5\webapps\P5_Servidor_Hiperenlaces-0.0.1-SNAPSHOT.war] de la aplicación web
21-Apr-2020 01:16:02.950 INFORMACIÓN [localhost-startStop-1] org.apache.jasper.servlet.TldScanner.scanJars Al menos un JAR, que se ha explorado buscando TLDs, aún no contenía TLDs. Activar historial de depuración para este historiador para una completa lista de los JARs que fueron explorados y de los que nos se halló TLDs. Saltarse JARs no necesarios durante la exploración puede dar lugar a una mejora de tiempo significativa en el arranque y compilación de JSP .
21-Apr-2020 01:16:05.223 INFORMACIÓN [localhost-startStop-1] org.apache.catalina.startup.HostConfig.deployWAR Deployment of web application archive [C:\Users\lamad\Desktop\repositorio con fran\Programas\Tomcat 8.5\webapps\P5_Servidor_Hiperenlaces-0.0.1-SNAPSHOT.war] has finished in [8.263] ms
21-Apr-2020 01:16:05.226 INFORMACIÓN [localhost-startStop-1] org.apache.catalina.startup.HostConfig.deployDirectory Desplegando el directorio [C:\Users\lamad\Desktop\repositorio con fran\Programas\Tomcat 8.5\webapps\docs] de la aplicación web
21-Apr-2020 01:16:09.572 INFORMACIÓN [localhost-startStop-1] org.apache.jasper.servlet.TldScanner.scanJars Al menos un JAR, que se ha explorado buscando TLDs, aún no contenía TLDs. Activar historial de depuración para este historiador para una completa lista de los JARs que fueron explorados y de los que nos se halló TLDs. Saltarse JARs no necesarios durante la exploración puede dar lugar a una mejora de tiempo significativa en el arranque y compilación de JSP .
21-Apr-2020 01:16:09.579 INFORMACIÓN [localhost-startStop-1] org.apache.catalina.startup.HostConfig.deployDirectory Deployment of web application directory [C:\Users\lamad\Desktop\repositorio con fran\Programas\Tomcat 8.5\webapps\docs] has finished in [4.354] ms
21-Apr-2020 01:16:09.580 INFORMACIÓN [localhost-startStop-1] org.apache.catalina.startup.HostConfig.deployDirectory Desplegando el directorio [C:\Users\lamad\Desktop\repositorio con fran\Programas\Tomcat 8.5\webapps\examples] de la aplicación web
21-Apr-2020 01:16:14.966 INFORMACIÓN [localhost-startStop-1] org.apache.jasper.servlet.TldScanner.scanJars Al menos un JAR, que se ha explorado buscando TLDs, aún no contenía TLDs. Activar historial de depuración para este historiador para una completa lista de los JARs que fueron explorados y de los que nos se halló TLDs. Saltarse JARs no necesarios durante la exploración puede dar lugar a una mejora de tiempo significativa en el arranque y compilación de JSP .
21-Apr-2020 01:16:15.071 INFORMACIÓN [localhost-startStop-1] org.apache.catalina.startup.HostConfig.deployDirectory Deployment of web application directory [C:\Users\lamad\Desktop\repositorio con fran\Programas\Tomcat 8.5\webapps\examples] has finished in [5.491] ms
21-Apr-2020 01:16:15.072 INFORMACIÓN [localhost-startStop-1] org.apache.catalina.startup.HostConfig.deployDirectory Desplegando el directorio [C:\Users\lamad\Desktop\repositorio con fran\Programas\Tomcat 8.5\webapps\host-manager] de la aplicación web
21-Apr-2020 01:16:15.133 INFORMACIÓN [localhost-startStop-1] org.apache.catalina.startup.HostConfig.deployDirectory Deployment of web application directory [C:\Users\lamad\Desktop\repositorio con fran\Programas\Tomcat 8.5\webapps\host-manager] has finished in [61] ms
21-Apr-2020 01:16:15.134 INFORMACIÓN [localhost-startStop-1] org.apache.catalina.startup.HostConfig.deployDirectory Desplegando el directorio [C:\Users\lamad\Desktop\repositorio con fran\Programas\Tomcat 8.5\webapps\manager] de la aplicación web
21-Apr-2020 01:16:15.211 INFORMACIÓN [localhost-startStop-1] org.apache.catalina.startup.HostConfig.deployDirectory Deployment of web application directory [C:\Users\lamad\Desktop\repositorio con fran\Programas\Tomcat 8.5\webapps\manager] has finished in [77] ms
21-Apr-2020 01:16:15.212 INFORMACIÓN [localhost-startStop-1] org.apache.catalina.startup.HostConfig.deployDirectory Desplegando el directorio [C:\Users\lamad\Desktop\repositorio con fran\Programas\Tomcat 8.5\webapps\ROOT] de la aplicación web
21-Apr-2020 01:16:19.831 INFORMACIÓN [localhost-startStop-1] org.apache.jasper.servlet.TldScanner.scanJars Al menos un JAR, que se ha explorado buscando TLDs, aún no contenía TLDs. Activar historial de depuración para este historiador para una completa lista de los JARs que fueron explorados y de los que nos se halló TLDs. Saltarse JARs no necesarios durante la exploración puede dar lugar a una mejora de tiempo significativa en el arranque y compilación de JSP .
21-Apr-2020 01:16:19.837 INFORMACIÓN [localhost-startStop-1] org.apache.catalina.startup.HostConfig.deployDirectory Deployment of web application directory [C:\Users\lamad\Desktop\repositorio con fran\Programas\Tomcat 8.5\webapps\ROOT] has finished in [4.625] ms
21-Apr-2020 01:16:19.844 INFORMACIÓN [main] org.apache.coyote.AbstractProtocol.start Starting ProtocolHandler ["http-nio-8080"]
21-Apr-2020 01:16:19.894 INFORMACIÓN [main] org.apache.coyote.AbstractProtocol.start Starting ProtocolHandler ["ajp-nio-8009"]
21-Apr-2020 01:16:19.905 INFORMACIÓN [main] org.apache.catalina.startup.Catalina.start Server startup in 51284 ms
21-Apr-2020 01:17:29.970 INFORMACIÓN [ContainerBackgroundProcessor[StandardEngine[Catalina]]] org.apache.catalina.startup.HostConfig.undeploy Repliegue (undeploy) de la aplicación web que tiene como trayectoria de contexto [/P5_Servidor-0.0.1-SNAPSHOT]
21-Apr-2020 01:17:30.051 INFORMACIÓN [localhost-startStop-2] org.apache.catalina.startup.HostConfig.deployWAR Despliegue del archivo [C:\Users\lamad\Desktop\repositorio con fran\Programas\Tomcat 8.5\webapps\P5_Servidor-0.0.1-SNAPSHOT.war] de la aplicación web
21-Apr-2020 01:17:36.690 INFORMACIÓN [localhost-startStop-2] org.apache.jasper.servlet.TldScanner.scanJars Al menos un JAR, que se ha explorado buscando TLDs, aún no contenía TLDs. Activar historial de depuración para este historiador para una completa lista de los JARs que fueron explorados y de los que nos se halló TLDs. Saltarse JARs no necesarios durante la exploración puede dar lugar a una mejora de tiempo significativa en el arranque y compilación de JSP .
21-Apr-2020 01:17:39.037 INFORMACIÓN [localhost-startStop-2] org.apache.catalina.startup.HostConfig.deployWAR Deployment of web application archive [C:\Users\lamad\Desktop\repositorio con fran\Programas\Tomcat 8.5\webapps\P5_Servidor-0.0.1-SNAPSHOT.war] has finished in [8.986] ms
21-Apr-2020 13:51:39.356 INFORMACIÓN [main] org.apache.catalina.startup.VersionLoggerListener.log Nombre de la versión del servidor:   Apache Tomcat/8.5.50

21-Apr-2020 13:51:39.360 INFORMACIÓN [main] org.apache.catalina.startup.VersionLoggerListener.log Server built:          Dec 7 2019 19:19:46 UTC
21-Apr-2020 13:51:39.363 INFORMACIÓN [main] org.apache.catalina.startup.VersionLoggerListener.log Número de versión de servidor:         8.5.50.0
21-Apr-2020 13:51:39.364 INFORMACIÓN [main] org.apache.catalina.startup.VersionLoggerListener.log OS Name:               Windows 10
21-Apr-2020 13:51:39.364 INFORMACIÓN [main] org.apache.catalina.startup.VersionLoggerListener.log Versión de Systema Operativo:      10.0

21-Apr-2020 13:51:39.364 INFORMACIÓN [main] org.apache.catalina.startup.VersionLoggerListener.log Arquitectura:          amd64

21-Apr-2020 13:51:39.365 INFORMACIÓN [main] org.apache.catalina.startup.VersionLoggerListener.log Java Home:             C:\Program Files\Java\jdk1.8.0_201\jre
21-Apr-2020 13:51:39.365 INFORMACIÓN [main] org.apache.catalina.startup.VersionLoggerListener.log JVM Version:           1.8.0_201-b09
21-Apr-2020 13:51:39.365 INFORMACIÓN [main] org.apache.catalina.startup.VersionLoggerListener.log Vededor JVM:     Oracle Corporation
21-Apr-2020 13:51:39.365 INFORMACIÓN [main] org.apache.catalina.startup.VersionLoggerListener.log CATALINA_BASE:         C:\Users\lamad\Desktop\repositorio con fran\Programas\Tomcat 8.5
21-Apr-2020 13:51:39.365 INFORMACIÓN [main] org.apache.catalina.startup.VersionLoggerListener.log CATALINA_HOME:         C:\Users\lamad\Desktop\repositorio con fran\Programas\Tomcat 8.5
21-Apr-2020 13:51:39.365 INFORMACIÓN [main] org.apache.catalina.startup.VersionLoggerListener.log Command line argument: -Djava.util.logging.config.file=C:\Users\lamad\Desktop\repositorio con fran\Programas\Tomcat 8.5\conf\logging.properties
21-Apr-2020 13:51:39.366 INFORMACIÓN [main] org.apache.catalina.startup.VersionLoggerListener.log Command line argument: -Djava.util.logging.manager=org.apache.juli.ClassLoaderLogManager
21-Apr-2020 13:51:39.366 INFORMACIÓN [main] org.apache.catalina.startup.VersionLoggerListener.log Command line argument: -Djdk.tls.ephemeralDHKeySize=2048
21-Apr-2020 13:51:39.367 INFORMACIÓN [main] org.apache.catalina.startup.VersionLoggerListener.log Command line argument: -Djava.protocol.handler.pkgs=org.apache.catalina.webresources
21-Apr-2020 13:51:39.367 INFORMACIÓN [main] org.apache.catalina.startup.VersionLoggerListener.log Command line argument: -Djava.endorsed.dirs=C:\Users\lamad\Desktop\repositorio con fran\Programas\Tomcat 8.5\endorsed
21-Apr-2020 13:51:39.368 INFORMACIÓN [main] org.apache.catalina.startup.VersionLoggerListener.log Command line argument: -Dcatalina.base=C:\Users\lamad\Desktop\repositorio con fran\Programas\Tomcat 8.5
21-Apr-2020 13:51:39.368 INFORMACIÓN [main] org.apache.catalina.startup.VersionLoggerListener.log Command line argument: -Dcatalina.home=C:\Users\lamad\Desktop\repositorio con fran\Programas\Tomcat 8.5
21-Apr-2020 13:51:39.369 INFORMACIÓN [main] org.apache.catalina.startup.VersionLoggerListener.log Command line argument: -Djava.io.tmpdir=C:\Users\lamad\Desktop\repositorio con fran\Programas\Tomcat 8.5\temp
21-Apr-2020 13:51:39.370 INFORMACIÓN [main] org.apache.catalina.core.AprLifecycleListener.lifecycleEvent La biblioteca nativa de Apache Tomcat basada en ARP que permite un rendimiento óptimo en entornos de desarrollo no ha sido hallada en java.library.path: [C:\Program Files\Java\jdk1.8.0_201\bin;C:\WINDOWS\Sun\Java\bin;C:\WINDOWS\system32;C:\WINDOWS;C:\Program Files (x86)\Common Files\Oracle\Java\javapath;C:\ProgramData\Oracle\Java\javapath;C:\Windows\system32;C:\Windows;C:\Windows\System32\Wbem;C:\Windows\System32\WindowsPowerShell\v1.0\;C:\Program Files (x86)\NVIDIA Corporation\PhysX\Common;C:\WINDOWS\system32;C:\WINDOWS;C:\WINDOWS\System32\Wbem;C:\WINDOWS\System32\WindowsPowerShell\v1.0\;C:\WINDOWS\System32\OpenSSH\;C:\Program Files\dotnet\;C:\Users\lamad\OneDrive\Escritorio\UC\4º año\SW2\practicas\practica 7\sonar-scanner-3.3.0.1492-windows\bin;C:\Program Files\NVIDIA Corporation\NVIDIA NvDLISR;C:\WINDOWS\system32;C:\WINDOWS;C:\WINDOWS\System32\Wbem;C:\WINDOWS\System32\WindowsPowerShell\v1.0\;C:\WINDOWS\System32\OpenSSH\;D:\Git\cmd;C:\Users\lamad\AppData\Local\Microsoft\WindowsApps;D:\Microsoft VS Code\bin;D:\UC\4º Curso\2º Cuatri 4º\Servicios Software\Repo con fran\Programas\apache-ant-1.9.14\bin;D:\apache-maven-3.6.3\bin;;C:\Users\lamad\Desktop\repositorio con fran\Programas\apache-ant-1.9.14\bin;C:\Users\lamad\AppData\Local\Microsoft\WindowsApps;;D:\Microsoft VS Code\bin;.]
21-Apr-2020 13:51:39.603 INFORMACIÓN [main] org.apache.coyote.AbstractProtocol.init Inicializando el manejador de protocolo ["http-nio-8080"]

21-Apr-2020 13:51:40.096 INFORMACIÓN [main] org.apache.tomcat.util.net.NioSelectorPool.getSharedSelector Using a shared selector for servlet write/read
21-Apr-2020 13:51:40.109 INFORMACIÓN [main] org.apache.coyote.AbstractProtocol.init Inicializando el manejador de protocolo ["ajp-nio-8009"]

21-Apr-2020 13:51:40.112 INFORMACIÓN [main] org.apache.tomcat.util.net.NioSelectorPool.getSharedSelector Using a shared selector for servlet write/read
21-Apr-2020 13:51:40.113 INFORMACIÓN [main] org.apache.catalina.startup.Catalina.load Initialization processed in 1353 ms
21-Apr-2020 13:51:40.162 INFORMACIÓN [main] org.apache.catalina.core.StandardService.startInternal Arrancando servicio [Catalina]
21-Apr-2020 13:51:40.162 INFORMACIÓN [main] org.apache.catalina.core.StandardEngine.startInternal Starting Servlet Engine: Apache Tomcat/8.5.50
21-Apr-2020 13:51:40.200 INFORMACIÓN [localhost-startStop-1] org.apache.catalina.startup.HostConfig.deployWAR Despliegue del archivo [C:\Users\lamad\Desktop\repositorio con fran\Programas\Tomcat 8.5\webapps\axis2.war] de la aplicación web
21-Apr-2020 13:51:47.988 INFORMACIÓN [localhost-startStop-1] org.apache.jasper.servlet.TldScanner.scanJars Al menos un JAR, que se ha explorado buscando TLDs, aún no contenía TLDs. Activar historial de depuración para este historiador para una completa lista de los JARs que fueron explorados y de los que nos se halló TLDs. Saltarse JARs no necesarios durante la exploración puede dar lugar a una mejora de tiempo significativa en el arranque y compilación de JSP .
21-Apr-2020 13:51:50.044 INFORMACIÓN [localhost-startStop-1] org.apache.catalina.startup.HostConfig.deployWAR Deployment of web application archive [C:\Users\lamad\Desktop\repositorio con fran\Programas\Tomcat 8.5\webapps\axis2.war] has finished in [9.843] ms
21-Apr-2020 13:51:50.053 INFORMACIÓN [localhost-startStop-1] org.apache.catalina.startup.HostConfig.deployWAR Despliegue del archivo [C:\Users\lamad\Desktop\repositorio con fran\Programas\Tomcat 8.5\webapps\DemoJAXWS.war] de la aplicación web
21-Apr-2020 13:51:54.004 INFORMACIÓN [localhost-startStop-1] org.apache.jasper.servlet.TldScanner.scanJars Al menos un JAR, que se ha explorado buscando TLDs, aún no contenía TLDs. Activar historial de depuración para este historiador para una completa lista de los JARs que fueron explorados y de los que nos se halló TLDs. Saltarse JARs no necesarios durante la exploración puede dar lugar a una mejora de tiempo significativa en el arranque y compilación de JSP .
21-Apr-2020 13:51:56.120 INFORMACIÓN [localhost-startStop-1] com.sun.xml.ws.server.MonitorBase.createRoot Metro monitoring rootname successfully set to: com.sun.metro:pp=/,type=WSEndpoint,name=/DemoJAXWS-HelloWorldService-HelloWorldPort
21-Apr-2020 13:51:56.389 INFORMACIÓN [localhost-startStop-1] com.sun.xml.ws.transport.http.servlet.WSServletDelegate.<init> WSSERVLET14: inicializando el servlet de JAX-WS
21-Apr-2020 13:51:56.390 INFORMACIÓN [localhost-startStop-1] com.sun.xml.ws.transport.http.servlet.WSServletContextListener.contextInitialized WSSERVLET12: inicializando el listener de contexto de JAX-WS
21-Apr-2020 13:51:56.390 INFORMACIÓN [localhost-startStop-1] com.sun.xml.ws.transport.http.servlet.WSServletContextListener.contextInitialized WSSERVLET12: inicializando el listener de contexto de JAX-WS
21-Apr-2020 13:51:56.394 INFORMACIÓN [localhost-startStop-1] org.apache.catalina.startup.HostConfig.deployWAR Deployment of web application archive [C:\Users\lamad\Desktop\repositorio con fran\Programas\Tomcat 8.5\webapps\DemoJAXWS.war] has finished in [6.341] ms
21-Apr-2020 13:51:56.398 INFORMACIÓN [localhost-startStop-1] org.apache.catalina.startup.HostConfig.deployWAR Despliegue del archivo [C:\Users\lamad\Desktop\repositorio con fran\Programas\Tomcat 8.5\webapps\P5_Servidor-0.0.1-SNAPSHOT.war] de la aplicación web
21-Apr-2020 13:52:01.046 INFORMACIÓN [localhost-startStop-1] org.apache.jasper.servlet.TldScanner.scanJars Al menos un JAR, que se ha explorado buscando TLDs, aún no contenía TLDs. Activar historial de depuración para este historiador para una completa lista de los JARs que fueron explorados y de los que nos se halló TLDs. Saltarse JARs no necesarios durante la exploración puede dar lugar a una mejora de tiempo significativa en el arranque y compilación de JSP .
21-Apr-2020 13:52:02.520 INFORMACIÓN [localhost-startStop-1] org.apache.catalina.startup.HostConfig.deployWAR Deployment of web application archive [C:\Users\lamad\Desktop\repositorio con fran\Programas\Tomcat 8.5\webapps\P5_Servidor-0.0.1-SNAPSHOT.war] has finished in [6.123] ms
21-Apr-2020 13:52:02.525 INFORMACIÓN [localhost-startStop-1] org.apache.catalina.startup.HostConfig.deployWAR Despliegue del archivo [C:\Users\lamad\Desktop\repositorio con fran\Programas\Tomcat 8.5\webapps\P5_Servidor_Hiperenlaces-0.0.1-SNAPSHOT.war] de la aplicación web
21-Apr-2020 13:52:06.466 INFORMACIÓN [localhost-startStop-1] org.apache.jasper.servlet.TldScanner.scanJars Al menos un JAR, que se ha explorado buscando TLDs, aún no contenía TLDs. Activar historial de depuración para este historiador para una completa lista de los JARs que fueron explorados y de los que nos se halló TLDs. Saltarse JARs no necesarios durante la exploración puede dar lugar a una mejora de tiempo significativa en el arranque y compilación de JSP .
21-Apr-2020 13:52:07.875 INFORMACIÓN [localhost-startStop-1] org.apache.catalina.startup.HostConfig.deployWAR Deployment of web application archive [C:\Users\lamad\Desktop\repositorio con fran\Programas\Tomcat 8.5\webapps\P5_Servidor_Hiperenlaces-0.0.1-SNAPSHOT.war] has finished in [5.350] ms
21-Apr-2020 13:52:07.877 INFORMACIÓN [localhost-startStop-1] org.apache.catalina.startup.HostConfig.deployDirectory Desplegando el directorio [C:\Users\lamad\Desktop\repositorio con fran\Programas\Tomcat 8.5\webapps\docs] de la aplicación web
21-Apr-2020 13:52:10.611 INFORMACIÓN [localhost-startStop-1] org.apache.jasper.servlet.TldScanner.scanJars Al menos un JAR, que se ha explorado buscando TLDs, aún no contenía TLDs. Activar historial de depuración para este historiador para una completa lista de los JARs que fueron explorados y de los que nos se halló TLDs. Saltarse JARs no necesarios durante la exploración puede dar lugar a una mejora de tiempo significativa en el arranque y compilación de JSP .
21-Apr-2020 13:52:10.617 INFORMACIÓN [localhost-startStop-1] org.apache.catalina.startup.HostConfig.deployDirectory Deployment of web application directory [C:\Users\lamad\Desktop\repositorio con fran\Programas\Tomcat 8.5\webapps\docs] has finished in [2.740] ms
21-Apr-2020 13:52:10.617 INFORMACIÓN [localhost-startStop-1] org.apache.catalina.startup.HostConfig.deployDirectory Desplegando el directorio [C:\Users\lamad\Desktop\repositorio con fran\Programas\Tomcat 8.5\webapps\examples] de la aplicación web
21-Apr-2020 13:52:14.571 INFORMACIÓN [localhost-startStop-1] org.apache.jasper.servlet.TldScanner.scanJars Al menos un JAR, que se ha explorado buscando TLDs, aún no contenía TLDs. Activar historial de depuración para este historiador para una completa lista de los JARs que fueron explorados y de los que nos se halló TLDs. Saltarse JARs no necesarios durante la exploración puede dar lugar a una mejora de tiempo significativa en el arranque y compilación de JSP .
21-Apr-2020 13:52:14.657 INFORMACIÓN [localhost-startStop-1] org.apache.catalina.startup.HostConfig.deployDirectory Deployment of web application directory [C:\Users\lamad\Desktop\repositorio con fran\Programas\Tomcat 8.5\webapps\examples] has finished in [4.040] ms
21-Apr-2020 13:52:14.658 INFORMACIÓN [localhost-startStop-1] org.apache.catalina.startup.HostConfig.deployDirectory Desplegando el directorio [C:\Users\lamad\Desktop\repositorio con fran\Programas\Tomcat 8.5\webapps\host-manager] de la aplicación web
21-Apr-2020 13:52:14.760 INFORMACIÓN [localhost-startStop-1] org.apache.catalina.startup.HostConfig.deployDirectory Deployment of web application directory [C:\Users\lamad\Desktop\repositorio con fran\Programas\Tomcat 8.5\webapps\host-manager] has finished in [102] ms
21-Apr-2020 13:52:14.761 INFORMACIÓN [localhost-startStop-1] org.apache.catalina.startup.HostConfig.deployDirectory Desplegando el directorio [C:\Users\lamad\Desktop\repositorio con fran\Programas\Tomcat 8.5\webapps\manager] de la aplicación web
21-Apr-2020 13:52:14.871 INFORMACIÓN [localhost-startStop-1] org.apache.catalina.startup.HostConfig.deployDirectory Deployment of web application directory [C:\Users\lamad\Desktop\repositorio con fran\Programas\Tomcat 8.5\webapps\manager] has finished in [109] ms
21-Apr-2020 13:52:14.874 INFORMACIÓN [localhost-startStop-1] org.apache.catalina.startup.HostConfig.deployDirectory Desplegando el directorio [C:\Users\lamad\Desktop\repositorio con fran\Programas\Tomcat 8.5\webapps\ROOT] de la aplicación web
21-Apr-2020 13:52:22.223 INFORMACIÓN [localhost-startStop-1] org.apache.jasper.servlet.TldScanner.scanJars Al menos un JAR, que se ha explorado buscando TLDs, aún no contenía TLDs. Activar historial de depuración para este historiador para una completa lista de los JARs que fueron explorados y de los que nos se halló TLDs. Saltarse JARs no necesarios durante la exploración puede dar lugar a una mejora de tiempo significativa en el arranque y compilación de JSP .
21-Apr-2020 13:52:22.230 INFORMACIÓN [localhost-startStop-1] org.apache.catalina.startup.HostConfig.deployDirectory Deployment of web application directory [C:\Users\lamad\Desktop\repositorio con fran\Programas\Tomcat 8.5\webapps\ROOT] has finished in [7.357] ms
21-Apr-2020 13:52:22.240 INFORMACIÓN [main] org.apache.coyote.AbstractProtocol.start Starting ProtocolHandler ["http-nio-8080"]
21-Apr-2020 13:52:22.259 INFORMACIÓN [main] org.apache.coyote.AbstractProtocol.start Starting ProtocolHandler ["ajp-nio-8009"]
21-Apr-2020 13:52:22.263 INFORMACIÓN [main] org.apache.catalina.startup.Catalina.start Server startup in 42150 ms
21-Apr-2020 13:53:02.272 INFORMACIÓN [ContainerBackgroundProcessor[StandardEngine[Catalina]]] org.apache.catalina.startup.HostConfig.undeploy Repliegue (undeploy) de la aplicación web que tiene como trayectoria de contexto [/P5_Servidor_Hiperenlaces-0.0.1-SNAPSHOT]
21-Apr-2020 13:53:02.418 INFORMACIÓN [localhost-startStop-2] org.apache.catalina.startup.HostConfig.deployWAR Despliegue del archivo [C:\Users\lamad\Desktop\repositorio con fran\Programas\Tomcat 8.5\webapps\P5_Servidor_Hiperenlaces-0.0.1-SNAPSHOT.war] de la aplicación web
21-Apr-2020 13:53:08.298 INFORMACIÓN [localhost-startStop-2] org.apache.jasper.servlet.TldScanner.scanJars Al menos un JAR, que se ha explorado buscando TLDs, aún no contenía TLDs. Activar historial de depuración para este historiador para una completa lista de los JARs que fueron explorados y de los que nos se halló TLDs. Saltarse JARs no necesarios durante la exploración puede dar lugar a una mejora de tiempo significativa en el arranque y compilación de JSP .
21-Apr-2020 13:53:09.807 INFORMACIÓN [localhost-startStop-2] org.apache.catalina.startup.HostConfig.deployWAR Deployment of web application archive [C:\Users\lamad\Desktop\repositorio con fran\Programas\Tomcat 8.5\webapps\P5_Servidor_Hiperenlaces-0.0.1-SNAPSHOT.war] has finished in [7.388] ms
21-Apr-2020 13:54:59.874 INFORMACIÓN [ContainerBackgroundProcessor[StandardEngine[Catalina]]] org.apache.catalina.startup.HostConfig.undeploy Repliegue (undeploy) de la aplicación web que tiene como trayectoria de contexto [/P5_Servidor_Hiperenlaces-0.0.1-SNAPSHOT]
21-Apr-2020 13:54:59.941 INFORMACIÓN [localhost-startStop-3] org.apache.catalina.startup.HostConfig.deployWAR Despliegue del archivo [C:\Users\lamad\Desktop\repositorio con fran\Programas\Tomcat 8.5\webapps\P5_Servidor_Hiperenlaces-0.0.1-SNAPSHOT.war] de la aplicación web
21-Apr-2020 13:55:04.647 INFORMACIÓN [localhost-startStop-3] org.apache.jasper.servlet.TldScanner.scanJars Al menos un JAR, que se ha explorado buscando TLDs, aún no contenía TLDs. Activar historial de depuración para este historiador para una completa lista de los JARs que fueron explorados y de los que nos se halló TLDs. Saltarse JARs no necesarios durante la exploración puede dar lugar a una mejora de tiempo significativa en el arranque y compilación de JSP .
21-Apr-2020 13:55:06.464 INFORMACIÓN [localhost-startStop-3] org.apache.catalina.startup.HostConfig.deployWAR Deployment of web application archive [C:\Users\lamad\Desktop\repositorio con fran\Programas\Tomcat 8.5\webapps\P5_Servidor_Hiperenlaces-0.0.1-SNAPSHOT.war] has finished in [6.523] ms
21-Apr-2020 14:43:50.280 INFORMACIÓN [ContainerBackgroundProcessor[StandardEngine[Catalina]]] org.apache.catalina.startup.HostConfig.undeploy Repliegue (undeploy) de la aplicación web que tiene como trayectoria de contexto [/P5_Servidor_Hiperenlaces-0.0.1-SNAPSHOT]
21-Apr-2020 14:43:50.430 INFORMACIÓN [localhost-startStop-4] org.apache.catalina.startup.HostConfig.deployWAR Despliegue del archivo [C:\Users\lamad\Desktop\repositorio con fran\Programas\Tomcat 8.5\webapps\P5_Servidor_Hiperenlaces-0.0.1-SNAPSHOT.war] de la aplicación web
21-Apr-2020 14:43:56.431 INFORMACIÓN [localhost-startStop-4] org.apache.jasper.servlet.TldScanner.scanJars Al menos un JAR, que se ha explorado buscando TLDs, aún no contenía TLDs. Activar historial de depuración para este historiador para una completa lista de los JARs que fueron explorados y de los que nos se halló TLDs. Saltarse JARs no necesarios durante la exploración puede dar lugar a una mejora de tiempo significativa en el arranque y compilación de JSP .
21-Apr-2020 14:43:57.740 GRAVE [localhost-startStop-4] org.glassfish.jersey.internal.Errors.logErrors Following issues have been detected: 
WARNING: A resource model has ambiguous (sub-)resource method for HTTP method GET and input mime-types as defined by"@Consumes" and "@Produces" annotations at Java methods public javax.ws.rs.core.Response es.unican.ss.services.Clasificacion.getClasificacionEquipos(java.lang.String) and public javax.ws.rs.core.Response es.unican.ss.services.Clasificacion.getEquipoPorNombre(javax.ws.rs.core.UriInfo,java.lang.String,java.lang.String) at matching regular expression /clasificacion/([^/]+). These two methods produces and consumes exactly the same mime-types and therefore their invocation as a resource methods will always fail.

21-Apr-2020 14:43:57.747 INFORMACIÓN [localhost-startStop-4] org.apache.catalina.startup.HostConfig.deployWAR Deployment of web application archive [C:\Users\lamad\Desktop\repositorio con fran\Programas\Tomcat 8.5\webapps\P5_Servidor_Hiperenlaces-0.0.1-SNAPSHOT.war] has finished in [7.317] ms
21-Apr-2020 14:45:07.783 INFORMACIÓN [ContainerBackgroundProcessor[StandardEngine[Catalina]]] org.apache.catalina.startup.HostConfig.undeploy Repliegue (undeploy) de la aplicación web que tiene como trayectoria de contexto [/P5_Servidor_Hiperenlaces-0.0.1-SNAPSHOT]
21-Apr-2020 14:45:07.899 INFORMACIÓN [localhost-startStop-5] org.apache.catalina.startup.HostConfig.deployWAR Despliegue del archivo [C:\Users\lamad\Desktop\repositorio con fran\Programas\Tomcat 8.5\webapps\P5_Servidor_Hiperenlaces-0.0.1-SNAPSHOT.war] de la aplicación web
21-Apr-2020 14:45:13.470 INFORMACIÓN [localhost-startStop-5] org.apache.jasper.servlet.TldScanner.scanJars Al menos un JAR, que se ha explorado buscando TLDs, aún no contenía TLDs. Activar historial de depuración para este historiador para una completa lista de los JARs que fueron explorados y de los que nos se halló TLDs. Saltarse JARs no necesarios durante la exploración puede dar lugar a una mejora de tiempo significativa en el arranque y compilación de JSP .
21-Apr-2020 14:45:15.010 INFORMACIÓN [localhost-startStop-5] org.apache.catalina.startup.HostConfig.deployWAR Deployment of web application archive [C:\Users\lamad\Desktop\repositorio con fran\Programas\Tomcat 8.5\webapps\P5_Servidor_Hiperenlaces-0.0.1-SNAPSHOT.war] has finished in [7.110] ms
21-Apr-2020 14:58:36.126 INFORMACIÓN [ContainerBackgroundProcessor[StandardEngine[Catalina]]] org.apache.catalina.startup.HostConfig.undeploy Repliegue (undeploy) de la aplicación web que tiene como trayectoria de contexto [/P5_Servidor_Hiperenlaces-0.0.1-SNAPSHOT]
21-Apr-2020 14:58:36.304 INFORMACIÓN [localhost-startStop-6] org.apache.catalina.startup.HostConfig.deployWAR Despliegue del archivo [C:\Users\lamad\Desktop\repositorio con fran\Programas\Tomcat 8.5\webapps\P5_Servidor_Hiperenlaces-0.0.1-SNAPSHOT.war] de la aplicación web
21-Apr-2020 14:58:43.259 INFORMACIÓN [localhost-startStop-6] org.apache.jasper.servlet.TldScanner.scanJars Al menos un JAR, que se ha explorado buscando TLDs, aún no contenía TLDs. Activar historial de depuración para este historiador para una completa lista de los JARs que fueron explorados y de los que nos se halló TLDs. Saltarse JARs no necesarios durante la exploración puede dar lugar a una mejora de tiempo significativa en el arranque y compilación de JSP .
21-Apr-2020 14:58:45.465 INFORMACIÓN [localhost-startStop-6] org.apache.catalina.startup.HostConfig.deployWAR Deployment of web application archive [C:\Users\lamad\Desktop\repositorio con fran\Programas\Tomcat 8.5\webapps\P5_Servidor_Hiperenlaces-0.0.1-SNAPSHOT.war] has finished in [9.160] ms
21-Apr-2020 15:03:25.892 INFORMACIÓN [ContainerBackgroundProcessor[StandardEngine[Catalina]]] org.apache.catalina.startup.HostConfig.undeploy Repliegue (undeploy) de la aplicación web que tiene como trayectoria de contexto [/P5_Servidor_Hiperenlaces-0.0.1-SNAPSHOT]
21-Apr-2020 15:03:26.048 INFORMACIÓN [localhost-startStop-7] org.apache.catalina.startup.HostConfig.deployWAR Despliegue del archivo [C:\Users\lamad\Desktop\repositorio con fran\Programas\Tomcat 8.5\webapps\P5_Servidor_Hiperenlaces-0.0.1-SNAPSHOT.war] de la aplicación web
21-Apr-2020 15:03:32.720 INFORMACIÓN [localhost-startStop-7] org.apache.jasper.servlet.TldScanner.scanJars Al menos un JAR, que se ha explorado buscando TLDs, aún no contenía TLDs. Activar historial de depuración para este historiador para una completa lista de los JARs que fueron explorados y de los que nos se halló TLDs. Saltarse JARs no necesarios durante la exploración puede dar lugar a una mejora de tiempo significativa en el arranque y compilación de JSP .
21-Apr-2020 15:03:34.981 INFORMACIÓN [localhost-startStop-7] org.apache.catalina.startup.HostConfig.deployWAR Deployment of web application archive [C:\Users\lamad\Desktop\repositorio con fran\Programas\Tomcat 8.5\webapps\P5_Servidor_Hiperenlaces-0.0.1-SNAPSHOT.war] has finished in [8.933] ms
21-Apr-2020 15:03:40.360 GRAVE [http-nio-8080-exec-40] org.glassfish.jersey.message.internal.WriterInterceptorExecutor$TerminalWriterInterceptor.aroundWriteTo MessageBodyWriter not found for media type=application/xml, type=class es.unican.ss.representations.GrupoRepresentation, genericType=class es.unican.ss.representations.GrupoRepresentation.
21-Apr-2020 15:03:53.002 GRAVE [http-nio-8080-exec-45] org.glassfish.jersey.message.internal.WriterInterceptorExecutor$TerminalWriterInterceptor.aroundWriteTo MessageBodyWriter not found for media type=application/xml, type=class es.unican.ss.representations.GrupoRepresentation, genericType=class es.unican.ss.representations.GrupoRepresentation.
