10-Mar-2020 16:12:39.152 INFORMACIÓN [main] org.apache.catalina.startup.VersionLoggerListener.log Nombre de la versión del servidor:   Apache Tomcat/8.5.50

10-Mar-2020 16:12:39.156 INFORMACIÓN [main] org.apache.catalina.startup.VersionLoggerListener.log Server built:          Dec 7 2019 19:19:46 UTC
10-Mar-2020 16:12:39.159 INFORMACIÓN [main] org.apache.catalina.startup.VersionLoggerListener.log Número de versión de servidor:         8.5.50.0
10-Mar-2020 16:12:39.159 INFORMACIÓN [main] org.apache.catalina.startup.VersionLoggerListener.log OS Name:               Windows 10
10-Mar-2020 16:12:39.160 INFORMACIÓN [main] org.apache.catalina.startup.VersionLoggerListener.log Versión de Systema Operativo:      10.0

10-Mar-2020 16:12:39.160 INFORMACIÓN [main] org.apache.catalina.startup.VersionLoggerListener.log Arquitectura:          amd64

10-Mar-2020 16:12:39.160 INFORMACIÓN [main] org.apache.catalina.startup.VersionLoggerListener.log Java Home:             C:\Program Files\Java\jdk1.8.0_221\jre
10-Mar-2020 16:12:39.160 INFORMACIÓN [main] org.apache.catalina.startup.VersionLoggerListener.log JVM Version:           1.8.0_221-b11
10-Mar-2020 16:12:39.161 INFORMACIÓN [main] org.apache.catalina.startup.VersionLoggerListener.log Vededor JVM:     Oracle Corporation
10-Mar-2020 16:12:39.161 INFORMACIÓN [main] org.apache.catalina.startup.VersionLoggerListener.log CATALINA_BASE:         C:\Users\Francisco\Desktop\Servicios\Programas\Tomcat 8.5
10-Mar-2020 16:12:39.161 INFORMACIÓN [main] org.apache.catalina.startup.VersionLoggerListener.log CATALINA_HOME:         C:\Users\Francisco\Desktop\Servicios\Programas\Tomcat 8.5
10-Mar-2020 16:12:39.161 INFORMACIÓN [main] org.apache.catalina.startup.VersionLoggerListener.log Command line argument: -Djava.util.logging.config.file=C:\Users\Francisco\Desktop\Servicios\Programas\Tomcat 8.5\conf\logging.properties
10-Mar-2020 16:12:39.162 INFORMACIÓN [main] org.apache.catalina.startup.VersionLoggerListener.log Command line argument: -Djava.util.logging.manager=org.apache.juli.ClassLoaderLogManager
10-Mar-2020 16:12:39.162 INFORMACIÓN [main] org.apache.catalina.startup.VersionLoggerListener.log Command line argument: -Djdk.tls.ephemeralDHKeySize=2048
10-Mar-2020 16:12:39.162 INFORMACIÓN [main] org.apache.catalina.startup.VersionLoggerListener.log Command line argument: -Djava.protocol.handler.pkgs=org.apache.catalina.webresources
10-Mar-2020 16:12:39.163 INFORMACIÓN [main] org.apache.catalina.startup.VersionLoggerListener.log Command line argument: -Djava.endorsed.dirs=C:\Users\Francisco\Desktop\Servicios\Programas\Tomcat 8.5\endorsed
10-Mar-2020 16:12:39.163 INFORMACIÓN [main] org.apache.catalina.startup.VersionLoggerListener.log Command line argument: -Dcatalina.base=C:\Users\Francisco\Desktop\Servicios\Programas\Tomcat 8.5
10-Mar-2020 16:12:39.164 INFORMACIÓN [main] org.apache.catalina.startup.VersionLoggerListener.log Command line argument: -Dcatalina.home=C:\Users\Francisco\Desktop\Servicios\Programas\Tomcat 8.5
10-Mar-2020 16:12:39.164 INFORMACIÓN [main] org.apache.catalina.startup.VersionLoggerListener.log Command line argument: -Djava.io.tmpdir=C:\Users\Francisco\Desktop\Servicios\Programas\Tomcat 8.5\temp
10-Mar-2020 16:12:39.165 INFORMACIÓN [main] org.apache.catalina.core.AprLifecycleListener.lifecycleEvent La biblioteca nativa de Apache Tomcat basada en ARP que permite un rendimiento óptimo en entornos de desarrollo no ha sido hallada en java.library.path: [C:\Program Files\Java\jdk1.8.0_221\bin;C:\Windows\Sun\Java\bin;C:\Windows\system32;C:\Windows;C:\Python27\;C:\Python27\Scripts;C:\Program Files (x86)\Common Files\Oracle\Java\javapath;C:\Windows\system32;C:\Windows;C:\Windows\System32\Wbem;C:\Windows\System32\WindowsPowerShell\v1.0\;C:\Windows\System32\OpenSSH\;C:\Program Files\Git\cmd;C:\Program Files\dotnet\;C:\ProgramData\chocolatey\bin;C:\Program Files (x86)\Gpg4win\..\GnuPG\bin;C:\Program Files (x86)\Yarn\bin\;C:\Program Files\Java\jre1.8.0_221;C:\Users\FranciscoIncentro\Documents\apache-maven-3.6.2\bin;C:\Program Files\Git\;C:\Users\Francisco\AppData\Local\Microsoft\WindowsApps;C:\Users\Francisco\AppData\Local\Programs\Microsoft VS Code\bin;C:\Users\Francisco\Desktop\Servicios\Programas\apache-ant-1.9.14\bin;C:\Program Files\nodejs\;C:\Users\Francisco\AppData\Local\Microsoft\WindowsApps;C:\Users\Francisco\AppData\Local\Programs\Microsoft VS Code\bin;.]
10-Mar-2020 16:12:39.475 INFORMACIÓN [main] org.apache.coyote.AbstractProtocol.init Inicializando el manejador de protocolo ["http-nio-8080"]

10-Mar-2020 16:12:39.695 INFORMACIÓN [main] org.apache.tomcat.util.net.NioSelectorPool.getSharedSelector Using a shared selector for servlet write/read
10-Mar-2020 16:12:39.709 INFORMACIÓN [main] org.apache.coyote.AbstractProtocol.init Inicializando el manejador de protocolo ["ajp-nio-8009"]

10-Mar-2020 16:12:39.711 INFORMACIÓN [main] org.apache.tomcat.util.net.NioSelectorPool.getSharedSelector Using a shared selector for servlet write/read
10-Mar-2020 16:12:39.712 INFORMACIÓN [main] org.apache.catalina.startup.Catalina.load Initialization processed in 1090 ms
10-Mar-2020 16:12:39.755 INFORMACIÓN [main] org.apache.catalina.core.StandardService.startInternal Arrancando servicio [Catalina]
10-Mar-2020 16:12:39.756 INFORMACIÓN [main] org.apache.catalina.core.StandardEngine.startInternal Starting Servlet Engine: Apache Tomcat/8.5.50
10-Mar-2020 16:12:39.790 INFORMACIÓN [localhost-startStop-1] org.apache.catalina.startup.HostConfig.deployWAR Despliegue del archivo [C:\Users\Francisco\Desktop\Servicios\Programas\Tomcat 8.5\webapps\axis2.war] de la aplicación web
10-Mar-2020 16:12:48.916 INFORMACIÓN [localhost-startStop-1] org.apache.jasper.servlet.TldScanner.scanJars Al menos un JAR, que se ha explorado buscando TLDs, aún no contenía TLDs. Activar historial de depuración para este historiador para una completa lista de los JARs que fueron explorados y de los que nos se halló TLDs. Saltarse JARs no necesarios durante la exploración puede dar lugar a una mejora de tiempo significativa en el arranque y compilación de JSP .
10-Mar-2020 16:12:53.297 INFORMACIÓN [localhost-startStop-1] org.apache.catalina.startup.HostConfig.deployWAR Deployment of web application archive [C:\Users\Francisco\Desktop\Servicios\Programas\Tomcat 8.5\webapps\axis2.war] has finished in [13.506] ms
10-Mar-2020 16:12:53.300 INFORMACIÓN [localhost-startStop-1] org.apache.catalina.startup.HostConfig.deployWAR Despliegue del archivo [C:\Users\Francisco\Desktop\Servicios\Programas\Tomcat 8.5\webapps\DemoJAXWS.war] de la aplicación web
10-Mar-2020 16:12:55.403 INFORMACIÓN [localhost-startStop-1] org.apache.jasper.servlet.TldScanner.scanJars Al menos un JAR, que se ha explorado buscando TLDs, aún no contenía TLDs. Activar historial de depuración para este historiador para una completa lista de los JARs que fueron explorados y de los que nos se halló TLDs. Saltarse JARs no necesarios durante la exploración puede dar lugar a una mejora de tiempo significativa en el arranque y compilación de JSP .
10-Mar-2020 16:12:57.177 INFORMACIÓN [localhost-startStop-1] com.sun.xml.ws.server.MonitorBase.createRoot Metro monitoring rootname successfully set to: com.sun.metro:pp=/,type=WSEndpoint,name=/DemoJAXWS-HelloWorldService-HelloWorldPort
10-Mar-2020 16:12:57.597 INFORMACIÓN [localhost-startStop-1] com.sun.xml.ws.transport.http.servlet.WSServletDelegate.<init> WSSERVLET14: inicializando el servlet de JAX-WS
10-Mar-2020 16:12:57.599 INFORMACIÓN [localhost-startStop-1] com.sun.xml.ws.transport.http.servlet.WSServletContextListener.contextInitialized WSSERVLET12: inicializando el listener de contexto de JAX-WS
10-Mar-2020 16:12:57.603 INFORMACIÓN [localhost-startStop-1] com.sun.xml.ws.transport.http.servlet.WSServletContextListener.contextInitialized WSSERVLET12: inicializando el listener de contexto de JAX-WS
10-Mar-2020 16:12:57.606 INFORMACIÓN [localhost-startStop-1] org.apache.catalina.startup.HostConfig.deployWAR Deployment of web application archive [C:\Users\Francisco\Desktop\Servicios\Programas\Tomcat 8.5\webapps\DemoJAXWS.war] has finished in [4.307] ms
10-Mar-2020 16:12:57.608 INFORMACIÓN [localhost-startStop-1] org.apache.catalina.startup.HostConfig.deployDirectory Desplegando el directorio [C:\Users\Francisco\Desktop\Servicios\Programas\Tomcat 8.5\webapps\docs] de la aplicación web
10-Mar-2020 16:12:59.497 INFORMACIÓN [localhost-startStop-1] org.apache.jasper.servlet.TldScanner.scanJars Al menos un JAR, que se ha explorado buscando TLDs, aún no contenía TLDs. Activar historial de depuración para este historiador para una completa lista de los JARs que fueron explorados y de los que nos se halló TLDs. Saltarse JARs no necesarios durante la exploración puede dar lugar a una mejora de tiempo significativa en el arranque y compilación de JSP .
10-Mar-2020 16:12:59.501 INFORMACIÓN [localhost-startStop-1] org.apache.catalina.startup.HostConfig.deployDirectory Deployment of web application directory [C:\Users\Francisco\Desktop\Servicios\Programas\Tomcat 8.5\webapps\docs] has finished in [1.894] ms
10-Mar-2020 16:12:59.502 INFORMACIÓN [localhost-startStop-1] org.apache.catalina.startup.HostConfig.deployDirectory Desplegando el directorio [C:\Users\Francisco\Desktop\Servicios\Programas\Tomcat 8.5\webapps\examples] de la aplicación web
10-Mar-2020 16:13:02.710 INFORMACIÓN [localhost-startStop-1] org.apache.jasper.servlet.TldScanner.scanJars Al menos un JAR, que se ha explorado buscando TLDs, aún no contenía TLDs. Activar historial de depuración para este historiador para una completa lista de los JARs que fueron explorados y de los que nos se halló TLDs. Saltarse JARs no necesarios durante la exploración puede dar lugar a una mejora de tiempo significativa en el arranque y compilación de JSP .
10-Mar-2020 16:13:02.770 INFORMACIÓN [localhost-startStop-1] org.apache.catalina.startup.HostConfig.deployDirectory Deployment of web application directory [C:\Users\Francisco\Desktop\Servicios\Programas\Tomcat 8.5\webapps\examples] has finished in [3.268] ms
10-Mar-2020 16:13:02.771 INFORMACIÓN [localhost-startStop-1] org.apache.catalina.startup.HostConfig.deployDirectory Desplegando el directorio [C:\Users\Francisco\Desktop\Servicios\Programas\Tomcat 8.5\webapps\host-manager] de la aplicación web
10-Mar-2020 16:13:02.820 INFORMACIÓN [localhost-startStop-1] org.apache.catalina.startup.HostConfig.deployDirectory Deployment of web application directory [C:\Users\Francisco\Desktop\Servicios\Programas\Tomcat 8.5\webapps\host-manager] has finished in [49] ms
10-Mar-2020 16:13:02.821 INFORMACIÓN [localhost-startStop-1] org.apache.catalina.startup.HostConfig.deployDirectory Desplegando el directorio [C:\Users\Francisco\Desktop\Servicios\Programas\Tomcat 8.5\webapps\manager] de la aplicación web
10-Mar-2020 16:13:02.866 INFORMACIÓN [localhost-startStop-1] org.apache.catalina.startup.HostConfig.deployDirectory Deployment of web application directory [C:\Users\Francisco\Desktop\Servicios\Programas\Tomcat 8.5\webapps\manager] has finished in [44] ms
10-Mar-2020 16:13:02.867 INFORMACIÓN [localhost-startStop-1] org.apache.catalina.startup.HostConfig.deployDirectory Desplegando el directorio [C:\Users\Francisco\Desktop\Servicios\Programas\Tomcat 8.5\webapps\ROOT] de la aplicación web
10-Mar-2020 16:13:04.444 INFORMACIÓN [localhost-startStop-1] org.apache.jasper.servlet.TldScanner.scanJars Al menos un JAR, que se ha explorado buscando TLDs, aún no contenía TLDs. Activar historial de depuración para este historiador para una completa lista de los JARs que fueron explorados y de los que nos se halló TLDs. Saltarse JARs no necesarios durante la exploración puede dar lugar a una mejora de tiempo significativa en el arranque y compilación de JSP .
10-Mar-2020 16:13:04.447 INFORMACIÓN [localhost-startStop-1] org.apache.catalina.startup.HostConfig.deployDirectory Deployment of web application directory [C:\Users\Francisco\Desktop\Servicios\Programas\Tomcat 8.5\webapps\ROOT] has finished in [1.580] ms
10-Mar-2020 16:13:04.454 INFORMACIÓN [main] org.apache.coyote.AbstractProtocol.start Starting ProtocolHandler ["http-nio-8080"]
10-Mar-2020 16:13:04.472 INFORMACIÓN [main] org.apache.coyote.AbstractProtocol.start Starting ProtocolHandler ["ajp-nio-8009"]
10-Mar-2020 16:13:04.476 INFORMACIÓN [main] org.apache.catalina.startup.Catalina.start Server startup in 24764 ms
10-Mar-2020 16:49:45.927 INFORMACIÓN [Thread-8] org.apache.coyote.AbstractProtocol.pause Pausing ProtocolHandler ["http-nio-8080"]
10-Mar-2020 16:49:46.124 INFORMACIÓN [Thread-8] org.apache.coyote.AbstractProtocol.pause Pausing ProtocolHandler ["ajp-nio-8009"]
10-Mar-2020 16:49:46.287 INFORMACIÓN [Thread-8] org.apache.catalina.core.StandardService.stopInternal Parando servicio [Catalina]
10-Mar-2020 16:49:46.380 INFORMACIÓN [localhost-startStop-2] com.sun.xml.ws.transport.http.servlet.WSServletDelegate.destroy WSSERVLET15: el servlet de JAX-WS se ha destruido
10-Mar-2020 16:49:46.384 INFORMACIÓN [localhost-startStop-2] com.sun.xml.ws.server.WSEndpointImpl.closeManagedObjectManager Closing Metro monitoring root: com.sun.metro:pp=/,type=WSEndpoint,name=/DemoJAXWS-HelloWorldService-HelloWorldPort
10-Mar-2020 16:49:46.386 INFORMACIÓN [localhost-startStop-2] com.sun.xml.ws.transport.http.servlet.WSServletContextListener.contextDestroyed WSSERVLET13: el listener de contexto de JAX-WS se ha destruido
10-Mar-2020 16:49:46.387 INFORMACIÓN [localhost-startStop-2] com.sun.xml.ws.transport.http.servlet.WSServletContextListener.contextDestroyed WSSERVLET13: el listener de contexto de JAX-WS se ha destruido
10-Mar-2020 16:49:46.407 INFORMACIÓN [Thread-8] org.apache.coyote.AbstractProtocol.stop Stopping ProtocolHandler ["http-nio-8080"]
10-Mar-2020 16:49:46.413 INFORMACIÓN [Thread-8] org.apache.coyote.AbstractProtocol.stop Stopping ProtocolHandler ["ajp-nio-8009"]
10-Mar-2020 16:49:46.418 INFORMACIÓN [Thread-8] org.apache.coyote.AbstractProtocol.destroy Destroying ProtocolHandler ["http-nio-8080"]
10-Mar-2020 16:49:46.420 INFORMACIÓN [Thread-8] org.apache.coyote.AbstractProtocol.destroy Destroying ProtocolHandler ["ajp-nio-8009"]
