20-May-2020 15:16:55.252 INFORMACIÓN [main] org.apache.catalina.startup.VersionLoggerListener.log Nombre de la versión del servidor:   Apache Tomcat/8.5.50

20-May-2020 15:16:55.262 INFORMACIÓN [main] org.apache.catalina.startup.VersionLoggerListener.log Server built:          Dec 7 2019 19:19:46 UTC
20-May-2020 15:16:55.264 INFORMACIÓN [main] org.apache.catalina.startup.VersionLoggerListener.log Número de versión de servidor:         8.5.50.0
20-May-2020 15:16:55.265 INFORMACIÓN [main] org.apache.catalina.startup.VersionLoggerListener.log OS Name:               Windows 10
20-May-2020 15:16:55.267 INFORMACIÓN [main] org.apache.catalina.startup.VersionLoggerListener.log Versión de Systema Operativo:      10.0

20-May-2020 15:16:55.268 INFORMACIÓN [main] org.apache.catalina.startup.VersionLoggerListener.log Arquitectura:          amd64

20-May-2020 15:16:55.269 INFORMACIÓN [main] org.apache.catalina.startup.VersionLoggerListener.log Java Home:             C:\Program Files\Java\jdk1.8.0_201\jre
20-May-2020 15:16:55.270 INFORMACIÓN [main] org.apache.catalina.startup.VersionLoggerListener.log JVM Version:           1.8.0_201-b09
20-May-2020 15:16:55.270 INFORMACIÓN [main] org.apache.catalina.startup.VersionLoggerListener.log Vededor JVM:     Oracle Corporation
20-May-2020 15:16:55.270 INFORMACIÓN [main] org.apache.catalina.startup.VersionLoggerListener.log CATALINA_BASE:         C:\Users\lamad\Desktop\repo\Programas\Tomcat 8.5
20-May-2020 15:16:55.271 INFORMACIÓN [main] org.apache.catalina.startup.VersionLoggerListener.log CATALINA_HOME:         C:\Users\lamad\Desktop\repo\Programas\Tomcat 8.5
20-May-2020 15:16:55.272 INFORMACIÓN [main] org.apache.catalina.startup.VersionLoggerListener.log Command line argument: -Djava.util.logging.config.file=C:\Users\lamad\Desktop\repo\Programas\Tomcat 8.5\conf\logging.properties
20-May-2020 15:16:55.273 INFORMACIÓN [main] org.apache.catalina.startup.VersionLoggerListener.log Command line argument: -Djava.util.logging.manager=org.apache.juli.ClassLoaderLogManager
20-May-2020 15:16:55.279 INFORMACIÓN [main] org.apache.catalina.startup.VersionLoggerListener.log Command line argument: -Djdk.tls.ephemeralDHKeySize=2048
20-May-2020 15:16:55.280 INFORMACIÓN [main] org.apache.catalina.startup.VersionLoggerListener.log Command line argument: -Djava.protocol.handler.pkgs=org.apache.catalina.webresources
20-May-2020 15:16:55.282 INFORMACIÓN [main] org.apache.catalina.startup.VersionLoggerListener.log Command line argument: -Djava.endorsed.dirs=C:\Users\lamad\Desktop\repo\Programas\Tomcat 8.5\endorsed
20-May-2020 15:16:55.284 INFORMACIÓN [main] org.apache.catalina.startup.VersionLoggerListener.log Command line argument: -Dcatalina.base=C:\Users\lamad\Desktop\repo\Programas\Tomcat 8.5
20-May-2020 15:16:55.285 INFORMACIÓN [main] org.apache.catalina.startup.VersionLoggerListener.log Command line argument: -Dcatalina.home=C:\Users\lamad\Desktop\repo\Programas\Tomcat 8.5
20-May-2020 15:16:55.286 INFORMACIÓN [main] org.apache.catalina.startup.VersionLoggerListener.log Command line argument: -Djava.io.tmpdir=C:\Users\lamad\Desktop\repo\Programas\Tomcat 8.5\temp
20-May-2020 15:16:55.287 INFORMACIÓN [main] org.apache.catalina.core.AprLifecycleListener.lifecycleEvent La biblioteca nativa de Apache Tomcat basada en ARP que permite un rendimiento óptimo en entornos de desarrollo no ha sido hallada en java.library.path: [C:\Program Files\Java\jdk1.8.0_201\bin;C:\WINDOWS\Sun\Java\bin;C:\WINDOWS\system32;C:\WINDOWS;C:\Program Files (x86)\Common Files\Oracle\Java\javapath;C:\ProgramData\Oracle\Java\javapath;C:\Windows\system32;C:\Windows;C:\Windows\System32\Wbem;C:\Windows\System32\WindowsPowerShell\v1.0\;C:\Program Files (x86)\NVIDIA Corporation\PhysX\Common;C:\WINDOWS\system32;C:\WINDOWS;C:\WINDOWS\System32\Wbem;C:\WINDOWS\System32\WindowsPowerShell\v1.0\;C:\WINDOWS\System32\OpenSSH\;C:\Program Files\dotnet\;C:\Users\lamad\OneDrive\Escritorio\UC\4º año\SW2\practicas\practica 7\sonar-scanner-3.3.0.1492-windows\bin;C:\Program Files\NVIDIA Corporation\NVIDIA NvDLISR;C:\WINDOWS\system32;C:\WINDOWS;C:\WINDOWS\System32\Wbem;C:\WINDOWS\System32\WindowsPowerShell\v1.0\;C:\WINDOWS\System32\OpenSSH\;D:\Git\cmd;C:\Users\lamad\AppData\Local\Microsoft\WindowsApps;D:\Microsoft VS Code\bin;D:\UC\4º Curso\2º Cuatri 4º\Servicios Software\Repo con fran\Programas\apache-ant-1.9.14\bin;D:\apache-maven-3.6.3\bin;;C:\Users\lamad\Desktop\repositorio con fran\Programas\apache-ant-1.9.14\bin;;C:\Users\lamad\Desktop\repo\Programas\apache-ant-1.;C:\Users\lamad\AppData\Local\Microsoft\WindowsApps;;D:\Microsoft VS Code\bin;.]
20-May-2020 15:16:55.621 INFORMACIÓN [main] org.apache.coyote.AbstractProtocol.init Inicializando el manejador de protocolo ["http-nio-8080"]

20-May-2020 15:16:56.191 INFORMACIÓN [main] org.apache.tomcat.util.net.NioSelectorPool.getSharedSelector Using a shared selector for servlet write/read
20-May-2020 15:16:56.205 INFORMACIÓN [main] org.apache.coyote.AbstractProtocol.init Inicializando el manejador de protocolo ["ajp-nio-8009"]

20-May-2020 15:16:56.208 INFORMACIÓN [main] org.apache.tomcat.util.net.NioSelectorPool.getSharedSelector Using a shared selector for servlet write/read
20-May-2020 15:16:56.210 INFORMACIÓN [main] org.apache.catalina.startup.Catalina.load Initialization processed in 1720 ms
20-May-2020 15:16:56.269 INFORMACIÓN [main] org.apache.catalina.core.StandardService.startInternal Arrancando servicio [Catalina]
20-May-2020 15:16:56.270 INFORMACIÓN [main] org.apache.catalina.core.StandardEngine.startInternal Starting Servlet Engine: Apache Tomcat/8.5.50
20-May-2020 15:16:56.326 INFORMACIÓN [localhost-startStop-1] org.apache.catalina.startup.HostConfig.deployWAR Despliegue del archivo [C:\Users\lamad\Desktop\repo\Programas\Tomcat 8.5\webapps\axis2.war] de la aplicación web
20-May-2020 15:16:56.365 INFORMACIÓN [localhost-startStop-1] org.apache.catalina.startup.ExpandWar.expand An expanded directory [C:\Users\lamad\Desktop\repo\Programas\Tomcat 8.5\webapps\axis2] was found with a last modified time that did not match the associated WAR. It will be deleted.
20-May-2020 15:17:07.254 INFORMACIÓN [localhost-startStop-1] org.apache.jasper.servlet.TldScanner.scanJars Al menos un JAR, que se ha explorado buscando TLDs, aún no contenía TLDs. Activar historial de depuración para este historiador para una completa lista de los JARs que fueron explorados y de los que nos se halló TLDs. Saltarse JARs no necesarios durante la exploración puede dar lugar a una mejora de tiempo significativa en el arranque y compilación de JSP .
20-May-2020 15:17:10.431 INFORMACIÓN [localhost-startStop-1] org.apache.catalina.startup.HostConfig.deployWAR Deployment of web application archive [C:\Users\lamad\Desktop\repo\Programas\Tomcat 8.5\webapps\axis2.war] has finished in [14.103] ms
20-May-2020 15:17:10.434 INFORMACIÓN [localhost-startStop-1] org.apache.catalina.startup.HostConfig.deployWAR Despliegue del archivo [C:\Users\lamad\Desktop\repo\Programas\Tomcat 8.5\webapps\DemoJAXWS.war] de la aplicación web
20-May-2020 15:17:21.479 INFORMACIÓN [localhost-startStop-1] org.apache.jasper.servlet.TldScanner.scanJars Al menos un JAR, que se ha explorado buscando TLDs, aún no contenía TLDs. Activar historial de depuración para este historiador para una completa lista de los JARs que fueron explorados y de los que nos se halló TLDs. Saltarse JARs no necesarios durante la exploración puede dar lugar a una mejora de tiempo significativa en el arranque y compilación de JSP .
20-May-2020 15:17:35.103 INFORMACIÓN [localhost-startStop-1] com.sun.xml.ws.server.MonitorBase.createRoot Metro monitoring rootname successfully set to: com.sun.metro:pp=/,type=WSEndpoint,name=/DemoJAXWS-HelloWorldService-HelloWorldPort
20-May-2020 15:17:35.982 INFORMACIÓN [localhost-startStop-1] com.sun.xml.ws.transport.http.servlet.WSServletDelegate.<init> WSSERVLET14: inicializando el servlet de JAX-WS
20-May-2020 15:17:35.983 INFORMACIÓN [localhost-startStop-1] com.sun.xml.ws.transport.http.servlet.WSServletContextListener.contextInitialized WSSERVLET12: inicializando el listener de contexto de JAX-WS
20-May-2020 15:17:35.984 INFORMACIÓN [localhost-startStop-1] com.sun.xml.ws.transport.http.servlet.WSServletContextListener.contextInitialized WSSERVLET12: inicializando el listener de contexto de JAX-WS
20-May-2020 15:17:35.994 INFORMACIÓN [localhost-startStop-1] org.apache.catalina.startup.HostConfig.deployWAR Deployment of web application archive [C:\Users\lamad\Desktop\repo\Programas\Tomcat 8.5\webapps\DemoJAXWS.war] has finished in [25.560] ms
20-May-2020 15:17:35.998 INFORMACIÓN [localhost-startStop-1] org.apache.catalina.startup.HostConfig.deployWAR Despliegue del archivo [C:\Users\lamad\Desktop\repo\Programas\Tomcat 8.5\webapps\InfoParadas-0.0.1.war] de la aplicación web
20-May-2020 15:17:36.004 INFORMACIÓN [localhost-startStop-1] org.apache.catalina.startup.ExpandWar.expand An expanded directory [C:\Users\lamad\Desktop\repo\Programas\Tomcat 8.5\webapps\InfoParadas-0.0.1] was found with a last modified time that did not match the associated WAR. It will be deleted.
20-May-2020 15:17:41.380 INFORMACIÓN [localhost-startStop-1] org.apache.jasper.servlet.TldScanner.scanJars Al menos un JAR, que se ha explorado buscando TLDs, aún no contenía TLDs. Activar historial de depuración para este historiador para una completa lista de los JARs que fueron explorados y de los que nos se halló TLDs. Saltarse JARs no necesarios durante la exploración puede dar lugar a una mejora de tiempo significativa en el arranque y compilación de JSP .
20-May-2020 15:17:41.469 INFORMACIÓN [localhost-startStop-1] com.sun.xml.ws.server.MonitorBase.createRoot Metro monitoring rootname successfully set to: com.sun.metro:pp=/,type=WSEndpoint,name=/InfoParadas-0.0.1-InfoParadasService-InfoParadasPort
20-May-2020 15:17:41.524 INFORMACIÓN [localhost-startStop-1] com.sun.xml.ws.transport.http.servlet.WSServletDelegate.<init> WSSERVLET14: inicializando el servlet de JAX-WS
20-May-2020 15:17:41.525 INFORMACIÓN [localhost-startStop-1] com.sun.xml.ws.transport.http.servlet.WSServletContextListener.contextInitialized WSSERVLET12: inicializando el listener de contexto de JAX-WS
20-May-2020 15:17:41.526 INFORMACIÓN [localhost-startStop-1] com.sun.xml.ws.transport.http.servlet.WSServletContextListener.contextInitialized WSSERVLET12: inicializando el listener de contexto de JAX-WS
20-May-2020 15:17:41.532 INFORMACIÓN [localhost-startStop-1] org.apache.catalina.startup.HostConfig.deployWAR Deployment of web application archive [C:\Users\lamad\Desktop\repo\Programas\Tomcat 8.5\webapps\InfoParadas-0.0.1.war] has finished in [5.534] ms
20-May-2020 15:17:41.601 INFORMACIÓN [localhost-startStop-1] org.apache.catalina.startup.HostConfig.deployWAR Despliegue del archivo [C:\Users\lamad\Desktop\repo\Programas\Tomcat 8.5\webapps\ode.war] de la aplicación web
20-May-2020 15:17:41.606 INFORMACIÓN [localhost-startStop-1] org.apache.catalina.startup.ExpandWar.expand An expanded directory [C:\Users\lamad\Desktop\repo\Programas\Tomcat 8.5\webapps\ode] was found with a last modified time that did not match the associated WAR. It will be deleted.
20-May-2020 15:18:33.115 INFORMACIÓN [localhost-startStop-1] org.apache.jasper.servlet.TldScanner.scanJars Al menos un JAR, que se ha explorado buscando TLDs, aún no contenía TLDs. Activar historial de depuración para este historiador para una completa lista de los JARs que fueron explorados y de los que nos se halló TLDs. Saltarse JARs no necesarios durante la exploración puede dar lugar a una mejora de tiempo significativa en el arranque y compilación de JSP .
20-May-2020 15:18:48.807 INFORMACIÓN [localhost-startStop-1] org.apache.catalina.startup.HostConfig.deployWAR Deployment of web application archive [C:\Users\lamad\Desktop\repo\Programas\Tomcat 8.5\webapps\ode.war] has finished in [67.206] ms
20-May-2020 15:18:48.810 INFORMACIÓN [localhost-startStop-1] org.apache.catalina.startup.HostConfig.deployWAR Despliegue del archivo [C:\Users\lamad\Desktop\repo\Programas\Tomcat 8.5\webapps\P5_Servidor-0.0.1-SNAPSHOT.war] de la aplicación web
20-May-2020 15:18:48.814 INFORMACIÓN [localhost-startStop-1] org.apache.catalina.startup.ExpandWar.expand An expanded directory [C:\Users\lamad\Desktop\repo\Programas\Tomcat 8.5\webapps\P5_Servidor-0.0.1-SNAPSHOT] was found with a last modified time that did not match the associated WAR. It will be deleted.
20-May-2020 15:18:59.659 INFORMACIÓN [localhost-startStop-1] org.apache.jasper.servlet.TldScanner.scanJars Al menos un JAR, que se ha explorado buscando TLDs, aún no contenía TLDs. Activar historial de depuración para este historiador para una completa lista de los JARs que fueron explorados y de los que nos se halló TLDs. Saltarse JARs no necesarios durante la exploración puede dar lugar a una mejora de tiempo significativa en el arranque y compilación de JSP .
20-May-2020 15:19:01.958 INFORMACIÓN [localhost-startStop-1] org.apache.catalina.startup.HostConfig.deployWAR Deployment of web application archive [C:\Users\lamad\Desktop\repo\Programas\Tomcat 8.5\webapps\P5_Servidor-0.0.1-SNAPSHOT.war] has finished in [13.148] ms
20-May-2020 15:19:01.962 INFORMACIÓN [localhost-startStop-1] org.apache.catalina.startup.HostConfig.deployWAR Despliegue del archivo [C:\Users\lamad\Desktop\repo\Programas\Tomcat 8.5\webapps\P5_Servidor_Hiperenlaces-0.0.1-SNAPSHOT.war] de la aplicación web
20-May-2020 15:19:01.966 INFORMACIÓN [localhost-startStop-1] org.apache.catalina.startup.ExpandWar.expand An expanded directory [C:\Users\lamad\Desktop\repo\Programas\Tomcat 8.5\webapps\P5_Servidor_Hiperenlaces-0.0.1-SNAPSHOT] was found with a last modified time that did not match the associated WAR. It will be deleted.
20-May-2020 15:19:12.639 INFORMACIÓN [localhost-startStop-1] org.apache.jasper.servlet.TldScanner.scanJars Al menos un JAR, que se ha explorado buscando TLDs, aún no contenía TLDs. Activar historial de depuración para este historiador para una completa lista de los JARs que fueron explorados y de los que nos se halló TLDs. Saltarse JARs no necesarios durante la exploración puede dar lugar a una mejora de tiempo significativa en el arranque y compilación de JSP .
20-May-2020 15:19:14.920 INFORMACIÓN [localhost-startStop-1] org.apache.catalina.startup.HostConfig.deployWAR Deployment of web application archive [C:\Users\lamad\Desktop\repo\Programas\Tomcat 8.5\webapps\P5_Servidor_Hiperenlaces-0.0.1-SNAPSHOT.war] has finished in [12.958] ms
20-May-2020 15:19:14.921 INFORMACIÓN [localhost-startStop-1] org.apache.catalina.startup.HostConfig.deployDirectory Desplegando el directorio [C:\Users\lamad\Desktop\repo\Programas\Tomcat 8.5\webapps\docs] de la aplicación web
20-May-2020 15:19:18.961 INFORMACIÓN [localhost-startStop-1] org.apache.jasper.servlet.TldScanner.scanJars Al menos un JAR, que se ha explorado buscando TLDs, aún no contenía TLDs. Activar historial de depuración para este historiador para una completa lista de los JARs que fueron explorados y de los que nos se halló TLDs. Saltarse JARs no necesarios durante la exploración puede dar lugar a una mejora de tiempo significativa en el arranque y compilación de JSP .
20-May-2020 15:19:18.966 INFORMACIÓN [localhost-startStop-1] org.apache.catalina.startup.HostConfig.deployDirectory Deployment of web application directory [C:\Users\lamad\Desktop\repo\Programas\Tomcat 8.5\webapps\docs] has finished in [4.045] ms
20-May-2020 15:19:18.967 INFORMACIÓN [localhost-startStop-1] org.apache.catalina.startup.HostConfig.deployDirectory Desplegando el directorio [C:\Users\lamad\Desktop\repo\Programas\Tomcat 8.5\webapps\examples] de la aplicación web
20-May-2020 15:19:24.898 INFORMACIÓN [localhost-startStop-1] org.apache.jasper.servlet.TldScanner.scanJars Al menos un JAR, que se ha explorado buscando TLDs, aún no contenía TLDs. Activar historial de depuración para este historiador para una completa lista de los JARs que fueron explorados y de los que nos se halló TLDs. Saltarse JARs no necesarios durante la exploración puede dar lugar a una mejora de tiempo significativa en el arranque y compilación de JSP .
20-May-2020 15:19:24.960 INFORMACIÓN [localhost-startStop-1] org.apache.catalina.startup.HostConfig.deployDirectory Deployment of web application directory [C:\Users\lamad\Desktop\repo\Programas\Tomcat 8.5\webapps\examples] has finished in [5.993] ms
20-May-2020 15:19:24.960 INFORMACIÓN [localhost-startStop-1] org.apache.catalina.startup.HostConfig.deployDirectory Desplegando el directorio [C:\Users\lamad\Desktop\repo\Programas\Tomcat 8.5\webapps\host-manager] de la aplicación web
20-May-2020 15:19:25.026 INFORMACIÓN [localhost-startStop-1] org.apache.catalina.startup.HostConfig.deployDirectory Deployment of web application directory [C:\Users\lamad\Desktop\repo\Programas\Tomcat 8.5\webapps\host-manager] has finished in [66] ms
20-May-2020 15:19:25.027 INFORMACIÓN [localhost-startStop-1] org.apache.catalina.startup.HostConfig.deployDirectory Desplegando el directorio [C:\Users\lamad\Desktop\repo\Programas\Tomcat 8.5\webapps\manager] de la aplicación web
20-May-2020 15:19:25.075 INFORMACIÓN [localhost-startStop-1] org.apache.catalina.startup.HostConfig.deployDirectory Deployment of web application directory [C:\Users\lamad\Desktop\repo\Programas\Tomcat 8.5\webapps\manager] has finished in [48] ms
20-May-2020 15:19:25.075 INFORMACIÓN [localhost-startStop-1] org.apache.catalina.startup.HostConfig.deployDirectory Desplegando el directorio [C:\Users\lamad\Desktop\repo\Programas\Tomcat 8.5\webapps\ROOT] de la aplicación web
20-May-2020 15:19:29.220 INFORMACIÓN [localhost-startStop-1] org.apache.jasper.servlet.TldScanner.scanJars Al menos un JAR, que se ha explorado buscando TLDs, aún no contenía TLDs. Activar historial de depuración para este historiador para una completa lista de los JARs que fueron explorados y de los que nos se halló TLDs. Saltarse JARs no necesarios durante la exploración puede dar lugar a una mejora de tiempo significativa en el arranque y compilación de JSP .
20-May-2020 15:19:29.224 INFORMACIÓN [localhost-startStop-1] org.apache.catalina.startup.HostConfig.deployDirectory Deployment of web application directory [C:\Users\lamad\Desktop\repo\Programas\Tomcat 8.5\webapps\ROOT] has finished in [4.149] ms
20-May-2020 15:19:30.011 INFORMACIÓN [main] org.apache.coyote.AbstractProtocol.start Starting ProtocolHandler ["http-nio-8080"]
20-May-2020 15:19:30.332 INFORMACIÓN [main] org.apache.coyote.AbstractProtocol.start Starting ProtocolHandler ["ajp-nio-8009"]
20-May-2020 15:19:30.337 INFORMACIÓN [main] org.apache.catalina.startup.Catalina.start Server startup in 154125 ms
