20-Apr-2020 19:23:57.752 INFORMACIÓN [main] org.apache.catalina.startup.VersionLoggerListener.log Nombre de la versión del servidor:   Apache Tomcat/8.5.50

20-Apr-2020 19:23:57.755 INFORMACIÓN [main] org.apache.catalina.startup.VersionLoggerListener.log Server built:          Dec 7 2019 19:19:46 UTC
20-Apr-2020 19:23:57.757 INFORMACIÓN [main] org.apache.catalina.startup.VersionLoggerListener.log Número de versión de servidor:         8.5.50.0
20-Apr-2020 19:23:57.757 INFORMACIÓN [main] org.apache.catalina.startup.VersionLoggerListener.log OS Name:               Windows 10
20-Apr-2020 19:23:57.758 INFORMACIÓN [main] org.apache.catalina.startup.VersionLoggerListener.log Versión de Systema Operativo:      10.0

20-Apr-2020 19:23:57.758 INFORMACIÓN [main] org.apache.catalina.startup.VersionLoggerListener.log Arquitectura:          amd64

20-Apr-2020 19:23:57.758 INFORMACIÓN [main] org.apache.catalina.startup.VersionLoggerListener.log Java Home:             C:\Program Files\Java\jdk1.8.0_201\jre
20-Apr-2020 19:23:57.758 INFORMACIÓN [main] org.apache.catalina.startup.VersionLoggerListener.log JVM Version:           1.8.0_201-b09
20-Apr-2020 19:23:57.758 INFORMACIÓN [main] org.apache.catalina.startup.VersionLoggerListener.log Vededor JVM:     Oracle Corporation
20-Apr-2020 19:23:57.758 INFORMACIÓN [main] org.apache.catalina.startup.VersionLoggerListener.log CATALINA_BASE:         C:\Users\lamad\Desktop\repositorio con fran\Programas\Tomcat 8.5
20-Apr-2020 19:23:57.758 INFORMACIÓN [main] org.apache.catalina.startup.VersionLoggerListener.log CATALINA_HOME:         C:\Users\lamad\Desktop\repositorio con fran\Programas\Tomcat 8.5
20-Apr-2020 19:23:57.759 INFORMACIÓN [main] org.apache.catalina.startup.VersionLoggerListener.log Command line argument: -Djava.util.logging.config.file=C:\Users\lamad\Desktop\repositorio con fran\Programas\Tomcat 8.5\conf\logging.properties
20-Apr-2020 19:23:57.759 INFORMACIÓN [main] org.apache.catalina.startup.VersionLoggerListener.log Command line argument: -Djava.util.logging.manager=org.apache.juli.ClassLoaderLogManager
20-Apr-2020 19:23:57.759 INFORMACIÓN [main] org.apache.catalina.startup.VersionLoggerListener.log Command line argument: -Djdk.tls.ephemeralDHKeySize=2048
20-Apr-2020 19:23:57.760 INFORMACIÓN [main] org.apache.catalina.startup.VersionLoggerListener.log Command line argument: -Djava.protocol.handler.pkgs=org.apache.catalina.webresources
20-Apr-2020 19:23:57.760 INFORMACIÓN [main] org.apache.catalina.startup.VersionLoggerListener.log Command line argument: -Djava.endorsed.dirs=C:\Users\lamad\Desktop\repositorio con fran\Programas\Tomcat 8.5\endorsed
20-Apr-2020 19:23:57.761 INFORMACIÓN [main] org.apache.catalina.startup.VersionLoggerListener.log Command line argument: -Dcatalina.base=C:\Users\lamad\Desktop\repositorio con fran\Programas\Tomcat 8.5
20-Apr-2020 19:23:57.761 INFORMACIÓN [main] org.apache.catalina.startup.VersionLoggerListener.log Command line argument: -Dcatalina.home=C:\Users\lamad\Desktop\repositorio con fran\Programas\Tomcat 8.5
20-Apr-2020 19:23:57.762 INFORMACIÓN [main] org.apache.catalina.startup.VersionLoggerListener.log Command line argument: -Djava.io.tmpdir=C:\Users\lamad\Desktop\repositorio con fran\Programas\Tomcat 8.5\temp
20-Apr-2020 19:23:57.764 INFORMACIÓN [main] org.apache.catalina.core.AprLifecycleListener.lifecycleEvent La biblioteca nativa de Apache Tomcat basada en ARP que permite un rendimiento óptimo en entornos de desarrollo no ha sido hallada en java.library.path: [C:\Program Files\Java\jdk1.8.0_201\bin;C:\WINDOWS\Sun\Java\bin;C:\WINDOWS\system32;C:\WINDOWS;C:\Program Files (x86)\Common Files\Oracle\Java\javapath;C:\ProgramData\Oracle\Java\javapath;C:\Windows\system32;C:\Windows;C:\Windows\System32\Wbem;C:\Windows\System32\WindowsPowerShell\v1.0\;C:\Program Files (x86)\NVIDIA Corporation\PhysX\Common;C:\WINDOWS\system32;C:\WINDOWS;C:\WINDOWS\System32\Wbem;C:\WINDOWS\System32\WindowsPowerShell\v1.0\;C:\WINDOWS\System32\OpenSSH\;C:\Program Files\dotnet\;C:\Users\lamad\OneDrive\Escritorio\UC\4º año\SW2\practicas\practica 7\sonar-scanner-3.3.0.1492-windows\bin;C:\Program Files\NVIDIA Corporation\NVIDIA NvDLISR;C:\WINDOWS\system32;C:\WINDOWS;C:\WINDOWS\System32\Wbem;C:\WINDOWS\System32\WindowsPowerShell\v1.0\;C:\WINDOWS\System32\OpenSSH\;D:\Git\cmd;C:\Users\lamad\AppData\Local\Microsoft\WindowsApps;D:\Microsoft VS Code\bin;D:\UC\4º Curso\2º Cuatri 4º\Servicios Software\Repo con fran\Programas\apache-ant-1.9.14\bin;D:\apache-maven-3.6.3\bin;;C:\Users\lamad\Desktop\repositorio con fran\Programas\apache-ant-1.9.14\bin;C:\Users\lamad\AppData\Local\Microsoft\WindowsApps;;D:\Microsoft VS Code\bin;.]
20-Apr-2020 19:23:57.997 INFORMACIÓN [main] org.apache.coyote.AbstractProtocol.init Inicializando el manejador de protocolo ["http-nio-8080"]

20-Apr-2020 19:23:58.391 INFORMACIÓN [main] org.apache.tomcat.util.net.NioSelectorPool.getSharedSelector Using a shared selector for servlet write/read
20-Apr-2020 19:23:58.404 INFORMACIÓN [main] org.apache.coyote.AbstractProtocol.init Inicializando el manejador de protocolo ["ajp-nio-8009"]

20-Apr-2020 19:23:58.408 INFORMACIÓN [main] org.apache.tomcat.util.net.NioSelectorPool.getSharedSelector Using a shared selector for servlet write/read
20-Apr-2020 19:23:58.409 INFORMACIÓN [main] org.apache.catalina.startup.Catalina.load Initialization processed in 1198 ms
20-Apr-2020 19:23:58.461 INFORMACIÓN [main] org.apache.catalina.core.StandardService.startInternal Arrancando servicio [Catalina]
20-Apr-2020 19:23:58.461 INFORMACIÓN [main] org.apache.catalina.core.StandardEngine.startInternal Starting Servlet Engine: Apache Tomcat/8.5.50
20-Apr-2020 19:23:58.504 INFORMACIÓN [localhost-startStop-1] org.apache.catalina.startup.HostConfig.deployWAR Despliegue del archivo [C:\Users\lamad\Desktop\repositorio con fran\Programas\Tomcat 8.5\webapps\axis2.war] de la aplicación web
20-Apr-2020 19:23:58.532 INFORMACIÓN [localhost-startStop-1] org.apache.catalina.startup.ExpandWar.expand An expanded directory [C:\Users\lamad\Desktop\repositorio con fran\Programas\Tomcat 8.5\webapps\axis2] was found with a last modified time that did not match the associated WAR. It will be deleted.
20-Apr-2020 19:24:06.711 INFORMACIÓN [localhost-startStop-1] org.apache.jasper.servlet.TldScanner.scanJars Al menos un JAR, que se ha explorado buscando TLDs, aún no contenía TLDs. Activar historial de depuración para este historiador para una completa lista de los JARs que fueron explorados y de los que nos se halló TLDs. Saltarse JARs no necesarios durante la exploración puede dar lugar a una mejora de tiempo significativa en el arranque y compilación de JSP .
20-Apr-2020 19:24:08.704 INFORMACIÓN [localhost-startStop-1] org.apache.catalina.startup.HostConfig.deployWAR Deployment of web application archive [C:\Users\lamad\Desktop\repositorio con fran\Programas\Tomcat 8.5\webapps\axis2.war] has finished in [10.199] ms
20-Apr-2020 19:24:08.706 INFORMACIÓN [localhost-startStop-1] org.apache.catalina.startup.HostConfig.deployWAR Despliegue del archivo [C:\Users\lamad\Desktop\repositorio con fran\Programas\Tomcat 8.5\webapps\DemoJAXWS.war] de la aplicación web
20-Apr-2020 19:24:12.585 INFORMACIÓN [localhost-startStop-1] org.apache.jasper.servlet.TldScanner.scanJars Al menos un JAR, que se ha explorado buscando TLDs, aún no contenía TLDs. Activar historial de depuración para este historiador para una completa lista de los JARs que fueron explorados y de los que nos se halló TLDs. Saltarse JARs no necesarios durante la exploración puede dar lugar a una mejora de tiempo significativa en el arranque y compilación de JSP .
20-Apr-2020 19:24:14.620 INFORMACIÓN [localhost-startStop-1] com.sun.xml.ws.server.MonitorBase.createRoot Metro monitoring rootname successfully set to: com.sun.metro:pp=/,type=WSEndpoint,name=/DemoJAXWS-HelloWorldService-HelloWorldPort
20-Apr-2020 19:24:14.844 INFORMACIÓN [localhost-startStop-1] com.sun.xml.ws.transport.http.servlet.WSServletDelegate.<init> WSSERVLET14: inicializando el servlet de JAX-WS
20-Apr-2020 19:24:14.846 INFORMACIÓN [localhost-startStop-1] com.sun.xml.ws.transport.http.servlet.WSServletContextListener.contextInitialized WSSERVLET12: inicializando el listener de contexto de JAX-WS
20-Apr-2020 19:24:14.847 INFORMACIÓN [localhost-startStop-1] com.sun.xml.ws.transport.http.servlet.WSServletContextListener.contextInitialized WSSERVLET12: inicializando el listener de contexto de JAX-WS
20-Apr-2020 19:24:14.854 INFORMACIÓN [localhost-startStop-1] org.apache.catalina.startup.HostConfig.deployWAR Deployment of web application archive [C:\Users\lamad\Desktop\repositorio con fran\Programas\Tomcat 8.5\webapps\DemoJAXWS.war] has finished in [6.147] ms
20-Apr-2020 19:24:14.857 INFORMACIÓN [localhost-startStop-1] org.apache.catalina.startup.HostConfig.deployWAR Despliegue del archivo [C:\Users\lamad\Desktop\repositorio con fran\Programas\Tomcat 8.5\webapps\P5_Servidor-0.0.1-SNAPSHOT.war] de la aplicación web
20-Apr-2020 19:24:14.861 INFORMACIÓN [localhost-startStop-1] org.apache.catalina.startup.ExpandWar.expand An expanded directory [C:\Users\lamad\Desktop\repositorio con fran\Programas\Tomcat 8.5\webapps\P5_Servidor-0.0.1-SNAPSHOT] was found with a last modified time that did not match the associated WAR. It will be deleted.
20-Apr-2020 19:24:20.328 INFORMACIÓN [localhost-startStop-1] org.apache.jasper.servlet.TldScanner.scanJars Al menos un JAR, que se ha explorado buscando TLDs, aún no contenía TLDs. Activar historial de depuración para este historiador para una completa lista de los JARs que fueron explorados y de los que nos se halló TLDs. Saltarse JARs no necesarios durante la exploración puede dar lugar a una mejora de tiempo significativa en el arranque y compilación de JSP .
20-Apr-2020 19:24:21.912 INFORMACIÓN [localhost-startStop-1] org.apache.catalina.startup.HostConfig.deployWAR Deployment of web application archive [C:\Users\lamad\Desktop\repositorio con fran\Programas\Tomcat 8.5\webapps\P5_Servidor-0.0.1-SNAPSHOT.war] has finished in [7.055] ms
20-Apr-2020 19:24:21.919 INFORMACIÓN [localhost-startStop-1] org.apache.catalina.startup.HostConfig.deployWAR Despliegue del archivo [C:\Users\lamad\Desktop\repositorio con fran\Programas\Tomcat 8.5\webapps\P5_Servidor_Hiperenlaces-0.0.1-SNAPSHOT.war] de la aplicación web
20-Apr-2020 19:24:21.922 INFORMACIÓN [localhost-startStop-1] org.apache.catalina.startup.ExpandWar.expand An expanded directory [C:\Users\lamad\Desktop\repositorio con fran\Programas\Tomcat 8.5\webapps\P5_Servidor_Hiperenlaces-0.0.1-SNAPSHOT] was found with a last modified time that did not match the associated WAR. It will be deleted.
20-Apr-2020 19:24:26.792 INFORMACIÓN [localhost-startStop-1] org.apache.jasper.servlet.TldScanner.scanJars Al menos un JAR, que se ha explorado buscando TLDs, aún no contenía TLDs. Activar historial de depuración para este historiador para una completa lista de los JARs que fueron explorados y de los que nos se halló TLDs. Saltarse JARs no necesarios durante la exploración puede dar lugar a una mejora de tiempo significativa en el arranque y compilación de JSP .
20-Apr-2020 19:24:28.329 INFORMACIÓN [localhost-startStop-1] org.apache.catalina.startup.HostConfig.deployWAR Deployment of web application archive [C:\Users\lamad\Desktop\repositorio con fran\Programas\Tomcat 8.5\webapps\P5_Servidor_Hiperenlaces-0.0.1-SNAPSHOT.war] has finished in [6.410] ms
20-Apr-2020 19:24:28.330 INFORMACIÓN [localhost-startStop-1] org.apache.catalina.startup.HostConfig.deployDirectory Desplegando el directorio [C:\Users\lamad\Desktop\repositorio con fran\Programas\Tomcat 8.5\webapps\docs] de la aplicación web
20-Apr-2020 19:24:31.258 INFORMACIÓN [localhost-startStop-1] org.apache.jasper.servlet.TldScanner.scanJars Al menos un JAR, que se ha explorado buscando TLDs, aún no contenía TLDs. Activar historial de depuración para este historiador para una completa lista de los JARs que fueron explorados y de los que nos se halló TLDs. Saltarse JARs no necesarios durante la exploración puede dar lugar a una mejora de tiempo significativa en el arranque y compilación de JSP .
20-Apr-2020 19:24:31.263 INFORMACIÓN [localhost-startStop-1] org.apache.catalina.startup.HostConfig.deployDirectory Deployment of web application directory [C:\Users\lamad\Desktop\repositorio con fran\Programas\Tomcat 8.5\webapps\docs] has finished in [2.933] ms
20-Apr-2020 19:24:31.263 INFORMACIÓN [localhost-startStop-1] org.apache.catalina.startup.HostConfig.deployDirectory Desplegando el directorio [C:\Users\lamad\Desktop\repositorio con fran\Programas\Tomcat 8.5\webapps\examples] de la aplicación web
20-Apr-2020 19:24:35.980 INFORMACIÓN [localhost-startStop-1] org.apache.jasper.servlet.TldScanner.scanJars Al menos un JAR, que se ha explorado buscando TLDs, aún no contenía TLDs. Activar historial de depuración para este historiador para una completa lista de los JARs que fueron explorados y de los que nos se halló TLDs. Saltarse JARs no necesarios durante la exploración puede dar lugar a una mejora de tiempo significativa en el arranque y compilación de JSP .
20-Apr-2020 19:24:36.142 INFORMACIÓN [localhost-startStop-1] org.apache.catalina.startup.HostConfig.deployDirectory Deployment of web application directory [C:\Users\lamad\Desktop\repositorio con fran\Programas\Tomcat 8.5\webapps\examples] has finished in [4.878] ms
20-Apr-2020 19:24:36.143 INFORMACIÓN [localhost-startStop-1] org.apache.catalina.startup.HostConfig.deployDirectory Desplegando el directorio [C:\Users\lamad\Desktop\repositorio con fran\Programas\Tomcat 8.5\webapps\host-manager] de la aplicación web
20-Apr-2020 19:24:36.218 INFORMACIÓN [localhost-startStop-1] org.apache.catalina.startup.HostConfig.deployDirectory Deployment of web application directory [C:\Users\lamad\Desktop\repositorio con fran\Programas\Tomcat 8.5\webapps\host-manager] has finished in [75] ms
20-Apr-2020 19:24:36.218 INFORMACIÓN [localhost-startStop-1] org.apache.catalina.startup.HostConfig.deployDirectory Desplegando el directorio [C:\Users\lamad\Desktop\repositorio con fran\Programas\Tomcat 8.5\webapps\manager] de la aplicación web
20-Apr-2020 19:24:36.312 INFORMACIÓN [localhost-startStop-1] org.apache.catalina.startup.HostConfig.deployDirectory Deployment of web application directory [C:\Users\lamad\Desktop\repositorio con fran\Programas\Tomcat 8.5\webapps\manager] has finished in [94] ms
20-Apr-2020 19:24:36.313 INFORMACIÓN [localhost-startStop-1] org.apache.catalina.startup.HostConfig.deployDirectory Desplegando el directorio [C:\Users\lamad\Desktop\repositorio con fran\Programas\Tomcat 8.5\webapps\ROOT] de la aplicación web
20-Apr-2020 19:24:41.443 INFORMACIÓN [localhost-startStop-1] org.apache.jasper.servlet.TldScanner.scanJars Al menos un JAR, que se ha explorado buscando TLDs, aún no contenía TLDs. Activar historial de depuración para este historiador para una completa lista de los JARs que fueron explorados y de los que nos se halló TLDs. Saltarse JARs no necesarios durante la exploración puede dar lugar a una mejora de tiempo significativa en el arranque y compilación de JSP .
20-Apr-2020 19:24:41.462 INFORMACIÓN [localhost-startStop-1] org.apache.catalina.startup.HostConfig.deployDirectory Deployment of web application directory [C:\Users\lamad\Desktop\repositorio con fran\Programas\Tomcat 8.5\webapps\ROOT] has finished in [5.150] ms
20-Apr-2020 19:24:46.448 INFORMACIÓN [main] org.apache.coyote.AbstractProtocol.start Starting ProtocolHandler ["http-nio-8080"]
20-Apr-2020 19:24:46.808 INFORMACIÓN [main] org.apache.coyote.AbstractProtocol.start Starting ProtocolHandler ["ajp-nio-8009"]
20-Apr-2020 19:24:46.812 INFORMACIÓN [main] org.apache.catalina.startup.Catalina.start Server startup in 48403 ms
20-Apr-2020 19:28:38.398 INFORMACIÓN [ContainerBackgroundProcessor[StandardEngine[Catalina]]] org.apache.catalina.startup.HostConfig.undeploy Repliegue (undeploy) de la aplicación web que tiene como trayectoria de contexto [/P5_Servidor-0.0.1-SNAPSHOT]
20-Apr-2020 19:28:38.557 INFORMACIÓN [localhost-startStop-2] org.apache.catalina.startup.HostConfig.deployWAR Despliegue del archivo [C:\Users\lamad\Desktop\repositorio con fran\Programas\Tomcat 8.5\webapps\P5_Servidor-0.0.1-SNAPSHOT.war] de la aplicación web
20-Apr-2020 19:28:44.128 INFORMACIÓN [localhost-startStop-2] org.apache.jasper.servlet.TldScanner.scanJars Al menos un JAR, que se ha explorado buscando TLDs, aún no contenía TLDs. Activar historial de depuración para este historiador para una completa lista de los JARs que fueron explorados y de los que nos se halló TLDs. Saltarse JARs no necesarios durante la exploración puede dar lugar a una mejora de tiempo significativa en el arranque y compilación de JSP .
20-Apr-2020 19:28:46.307 INFORMACIÓN [localhost-startStop-2] org.apache.catalina.startup.HostConfig.deployWAR Deployment of web application archive [C:\Users\lamad\Desktop\repositorio con fran\Programas\Tomcat 8.5\webapps\P5_Servidor-0.0.1-SNAPSHOT.war] has finished in [7.750] ms
20-Apr-2020 19:30:46.399 INFORMACIÓN [ContainerBackgroundProcessor[StandardEngine[Catalina]]] org.apache.catalina.startup.HostConfig.undeploy Repliegue (undeploy) de la aplicación web que tiene como trayectoria de contexto [/P5_Servidor-0.0.1-SNAPSHOT]
20-Apr-2020 19:30:46.461 INFORMACIÓN [localhost-startStop-3] org.apache.catalina.startup.HostConfig.deployWAR Despliegue del archivo [C:\Users\lamad\Desktop\repositorio con fran\Programas\Tomcat 8.5\webapps\P5_Servidor-0.0.1-SNAPSHOT.war] de la aplicación web
20-Apr-2020 19:30:51.199 INFORMACIÓN [localhost-startStop-3] org.apache.jasper.servlet.TldScanner.scanJars Al menos un JAR, que se ha explorado buscando TLDs, aún no contenía TLDs. Activar historial de depuración para este historiador para una completa lista de los JARs que fueron explorados y de los que nos se halló TLDs. Saltarse JARs no necesarios durante la exploración puede dar lugar a una mejora de tiempo significativa en el arranque y compilación de JSP .
20-Apr-2020 19:30:52.698 INFORMACIÓN [localhost-startStop-3] org.apache.catalina.startup.HostConfig.deployWAR Deployment of web application archive [C:\Users\lamad\Desktop\repositorio con fran\Programas\Tomcat 8.5\webapps\P5_Servidor-0.0.1-SNAPSHOT.war] has finished in [6.237] ms
20-Apr-2020 19:34:02.835 INFORMACIÓN [ContainerBackgroundProcessor[StandardEngine[Catalina]]] org.apache.catalina.startup.HostConfig.undeploy Repliegue (undeploy) de la aplicación web que tiene como trayectoria de contexto [/P5_Servidor-0.0.1-SNAPSHOT]
20-Apr-2020 19:34:02.905 INFORMACIÓN [localhost-startStop-4] org.apache.catalina.startup.HostConfig.deployWAR Despliegue del archivo [C:\Users\lamad\Desktop\repositorio con fran\Programas\Tomcat 8.5\webapps\P5_Servidor-0.0.1-SNAPSHOT.war] de la aplicación web
20-Apr-2020 19:34:07.781 INFORMACIÓN [localhost-startStop-4] org.apache.jasper.servlet.TldScanner.scanJars Al menos un JAR, que se ha explorado buscando TLDs, aún no contenía TLDs. Activar historial de depuración para este historiador para una completa lista de los JARs que fueron explorados y de los que nos se halló TLDs. Saltarse JARs no necesarios durante la exploración puede dar lugar a una mejora de tiempo significativa en el arranque y compilación de JSP .
20-Apr-2020 19:34:09.309 INFORMACIÓN [localhost-startStop-4] org.apache.catalina.startup.HostConfig.deployWAR Deployment of web application archive [C:\Users\lamad\Desktop\repositorio con fran\Programas\Tomcat 8.5\webapps\P5_Servidor-0.0.1-SNAPSHOT.war] has finished in [6.403] ms
