13-Apr-2020 11:36:49.623 INFORMACIÓN [main] org.apache.catalina.startup.VersionLoggerListener.log Nombre de la versión del servidor:   Apache Tomcat/8.5.50

13-Apr-2020 11:36:49.626 INFORMACIÓN [main] org.apache.catalina.startup.VersionLoggerListener.log Server built:          Dec 7 2019 19:19:46 UTC
13-Apr-2020 11:36:49.629 INFORMACIÓN [main] org.apache.catalina.startup.VersionLoggerListener.log Número de versión de servidor:         8.5.50.0
13-Apr-2020 11:36:49.629 INFORMACIÓN [main] org.apache.catalina.startup.VersionLoggerListener.log OS Name:               Windows 10
13-Apr-2020 11:36:49.629 INFORMACIÓN [main] org.apache.catalina.startup.VersionLoggerListener.log Versión de Systema Operativo:      10.0

13-Apr-2020 11:36:49.630 INFORMACIÓN [main] org.apache.catalina.startup.VersionLoggerListener.log Arquitectura:          amd64

13-Apr-2020 11:36:49.631 INFORMACIÓN [main] org.apache.catalina.startup.VersionLoggerListener.log Java Home:             C:\Program Files\Java\jre1.8.0_241
13-Apr-2020 11:36:49.631 INFORMACIÓN [main] org.apache.catalina.startup.VersionLoggerListener.log JVM Version:           1.8.0_241-b07
13-Apr-2020 11:36:49.631 INFORMACIÓN [main] org.apache.catalina.startup.VersionLoggerListener.log Vededor JVM:     Oracle Corporation
13-Apr-2020 11:36:49.631 INFORMACIÓN [main] org.apache.catalina.startup.VersionLoggerListener.log CATALINA_BASE:         C:\Users\Franky\Desktop\Servicios\servicios20192020\Programas\Tomcat 8.5
13-Apr-2020 11:36:49.631 INFORMACIÓN [main] org.apache.catalina.startup.VersionLoggerListener.log CATALINA_HOME:         C:\Users\Franky\Desktop\Servicios\servicios20192020\Programas\Tomcat 8.5
13-Apr-2020 11:36:49.631 INFORMACIÓN [main] org.apache.catalina.startup.VersionLoggerListener.log Command line argument: -Djava.util.logging.config.file=C:\Users\Franky\Desktop\Servicios\servicios20192020\Programas\Tomcat 8.5\conf\logging.properties
13-Apr-2020 11:36:49.631 INFORMACIÓN [main] org.apache.catalina.startup.VersionLoggerListener.log Command line argument: -Djava.util.logging.manager=org.apache.juli.ClassLoaderLogManager
13-Apr-2020 11:36:49.631 INFORMACIÓN [main] org.apache.catalina.startup.VersionLoggerListener.log Command line argument: -Djdk.tls.ephemeralDHKeySize=2048
13-Apr-2020 11:36:49.632 INFORMACIÓN [main] org.apache.catalina.startup.VersionLoggerListener.log Command line argument: -Djava.protocol.handler.pkgs=org.apache.catalina.webresources
13-Apr-2020 11:36:49.632 INFORMACIÓN [main] org.apache.catalina.startup.VersionLoggerListener.log Command line argument: -Djava.endorsed.dirs=C:\Users\Franky\Desktop\Servicios\servicios20192020\Programas\Tomcat 8.5\endorsed
13-Apr-2020 11:36:49.632 INFORMACIÓN [main] org.apache.catalina.startup.VersionLoggerListener.log Command line argument: -Dcatalina.base=C:\Users\Franky\Desktop\Servicios\servicios20192020\Programas\Tomcat 8.5
13-Apr-2020 11:36:49.632 INFORMACIÓN [main] org.apache.catalina.startup.VersionLoggerListener.log Command line argument: -Dcatalina.home=C:\Users\Franky\Desktop\Servicios\servicios20192020\Programas\Tomcat 8.5
13-Apr-2020 11:36:49.632 INFORMACIÓN [main] org.apache.catalina.startup.VersionLoggerListener.log Command line argument: -Djava.io.tmpdir=C:\Users\Franky\Desktop\Servicios\servicios20192020\Programas\Tomcat 8.5\temp
13-Apr-2020 11:36:49.632 INFORMACIÓN [main] org.apache.catalina.core.AprLifecycleListener.lifecycleEvent La biblioteca nativa de Apache Tomcat basada en ARP que permite un rendimiento óptimo en entornos de desarrollo no ha sido hallada en java.library.path: [C:\Program Files\Java\jre1.8.0_241\bin;C:\Windows\Sun\Java\bin;C:\Windows\system32;C:\Windows;C:\Program Files (x86)\Common Files\Oracle\Java\javapath;C:\Windows\system32;C:\Windows;C:\Windows\System32\Wbem;C:\Windows\System32\WindowsPowerShell\v1.0\;C:\Windows\System32\OpenSSH\;C:\apache-maven-3.6.2\bin;C:\ProgramData\chocolatey\bin;C:\Program Files\dotnet\;C:\Program Files\nodejs\;C:\Program Files\Microsoft SQL Server\130\Tools\Binn\;C:\HashiCorp\Vagrant\bin;C:\Program Files (x86)\Yarn\bin\;C:\opencv\build\x64\vc15\bin;C:\Program Files (x86)\Steam\steamapps\common\Blender;C:\Program Files\Git\cmd;C:\Program Files\PuTTY\;C:\Users\Franky\AppData\Local\Programs\Python\Python38-32\Scripts\;C:\Users\Franky\AppData\Local\Programs\Python\Python38-32\;C:\Users\Franky\AppData\Local\Microsoft\WindowsApps;C:\Program Files (x86)\Mikero\DePboTools\bin;C:\Users\Franky\AppData\Roaming\npm;C:\Users\Franky\AppData\Local\Programs\Microsoft VS Code\bin;C:\Users\Franky\AppData\Roaming\Dashlane\6.1950.0.28527\bin\Firefox_Extension\{442718d9-475e-452a-b3e1-fb1ee16b8e9f}\components;C:\Users\Franky\AppData\Roaming\Dashlane;C:\Users\Franky\AppData\Local\Programs\Python\Python38-32\Scripts\;C:\Users\Franky\AppData\Local\Programs\Python\Python38-32\;C:\Users\Franky\AppData\Local\Microsoft\WindowsApps;C:\Program Files (x86)\Mikero\DePboTools\bin;C:\Users\Franky\AppData\Roaming\npm;C:\Users\Franky\AppData\Local\Programs\Microsoft VS Code\bin;C:\Users\Franky\AppData\Roaming\Dashlane\6.1950.0.28527\bin\Firefox_Extension\{442718d9-475e-452a-b3e1-fb1ee16b8e9f}\components;C:\Users\Franky\AppData\Roaming\Dashlane\6.1950.0.28527\ucrt;C:\Users\Franky\AppData\Roaming\Dashlane\6.1950.0.28527\bin\Qt;C:\Users\Franky\AppData\Roaming\Dashlane\6.1950.0.28527\bin\Ssl;C:\Users\Franky\AppData\Local\Yarn\bin;.]
13-Apr-2020 11:36:49.997 INFORMACIÓN [main] org.apache.coyote.AbstractProtocol.init Inicializando el manejador de protocolo ["http-nio-8080"]

13-Apr-2020 11:36:50.116 INFORMACIÓN [main] org.apache.tomcat.util.net.NioSelectorPool.getSharedSelector Using a shared selector for servlet write/read
13-Apr-2020 11:36:50.127 INFORMACIÓN [main] org.apache.coyote.AbstractProtocol.init Inicializando el manejador de protocolo ["ajp-nio-8009"]

13-Apr-2020 11:36:50.128 INFORMACIÓN [main] org.apache.tomcat.util.net.NioSelectorPool.getSharedSelector Using a shared selector for servlet write/read
13-Apr-2020 11:36:50.129 INFORMACIÓN [main] org.apache.catalina.startup.Catalina.load Initialization processed in 789 ms
13-Apr-2020 11:36:50.153 INFORMACIÓN [main] org.apache.catalina.core.StandardService.startInternal Arrancando servicio [Catalina]
13-Apr-2020 11:36:50.153 INFORMACIÓN [main] org.apache.catalina.core.StandardEngine.startInternal Starting Servlet Engine: Apache Tomcat/8.5.50
13-Apr-2020 11:36:50.179 INFORMACIÓN [localhost-startStop-1] org.apache.catalina.startup.HostConfig.deployWAR Despliegue del archivo [C:\Users\Franky\Desktop\Servicios\servicios20192020\Programas\Tomcat 8.5\webapps\axis2.war] de la aplicación web
13-Apr-2020 11:36:53.503 INFORMACIÓN [localhost-startStop-1] org.apache.jasper.servlet.TldScanner.scanJars Al menos un JAR, que se ha explorado buscando TLDs, aún no contenía TLDs. Activar historial de depuración para este historiador para una completa lista de los JARs que fueron explorados y de los que nos se halló TLDs. Saltarse JARs no necesarios durante la exploración puede dar lugar a una mejora de tiempo significativa en el arranque y compilación de JSP .
13-Apr-2020 11:36:54.459 INFORMACIÓN [localhost-startStop-1] org.apache.catalina.startup.HostConfig.deployWAR Deployment of web application archive [C:\Users\Franky\Desktop\Servicios\servicios20192020\Programas\Tomcat 8.5\webapps\axis2.war] has finished in [4.280] ms
13-Apr-2020 11:36:54.460 INFORMACIÓN [localhost-startStop-1] org.apache.catalina.startup.HostConfig.deployWAR Despliegue del archivo [C:\Users\Franky\Desktop\Servicios\servicios20192020\Programas\Tomcat 8.5\webapps\DemoJAXWS.war] de la aplicación web
13-Apr-2020 11:36:56.052 INFORMACIÓN [localhost-startStop-1] org.apache.jasper.servlet.TldScanner.scanJars Al menos un JAR, que se ha explorado buscando TLDs, aún no contenía TLDs. Activar historial de depuración para este historiador para una completa lista de los JARs que fueron explorados y de los que nos se halló TLDs. Saltarse JARs no necesarios durante la exploración puede dar lugar a una mejora de tiempo significativa en el arranque y compilación de JSP .
13-Apr-2020 11:36:57.386 INFORMACIÓN [localhost-startStop-1] com.sun.xml.ws.server.MonitorBase.createRoot Metro monitoring rootname successfully set to: com.sun.metro:pp=/,type=WSEndpoint,name=/DemoJAXWS-HelloWorldService-HelloWorldPort
13-Apr-2020 11:36:57.539 INFORMACIÓN [localhost-startStop-1] com.sun.xml.ws.transport.http.servlet.WSServletDelegate.<init> WSSERVLET14: inicializando el servlet de JAX-WS
13-Apr-2020 11:36:57.540 INFORMACIÓN [localhost-startStop-1] com.sun.xml.ws.transport.http.servlet.WSServletContextListener.contextInitialized WSSERVLET12: inicializando el listener de contexto de JAX-WS
13-Apr-2020 11:36:57.542 INFORMACIÓN [localhost-startStop-1] com.sun.xml.ws.transport.http.servlet.WSServletContextListener.contextInitialized WSSERVLET12: inicializando el listener de contexto de JAX-WS
13-Apr-2020 11:36:57.545 INFORMACIÓN [localhost-startStop-1] org.apache.catalina.startup.HostConfig.deployWAR Deployment of web application archive [C:\Users\Franky\Desktop\Servicios\servicios20192020\Programas\Tomcat 8.5\webapps\DemoJAXWS.war] has finished in [3.085] ms
13-Apr-2020 11:36:57.548 INFORMACIÓN [localhost-startStop-1] org.apache.catalina.startup.HostConfig.deployWAR Despliegue del archivo [C:\Users\Franky\Desktop\Servicios\servicios20192020\Programas\Tomcat 8.5\webapps\P5_Servidor-0.0.1-SNAPSHOT.war] de la aplicación web
13-Apr-2020 11:36:59.834 INFORMACIÓN [localhost-startStop-1] org.apache.jasper.servlet.TldScanner.scanJars Al menos un JAR, que se ha explorado buscando TLDs, aún no contenía TLDs. Activar historial de depuración para este historiador para una completa lista de los JARs que fueron explorados y de los que nos se halló TLDs. Saltarse JARs no necesarios durante la exploración puede dar lugar a una mejora de tiempo significativa en el arranque y compilación de JSP .
13-Apr-2020 11:37:00.697 INFORMACIÓN [localhost-startStop-1] org.apache.catalina.startup.HostConfig.deployWAR Deployment of web application archive [C:\Users\Franky\Desktop\Servicios\servicios20192020\Programas\Tomcat 8.5\webapps\P5_Servidor-0.0.1-SNAPSHOT.war] has finished in [3.150] ms
13-Apr-2020 11:37:00.698 INFORMACIÓN [localhost-startStop-1] org.apache.catalina.startup.HostConfig.deployWAR Despliegue del archivo [C:\Users\Franky\Desktop\Servicios\servicios20192020\Programas\Tomcat 8.5\webapps\P5_Servidor_Hiperenlaces-0.0.1-SNAPSHOT.war] de la aplicación web
13-Apr-2020 11:37:02.918 INFORMACIÓN [localhost-startStop-1] org.apache.jasper.servlet.TldScanner.scanJars Al menos un JAR, que se ha explorado buscando TLDs, aún no contenía TLDs. Activar historial de depuración para este historiador para una completa lista de los JARs que fueron explorados y de los que nos se halló TLDs. Saltarse JARs no necesarios durante la exploración puede dar lugar a una mejora de tiempo significativa en el arranque y compilación de JSP .
13-Apr-2020 11:37:03.691 INFORMACIÓN [localhost-startStop-1] org.apache.catalina.startup.HostConfig.deployWAR Deployment of web application archive [C:\Users\Franky\Desktop\Servicios\servicios20192020\Programas\Tomcat 8.5\webapps\P5_Servidor_Hiperenlaces-0.0.1-SNAPSHOT.war] has finished in [2.993] ms
13-Apr-2020 11:37:03.693 INFORMACIÓN [localhost-startStop-1] org.apache.catalina.startup.HostConfig.deployDirectory Desplegando el directorio [C:\Users\Franky\Desktop\Servicios\servicios20192020\Programas\Tomcat 8.5\webapps\docs] de la aplicación web
13-Apr-2020 11:37:05.171 INFORMACIÓN [localhost-startStop-1] org.apache.jasper.servlet.TldScanner.scanJars Al menos un JAR, que se ha explorado buscando TLDs, aún no contenía TLDs. Activar historial de depuración para este historiador para una completa lista de los JARs que fueron explorados y de los que nos se halló TLDs. Saltarse JARs no necesarios durante la exploración puede dar lugar a una mejora de tiempo significativa en el arranque y compilación de JSP .
13-Apr-2020 11:37:05.173 INFORMACIÓN [localhost-startStop-1] org.apache.catalina.startup.HostConfig.deployDirectory Deployment of web application directory [C:\Users\Franky\Desktop\Servicios\servicios20192020\Programas\Tomcat 8.5\webapps\docs] has finished in [1.480] ms
13-Apr-2020 11:37:05.174 INFORMACIÓN [localhost-startStop-1] org.apache.catalina.startup.HostConfig.deployDirectory Desplegando el directorio [C:\Users\Franky\Desktop\Servicios\servicios20192020\Programas\Tomcat 8.5\webapps\examples] de la aplicación web
13-Apr-2020 11:37:06.772 INFORMACIÓN [localhost-startStop-1] org.apache.jasper.servlet.TldScanner.scanJars Al menos un JAR, que se ha explorado buscando TLDs, aún no contenía TLDs. Activar historial de depuración para este historiador para una completa lista de los JARs que fueron explorados y de los que nos se halló TLDs. Saltarse JARs no necesarios durante la exploración puede dar lugar a una mejora de tiempo significativa en el arranque y compilación de JSP .
13-Apr-2020 11:37:06.807 INFORMACIÓN [localhost-startStop-1] org.apache.catalina.startup.HostConfig.deployDirectory Deployment of web application directory [C:\Users\Franky\Desktop\Servicios\servicios20192020\Programas\Tomcat 8.5\webapps\examples] has finished in [1.633] ms
13-Apr-2020 11:37:06.808 INFORMACIÓN [localhost-startStop-1] org.apache.catalina.startup.HostConfig.deployDirectory Desplegando el directorio [C:\Users\Franky\Desktop\Servicios\servicios20192020\Programas\Tomcat 8.5\webapps\host-manager] de la aplicación web
13-Apr-2020 11:37:06.834 INFORMACIÓN [localhost-startStop-1] org.apache.catalina.startup.HostConfig.deployDirectory Deployment of web application directory [C:\Users\Franky\Desktop\Servicios\servicios20192020\Programas\Tomcat 8.5\webapps\host-manager] has finished in [26] ms
13-Apr-2020 11:37:06.835 INFORMACIÓN [localhost-startStop-1] org.apache.catalina.startup.HostConfig.deployDirectory Desplegando el directorio [C:\Users\Franky\Desktop\Servicios\servicios20192020\Programas\Tomcat 8.5\webapps\manager] de la aplicación web
13-Apr-2020 11:37:06.862 INFORMACIÓN [localhost-startStop-1] org.apache.catalina.startup.HostConfig.deployDirectory Deployment of web application directory [C:\Users\Franky\Desktop\Servicios\servicios20192020\Programas\Tomcat 8.5\webapps\manager] has finished in [27] ms
13-Apr-2020 11:37:06.863 INFORMACIÓN [localhost-startStop-1] org.apache.catalina.startup.HostConfig.deployDirectory Desplegando el directorio [C:\Users\Franky\Desktop\Servicios\servicios20192020\Programas\Tomcat 8.5\webapps\ROOT] de la aplicación web
13-Apr-2020 11:37:08.263 INFORMACIÓN [localhost-startStop-1] org.apache.jasper.servlet.TldScanner.scanJars Al menos un JAR, que se ha explorado buscando TLDs, aún no contenía TLDs. Activar historial de depuración para este historiador para una completa lista de los JARs que fueron explorados y de los que nos se halló TLDs. Saltarse JARs no necesarios durante la exploración puede dar lugar a una mejora de tiempo significativa en el arranque y compilación de JSP .
13-Apr-2020 11:37:08.265 INFORMACIÓN [localhost-startStop-1] org.apache.catalina.startup.HostConfig.deployDirectory Deployment of web application directory [C:\Users\Franky\Desktop\Servicios\servicios20192020\Programas\Tomcat 8.5\webapps\ROOT] has finished in [1.402] ms
13-Apr-2020 11:37:08.269 INFORMACIÓN [main] org.apache.coyote.AbstractProtocol.start Starting ProtocolHandler ["http-nio-8080"]
13-Apr-2020 11:37:08.277 INFORMACIÓN [main] org.apache.coyote.AbstractProtocol.start Starting ProtocolHandler ["ajp-nio-8009"]
13-Apr-2020 11:37:08.279 INFORMACIÓN [main] org.apache.catalina.startup.Catalina.start Server startup in 18149 ms
13-Apr-2020 11:39:00.428 GRAVE [http-nio-8080-exec-1] org.glassfish.jersey.message.internal.WriterInterceptorExecutor$TerminalWriterInterceptor.aroundWriteTo MessageBodyWriter not found for media type=application/xml, type=class java.util.ArrayList, genericType=class java.util.ArrayList.
13-Apr-2020 11:46:48.501 INFORMACIÓN [ContainerBackgroundProcessor[StandardEngine[Catalina]]] org.apache.catalina.startup.HostConfig.undeploy Repliegue (undeploy) de la aplicación web que tiene como trayectoria de contexto [/P5_Servidor-0.0.1-SNAPSHOT]
13-Apr-2020 11:46:48.536 INFORMACIÓN [localhost-startStop-2] org.apache.catalina.startup.HostConfig.deployWAR Despliegue del archivo [C:\Users\Franky\Desktop\Servicios\servicios20192020\Programas\Tomcat 8.5\webapps\P5_Servidor-0.0.1-SNAPSHOT.war] de la aplicación web
13-Apr-2020 11:46:50.463 INFORMACIÓN [localhost-startStop-2] org.apache.jasper.servlet.TldScanner.scanJars Al menos un JAR, que se ha explorado buscando TLDs, aún no contenía TLDs. Activar historial de depuración para este historiador para una completa lista de los JARs que fueron explorados y de los que nos se halló TLDs. Saltarse JARs no necesarios durante la exploración puede dar lugar a una mejora de tiempo significativa en el arranque y compilación de JSP .
13-Apr-2020 11:46:51.048 INFORMACIÓN [localhost-startStop-2] org.apache.catalina.startup.HostConfig.deployWAR Deployment of web application archive [C:\Users\Franky\Desktop\Servicios\servicios20192020\Programas\Tomcat 8.5\webapps\P5_Servidor-0.0.1-SNAPSHOT.war] has finished in [2.512] ms
13-Apr-2020 11:46:57.084 GRAVE [http-nio-8080-exec-3] org.glassfish.jersey.message.internal.WriterInterceptorExecutor$TerminalWriterInterceptor.aroundWriteTo MessageBodyWriter not found for media type=application/xml, type=class es.unican.ss.types.Ranking, genericType=class es.unican.ss.types.Ranking.
13-Apr-2020 11:47:51.070 INFORMACIÓN [ContainerBackgroundProcessor[StandardEngine[Catalina]]] org.apache.catalina.startup.HostConfig.undeploy Repliegue (undeploy) de la aplicación web que tiene como trayectoria de contexto [/P5_Servidor-0.0.1-SNAPSHOT]
13-Apr-2020 11:47:51.102 INFORMACIÓN [localhost-startStop-3] org.apache.catalina.startup.HostConfig.deployWAR Despliegue del archivo [C:\Users\Franky\Desktop\Servicios\servicios20192020\Programas\Tomcat 8.5\webapps\P5_Servidor-0.0.1-SNAPSHOT.war] de la aplicación web
13-Apr-2020 11:47:52.939 INFORMACIÓN [localhost-startStop-3] org.apache.jasper.servlet.TldScanner.scanJars Al menos un JAR, que se ha explorado buscando TLDs, aún no contenía TLDs. Activar historial de depuración para este historiador para una completa lista de los JARs que fueron explorados y de los que nos se halló TLDs. Saltarse JARs no necesarios durante la exploración puede dar lugar a una mejora de tiempo significativa en el arranque y compilación de JSP .
13-Apr-2020 11:47:53.613 INFORMACIÓN [localhost-startStop-3] org.apache.catalina.startup.HostConfig.deployWAR Deployment of web application archive [C:\Users\Franky\Desktop\Servicios\servicios20192020\Programas\Tomcat 8.5\webapps\P5_Servidor-0.0.1-SNAPSHOT.war] has finished in [2.510] ms
13-Apr-2020 11:49:13.641 INFORMACIÓN [ContainerBackgroundProcessor[StandardEngine[Catalina]]] org.apache.catalina.startup.HostConfig.undeploy Repliegue (undeploy) de la aplicación web que tiene como trayectoria de contexto [/P5_Servidor_Hiperenlaces-0.0.1-SNAPSHOT]
13-Apr-2020 11:49:13.676 INFORMACIÓN [localhost-startStop-4] org.apache.catalina.startup.HostConfig.deployWAR Despliegue del archivo [C:\Users\Franky\Desktop\Servicios\servicios20192020\Programas\Tomcat 8.5\webapps\P5_Servidor_Hiperenlaces-0.0.1-SNAPSHOT.war] de la aplicación web
13-Apr-2020 11:49:15.521 INFORMACIÓN [localhost-startStop-4] org.apache.jasper.servlet.TldScanner.scanJars Al menos un JAR, que se ha explorado buscando TLDs, aún no contenía TLDs. Activar historial de depuración para este historiador para una completa lista de los JARs que fueron explorados y de los que nos se halló TLDs. Saltarse JARs no necesarios durante la exploración puede dar lugar a una mejora de tiempo significativa en el arranque y compilación de JSP .
13-Apr-2020 11:49:16.251 INFORMACIÓN [localhost-startStop-4] org.apache.catalina.startup.HostConfig.deployWAR Deployment of web application archive [C:\Users\Franky\Desktop\Servicios\servicios20192020\Programas\Tomcat 8.5\webapps\P5_Servidor_Hiperenlaces-0.0.1-SNAPSHOT.war] has finished in [2.575] ms
13-Apr-2020 12:09:16.678 INFORMACIÓN [ContainerBackgroundProcessor[StandardEngine[Catalina]]] org.apache.catalina.startup.HostConfig.undeploy Repliegue (undeploy) de la aplicación web que tiene como trayectoria de contexto [/P5_Servidor_Hiperenlaces-0.0.1-SNAPSHOT]
13-Apr-2020 12:09:16.715 INFORMACIÓN [localhost-startStop-5] org.apache.catalina.startup.HostConfig.deployWAR Despliegue del archivo [C:\Users\Franky\Desktop\Servicios\servicios20192020\Programas\Tomcat 8.5\webapps\P5_Servidor_Hiperenlaces-0.0.1-SNAPSHOT.war] de la aplicación web
13-Apr-2020 12:09:18.535 INFORMACIÓN [localhost-startStop-5] org.apache.jasper.servlet.TldScanner.scanJars Al menos un JAR, que se ha explorado buscando TLDs, aún no contenía TLDs. Activar historial de depuración para este historiador para una completa lista de los JARs que fueron explorados y de los que nos se halló TLDs. Saltarse JARs no necesarios durante la exploración puede dar lugar a una mejora de tiempo significativa en el arranque y compilación de JSP .
13-Apr-2020 12:09:19.119 INFORMACIÓN [localhost-startStop-5] org.apache.catalina.startup.HostConfig.deployWAR Deployment of web application archive [C:\Users\Franky\Desktop\Servicios\servicios20192020\Programas\Tomcat 8.5\webapps\P5_Servidor_Hiperenlaces-0.0.1-SNAPSHOT.war] has finished in [2.403] ms
13-Apr-2020 12:11:59.175 INFORMACIÓN [ContainerBackgroundProcessor[StandardEngine[Catalina]]] org.apache.catalina.startup.HostConfig.undeploy Repliegue (undeploy) de la aplicación web que tiene como trayectoria de contexto [/P5_Servidor_Hiperenlaces-0.0.1-SNAPSHOT]
13-Apr-2020 12:11:59.212 INFORMACIÓN [localhost-startStop-6] org.apache.catalina.startup.HostConfig.deployWAR Despliegue del archivo [C:\Users\Franky\Desktop\Servicios\servicios20192020\Programas\Tomcat 8.5\webapps\P5_Servidor_Hiperenlaces-0.0.1-SNAPSHOT.war] de la aplicación web
13-Apr-2020 12:12:01.045 INFORMACIÓN [localhost-startStop-6] org.apache.jasper.servlet.TldScanner.scanJars Al menos un JAR, que se ha explorado buscando TLDs, aún no contenía TLDs. Activar historial de depuración para este historiador para una completa lista de los JARs que fueron explorados y de los que nos se halló TLDs. Saltarse JARs no necesarios durante la exploración puede dar lugar a una mejora de tiempo significativa en el arranque y compilación de JSP .
13-Apr-2020 12:12:01.633 INFORMACIÓN [localhost-startStop-6] org.apache.catalina.startup.HostConfig.deployWAR Deployment of web application archive [C:\Users\Franky\Desktop\Servicios\servicios20192020\Programas\Tomcat 8.5\webapps\P5_Servidor_Hiperenlaces-0.0.1-SNAPSHOT.war] has finished in [2.421] ms
13-Apr-2020 12:13:01.653 INFORMACIÓN [ContainerBackgroundProcessor[StandardEngine[Catalina]]] org.apache.catalina.startup.HostConfig.undeploy Repliegue (undeploy) de la aplicación web que tiene como trayectoria de contexto [/P5_Servidor_Hiperenlaces-0.0.1-SNAPSHOT]
13-Apr-2020 12:13:01.688 INFORMACIÓN [localhost-startStop-7] org.apache.catalina.startup.HostConfig.deployWAR Despliegue del archivo [C:\Users\Franky\Desktop\Servicios\servicios20192020\Programas\Tomcat 8.5\webapps\P5_Servidor_Hiperenlaces-0.0.1-SNAPSHOT.war] de la aplicación web
13-Apr-2020 12:13:03.661 INFORMACIÓN [localhost-startStop-7] org.apache.jasper.servlet.TldScanner.scanJars Al menos un JAR, que se ha explorado buscando TLDs, aún no contenía TLDs. Activar historial de depuración para este historiador para una completa lista de los JARs que fueron explorados y de los que nos se halló TLDs. Saltarse JARs no necesarios durante la exploración puede dar lugar a una mejora de tiempo significativa en el arranque y compilación de JSP .
13-Apr-2020 12:13:04.245 INFORMACIÓN [localhost-startStop-7] org.apache.catalina.startup.HostConfig.deployWAR Deployment of web application archive [C:\Users\Franky\Desktop\Servicios\servicios20192020\Programas\Tomcat 8.5\webapps\P5_Servidor_Hiperenlaces-0.0.1-SNAPSHOT.war] has finished in [2.557] ms
13-Apr-2020 12:13:07.512 GRAVE [http-nio-8080-exec-28] org.glassfish.jersey.message.internal.WriterInterceptorExecutor$TerminalWriterInterceptor.aroundWriteTo MessageBodyWriter not found for media type=application/xml, type=class es.unican.ss.representations.RankingRepresentation, genericType=class es.unican.ss.representations.RankingRepresentation.
13-Apr-2020 12:15:54.305 INFORMACIÓN [ContainerBackgroundProcessor[StandardEngine[Catalina]]] org.apache.catalina.startup.HostConfig.undeploy Repliegue (undeploy) de la aplicación web que tiene como trayectoria de contexto [/P5_Servidor_Hiperenlaces-0.0.1-SNAPSHOT]
13-Apr-2020 12:15:54.342 INFORMACIÓN [localhost-startStop-8] org.apache.catalina.startup.HostConfig.deployWAR Despliegue del archivo [C:\Users\Franky\Desktop\Servicios\servicios20192020\Programas\Tomcat 8.5\webapps\P5_Servidor_Hiperenlaces-0.0.1-SNAPSHOT.war] de la aplicación web
13-Apr-2020 12:15:56.191 INFORMACIÓN [localhost-startStop-8] org.apache.jasper.servlet.TldScanner.scanJars Al menos un JAR, que se ha explorado buscando TLDs, aún no contenía TLDs. Activar historial de depuración para este historiador para una completa lista de los JARs que fueron explorados y de los que nos se halló TLDs. Saltarse JARs no necesarios durante la exploración puede dar lugar a una mejora de tiempo significativa en el arranque y compilación de JSP .
13-Apr-2020 12:15:56.767 INFORMACIÓN [localhost-startStop-8] org.apache.catalina.startup.HostConfig.deployWAR Deployment of web application archive [C:\Users\Franky\Desktop\Servicios\servicios20192020\Programas\Tomcat 8.5\webapps\P5_Servidor_Hiperenlaces-0.0.1-SNAPSHOT.war] has finished in [2.425] ms
13-Apr-2020 12:19:56.866 INFORMACIÓN [ContainerBackgroundProcessor[StandardEngine[Catalina]]] org.apache.catalina.startup.HostConfig.undeploy Repliegue (undeploy) de la aplicación web que tiene como trayectoria de contexto [/P5_Servidor_Hiperenlaces-0.0.1-SNAPSHOT]
13-Apr-2020 12:19:56.916 INFORMACIÓN [localhost-startStop-9] org.apache.catalina.startup.HostConfig.deployWAR Despliegue del archivo [C:\Users\Franky\Desktop\Servicios\servicios20192020\Programas\Tomcat 8.5\webapps\P5_Servidor_Hiperenlaces-0.0.1-SNAPSHOT.war] de la aplicación web
13-Apr-2020 12:19:59.747 INFORMACIÓN [localhost-startStop-9] org.apache.jasper.servlet.TldScanner.scanJars Al menos un JAR, que se ha explorado buscando TLDs, aún no contenía TLDs. Activar historial de depuración para este historiador para una completa lista de los JARs que fueron explorados y de los que nos se halló TLDs. Saltarse JARs no necesarios durante la exploración puede dar lugar a una mejora de tiempo significativa en el arranque y compilación de JSP .
13-Apr-2020 12:20:00.650 INFORMACIÓN [localhost-startStop-9] org.apache.catalina.startup.HostConfig.deployWAR Deployment of web application archive [C:\Users\Franky\Desktop\Servicios\servicios20192020\Programas\Tomcat 8.5\webapps\P5_Servidor_Hiperenlaces-0.0.1-SNAPSHOT.war] has finished in [3.734] ms
13-Apr-2020 12:20:13.498 GRAVE [http-nio-8080-exec-44] org.glassfish.jersey.message.internal.WriterInterceptorExecutor$TerminalWriterInterceptor.aroundWriteTo MessageBodyWriter not found for media type=application/xml, type=class es.unican.ss.representations.RankingRepresentation, genericType=class es.unican.ss.representations.RankingRepresentation.
13-Apr-2020 12:20:18.324 GRAVE [http-nio-8080-exec-45] org.glassfish.jersey.message.internal.WriterInterceptorExecutor$TerminalWriterInterceptor.aroundWriteTo MessageBodyWriter not found for media type=application/xml, type=class es.unican.ss.representations.RankingRepresentation, genericType=class es.unican.ss.representations.RankingRepresentation.
13-Apr-2020 12:20:26.350 GRAVE [http-nio-8080-exec-46] org.glassfish.jersey.message.internal.WriterInterceptorExecutor$TerminalWriterInterceptor.aroundWriteTo MessageBodyWriter not found for media type=application/xml, type=class es.unican.ss.representations.RankingRepresentation, genericType=class es.unican.ss.representations.RankingRepresentation.
13-Apr-2020 12:20:31.422 GRAVE [http-nio-8080-exec-48] org.glassfish.jersey.message.internal.WriterInterceptorExecutor$TerminalWriterInterceptor.aroundWriteTo MessageBodyWriter not found for media type=application/xml, type=class es.unican.ss.representations.RankingRepresentation, genericType=class es.unican.ss.representations.RankingRepresentation.
13-Apr-2020 12:21:20.688 INFORMACIÓN [ContainerBackgroundProcessor[StandardEngine[Catalina]]] org.apache.catalina.startup.HostConfig.undeploy Repliegue (undeploy) de la aplicación web que tiene como trayectoria de contexto [/P5_Servidor_Hiperenlaces-0.0.1-SNAPSHOT]
13-Apr-2020 12:21:20.736 INFORMACIÓN [localhost-startStop-10] org.apache.catalina.startup.HostConfig.deployWAR Despliegue del archivo [C:\Users\Franky\Desktop\Servicios\servicios20192020\Programas\Tomcat 8.5\webapps\P5_Servidor_Hiperenlaces-0.0.1-SNAPSHOT.war] de la aplicación web
13-Apr-2020 12:21:22.856 INFORMACIÓN [localhost-startStop-10] org.apache.jasper.servlet.TldScanner.scanJars Al menos un JAR, que se ha explorado buscando TLDs, aún no contenía TLDs. Activar historial de depuración para este historiador para una completa lista de los JARs que fueron explorados y de los que nos se halló TLDs. Saltarse JARs no necesarios durante la exploración puede dar lugar a una mejora de tiempo significativa en el arranque y compilación de JSP .
13-Apr-2020 12:21:23.533 INFORMACIÓN [localhost-startStop-10] org.apache.catalina.startup.HostConfig.deployWAR Deployment of web application archive [C:\Users\Franky\Desktop\Servicios\servicios20192020\Programas\Tomcat 8.5\webapps\P5_Servidor_Hiperenlaces-0.0.1-SNAPSHOT.war] has finished in [2.797] ms
13-Apr-2020 12:23:23.574 INFORMACIÓN [ContainerBackgroundProcessor[StandardEngine[Catalina]]] org.apache.catalina.startup.HostConfig.undeploy Repliegue (undeploy) de la aplicación web que tiene como trayectoria de contexto [/P5_Servidor_Hiperenlaces-0.0.1-SNAPSHOT]
13-Apr-2020 12:23:23.617 INFORMACIÓN [localhost-startStop-11] org.apache.catalina.startup.HostConfig.deployWAR Despliegue del archivo [C:\Users\Franky\Desktop\Servicios\servicios20192020\Programas\Tomcat 8.5\webapps\P5_Servidor_Hiperenlaces-0.0.1-SNAPSHOT.war] de la aplicación web
13-Apr-2020 12:23:25.618 INFORMACIÓN [localhost-startStop-11] org.apache.jasper.servlet.TldScanner.scanJars Al menos un JAR, que se ha explorado buscando TLDs, aún no contenía TLDs. Activar historial de depuración para este historiador para una completa lista de los JARs que fueron explorados y de los que nos se halló TLDs. Saltarse JARs no necesarios durante la exploración puede dar lugar a una mejora de tiempo significativa en el arranque y compilación de JSP .
13-Apr-2020 12:23:26.243 INFORMACIÓN [localhost-startStop-11] org.apache.catalina.startup.HostConfig.deployWAR Deployment of web application archive [C:\Users\Franky\Desktop\Servicios\servicios20192020\Programas\Tomcat 8.5\webapps\P5_Servidor_Hiperenlaces-0.0.1-SNAPSHOT.war] has finished in [2.625] ms
13-Apr-2020 12:24:46.271 INFORMACIÓN [ContainerBackgroundProcessor[StandardEngine[Catalina]]] org.apache.catalina.startup.HostConfig.undeploy Repliegue (undeploy) de la aplicación web que tiene como trayectoria de contexto [/P5_Servidor_Hiperenlaces-0.0.1-SNAPSHOT]
13-Apr-2020 12:24:46.306 INFORMACIÓN [localhost-startStop-12] org.apache.catalina.startup.HostConfig.deployWAR Despliegue del archivo [C:\Users\Franky\Desktop\Servicios\servicios20192020\Programas\Tomcat 8.5\webapps\P5_Servidor_Hiperenlaces-0.0.1-SNAPSHOT.war] de la aplicación web
13-Apr-2020 12:24:48.406 INFORMACIÓN [localhost-startStop-12] org.apache.jasper.servlet.TldScanner.scanJars Al menos un JAR, que se ha explorado buscando TLDs, aún no contenía TLDs. Activar historial de depuración para este historiador para una completa lista de los JARs que fueron explorados y de los que nos se halló TLDs. Saltarse JARs no necesarios durante la exploración puede dar lugar a una mejora de tiempo significativa en el arranque y compilación de JSP .
13-Apr-2020 12:24:49.209 INFORMACIÓN [localhost-startStop-12] org.apache.catalina.startup.HostConfig.deployWAR Deployment of web application archive [C:\Users\Franky\Desktop\Servicios\servicios20192020\Programas\Tomcat 8.5\webapps\P5_Servidor_Hiperenlaces-0.0.1-SNAPSHOT.war] has finished in [2.903] ms
13-Apr-2020 12:27:19.265 INFORMACIÓN [ContainerBackgroundProcessor[StandardEngine[Catalina]]] org.apache.catalina.startup.HostConfig.undeploy Repliegue (undeploy) de la aplicación web que tiene como trayectoria de contexto [/P5_Servidor_Hiperenlaces-0.0.1-SNAPSHOT]
13-Apr-2020 12:27:19.302 INFORMACIÓN [localhost-startStop-13] org.apache.catalina.startup.HostConfig.deployWAR Despliegue del archivo [C:\Users\Franky\Desktop\Servicios\servicios20192020\Programas\Tomcat 8.5\webapps\P5_Servidor_Hiperenlaces-0.0.1-SNAPSHOT.war] de la aplicación web
13-Apr-2020 12:27:21.322 INFORMACIÓN [localhost-startStop-13] org.apache.jasper.servlet.TldScanner.scanJars Al menos un JAR, que se ha explorado buscando TLDs, aún no contenía TLDs. Activar historial de depuración para este historiador para una completa lista de los JARs que fueron explorados y de los que nos se halló TLDs. Saltarse JARs no necesarios durante la exploración puede dar lugar a una mejora de tiempo significativa en el arranque y compilación de JSP .
13-Apr-2020 12:27:21.986 INFORMACIÓN [localhost-startStop-13] org.apache.catalina.startup.HostConfig.deployWAR Deployment of web application archive [C:\Users\Franky\Desktop\Servicios\servicios20192020\Programas\Tomcat 8.5\webapps\P5_Servidor_Hiperenlaces-0.0.1-SNAPSHOT.war] has finished in [2.684] ms
13-Apr-2020 12:34:57.712 INFORMACIÓN [http-nio-8080-exec-82] org.apache.catalina.core.StandardContext.reload Ha comenzado la recarga de Contexto [/P5_Servidor_Hiperenlaces-0.0.1-SNAPSHOT]
13-Apr-2020 12:34:59.615 INFORMACIÓN [http-nio-8080-exec-82] org.apache.jasper.servlet.TldScanner.scanJars Al menos un JAR, que se ha explorado buscando TLDs, aún no contenía TLDs. Activar historial de depuración para este historiador para una completa lista de los JARs que fueron explorados y de los que nos se halló TLDs. Saltarse JARs no necesarios durante la exploración puede dar lugar a una mejora de tiempo significativa en el arranque y compilación de JSP .
13-Apr-2020 12:35:00.253 INFORMACIÓN [http-nio-8080-exec-82] org.apache.catalina.core.StandardContext.reload Se ha completado la recarga de este Contexto
