11-May-2020 13:23:52.923 INFORMACIÓN [main] org.apache.catalina.startup.VersionLoggerListener.log Nombre de la versión del servidor:   Apache Tomcat/8.5.50

11-May-2020 13:23:52.934 INFORMACIÓN [main] org.apache.catalina.startup.VersionLoggerListener.log Server built:          Dec 7 2019 19:19:46 UTC
11-May-2020 13:23:52.934 INFORMACIÓN [main] org.apache.catalina.startup.VersionLoggerListener.log Número de versión de servidor:         8.5.50.0
11-May-2020 13:23:52.935 INFORMACIÓN [main] org.apache.catalina.startup.VersionLoggerListener.log OS Name:               Windows 10
11-May-2020 13:23:52.935 INFORMACIÓN [main] org.apache.catalina.startup.VersionLoggerListener.log Versión de Systema Operativo:      10.0

11-May-2020 13:23:52.935 INFORMACIÓN [main] org.apache.catalina.startup.VersionLoggerListener.log Arquitectura:          amd64

11-May-2020 13:23:52.936 INFORMACIÓN [main] org.apache.catalina.startup.VersionLoggerListener.log Java Home:             C:\Program Files\Java\jdk1.8.0_251\jre
11-May-2020 13:23:52.936 INFORMACIÓN [main] org.apache.catalina.startup.VersionLoggerListener.log JVM Version:           1.8.0_251-b08
11-May-2020 13:23:52.936 INFORMACIÓN [main] org.apache.catalina.startup.VersionLoggerListener.log Vededor JVM:     Oracle Corporation
11-May-2020 13:23:52.936 INFORMACIÓN [main] org.apache.catalina.startup.VersionLoggerListener.log CATALINA_BASE:         C:\Users\franc\Desktop\servicios20192020\Programas\Tomcat 8.5
11-May-2020 13:23:52.936 INFORMACIÓN [main] org.apache.catalina.startup.VersionLoggerListener.log CATALINA_HOME:         C:\Users\franc\Desktop\servicios20192020\Programas\Tomcat 8.5
11-May-2020 13:23:52.936 INFORMACIÓN [main] org.apache.catalina.startup.VersionLoggerListener.log Command line argument: -Djava.util.logging.config.file=C:\Users\franc\Desktop\servicios20192020\Programas\Tomcat 8.5\conf\logging.properties
11-May-2020 13:23:52.936 INFORMACIÓN [main] org.apache.catalina.startup.VersionLoggerListener.log Command line argument: -Djava.util.logging.manager=org.apache.juli.ClassLoaderLogManager
11-May-2020 13:23:52.936 INFORMACIÓN [main] org.apache.catalina.startup.VersionLoggerListener.log Command line argument: -Djdk.tls.ephemeralDHKeySize=2048
11-May-2020 13:23:52.936 INFORMACIÓN [main] org.apache.catalina.startup.VersionLoggerListener.log Command line argument: -Djava.protocol.handler.pkgs=org.apache.catalina.webresources
11-May-2020 13:23:52.937 INFORMACIÓN [main] org.apache.catalina.startup.VersionLoggerListener.log Command line argument: -Djava.endorsed.dirs=C:\Users\franc\Desktop\servicios20192020\Programas\Tomcat 8.5\endorsed
11-May-2020 13:23:52.937 INFORMACIÓN [main] org.apache.catalina.startup.VersionLoggerListener.log Command line argument: -Dcatalina.base=C:\Users\franc\Desktop\servicios20192020\Programas\Tomcat 8.5
11-May-2020 13:23:52.937 INFORMACIÓN [main] org.apache.catalina.startup.VersionLoggerListener.log Command line argument: -Dcatalina.home=C:\Users\franc\Desktop\servicios20192020\Programas\Tomcat 8.5
11-May-2020 13:23:52.938 INFORMACIÓN [main] org.apache.catalina.startup.VersionLoggerListener.log Command line argument: -Djava.io.tmpdir=C:\Users\franc\Desktop\servicios20192020\Programas\Tomcat 8.5\temp
11-May-2020 13:23:52.938 INFORMACIÓN [main] org.apache.catalina.core.AprLifecycleListener.lifecycleEvent La biblioteca nativa de Apache Tomcat basada en ARP que permite un rendimiento óptimo en entornos de desarrollo no ha sido hallada en java.library.path: [C:\Program Files\Java\jdk1.8.0_251\bin;C:\Windows\Sun\Java\bin;C:\Windows\system32;C:\Windows;C:\Program Files (x86)\Common Files\Oracle\Java\javapath;C:\Windows\system32;C:\Windows;C:\Windows\System32\Wbem;C:\Windows\System32\WindowsPowerShell\v1.0\;C:\Windows\System32\OpenSSH\;C:\Program Files\Git\cmd;C:\Program Files (x86)\Mikero\DePboTools\bin;C:\Users\franc\AppData\Local\Microsoft\WindowsApps;C:\Users\franc\AppData\Local\Programs\Microsoft VS Code\bin;C:\Users\franc\Desktop\servicios20192020\Programas\apache-ant-1.9.14\bin;C:\Users\franc\AppData\Local\Microsoft\WindowsApps;;C:\Users\franc\AppData\Local\Programs\Microsoft VS Code\bin;C:\Program Files (x86)\Mikero\DePboTools\bin;.]
11-May-2020 13:23:53.241 INFORMACIÓN [main] org.apache.coyote.AbstractProtocol.init Inicializando el manejador de protocolo ["http-nio-8080"]

11-May-2020 13:23:53.321 INFORMACIÓN [main] org.apache.tomcat.util.net.NioSelectorPool.getSharedSelector Using a shared selector for servlet write/read
11-May-2020 13:23:53.328 INFORMACIÓN [main] org.apache.coyote.AbstractProtocol.init Inicializando el manejador de protocolo ["ajp-nio-8009"]

11-May-2020 13:23:53.329 INFORMACIÓN [main] org.apache.tomcat.util.net.NioSelectorPool.getSharedSelector Using a shared selector for servlet write/read
11-May-2020 13:23:53.330 INFORMACIÓN [main] org.apache.catalina.startup.Catalina.load Initialization processed in 642 ms
11-May-2020 13:23:53.349 INFORMACIÓN [main] org.apache.catalina.core.StandardService.startInternal Arrancando servicio [Catalina]
11-May-2020 13:23:53.349 INFORMACIÓN [main] org.apache.catalina.core.StandardEngine.startInternal Starting Servlet Engine: Apache Tomcat/8.5.50
11-May-2020 13:23:53.362 INFORMACIÓN [localhost-startStop-1] org.apache.catalina.startup.HostConfig.deployWAR Despliegue del archivo [C:\Users\franc\Desktop\servicios20192020\Programas\Tomcat 8.5\webapps\axis2.war] de la aplicación web
11-May-2020 13:23:53.376 INFORMACIÓN [localhost-startStop-1] org.apache.catalina.startup.ExpandWar.expand An expanded directory [C:\Users\franc\Desktop\servicios20192020\Programas\Tomcat 8.5\webapps\axis2] was found with a last modified time that did not match the associated WAR. It will be deleted.
11-May-2020 13:23:56.126 INFORMACIÓN [localhost-startStop-1] org.apache.jasper.servlet.TldScanner.scanJars Al menos un JAR, que se ha explorado buscando TLDs, aún no contenía TLDs. Activar historial de depuración para este historiador para una completa lista de los JARs que fueron explorados y de los que nos se halló TLDs. Saltarse JARs no necesarios durante la exploración puede dar lugar a una mejora de tiempo significativa en el arranque y compilación de JSP .
11-May-2020 13:23:56.844 INFORMACIÓN [localhost-startStop-1] org.apache.catalina.startup.HostConfig.deployWAR Deployment of web application archive [C:\Users\franc\Desktop\servicios20192020\Programas\Tomcat 8.5\webapps\axis2.war] has finished in [3.481] ms
11-May-2020 13:23:56.844 INFORMACIÓN [localhost-startStop-1] org.apache.catalina.startup.HostConfig.deployWAR Despliegue del archivo [C:\Users\franc\Desktop\servicios20192020\Programas\Tomcat 8.5\webapps\DemoJAXWS.war] de la aplicación web
11-May-2020 13:23:58.034 INFORMACIÓN [localhost-startStop-1] org.apache.jasper.servlet.TldScanner.scanJars Al menos un JAR, que se ha explorado buscando TLDs, aún no contenía TLDs. Activar historial de depuración para este historiador para una completa lista de los JARs que fueron explorados y de los que nos se halló TLDs. Saltarse JARs no necesarios durante la exploración puede dar lugar a una mejora de tiempo significativa en el arranque y compilación de JSP .
11-May-2020 13:23:59.022 INFORMACIÓN [localhost-startStop-1] com.sun.xml.ws.server.MonitorBase.createRoot Metro monitoring rootname successfully set to: com.sun.metro:pp=/,type=WSEndpoint,name=/DemoJAXWS-HelloWorldService-HelloWorldPort
11-May-2020 13:23:59.124 INFORMACIÓN [localhost-startStop-1] com.sun.xml.ws.transport.http.servlet.WSServletDelegate.<init> WSSERVLET14: inicializando el servlet de JAX-WS
11-May-2020 13:23:59.124 INFORMACIÓN [localhost-startStop-1] com.sun.xml.ws.transport.http.servlet.WSServletContextListener.contextInitialized WSSERVLET12: inicializando el listener de contexto de JAX-WS
11-May-2020 13:23:59.125 INFORMACIÓN [localhost-startStop-1] com.sun.xml.ws.transport.http.servlet.WSServletContextListener.contextInitialized WSSERVLET12: inicializando el listener de contexto de JAX-WS
11-May-2020 13:23:59.127 INFORMACIÓN [localhost-startStop-1] org.apache.catalina.startup.HostConfig.deployWAR Deployment of web application archive [C:\Users\franc\Desktop\servicios20192020\Programas\Tomcat 8.5\webapps\DemoJAXWS.war] has finished in [2.283] ms
11-May-2020 13:23:59.128 INFORMACIÓN [localhost-startStop-1] org.apache.catalina.startup.HostConfig.deployWAR Despliegue del archivo [C:\Users\franc\Desktop\servicios20192020\Programas\Tomcat 8.5\webapps\InfoParadas-0.0.1.war] de la aplicación web
11-May-2020 13:24:00.372 INFORMACIÓN [localhost-startStop-1] org.apache.jasper.servlet.TldScanner.scanJars Al menos un JAR, que se ha explorado buscando TLDs, aún no contenía TLDs. Activar historial de depuración para este historiador para una completa lista de los JARs que fueron explorados y de los que nos se halló TLDs. Saltarse JARs no necesarios durante la exploración puede dar lugar a una mejora de tiempo significativa en el arranque y compilación de JSP .
11-May-2020 13:24:00.405 INFORMACIÓN [localhost-startStop-1] com.sun.xml.ws.server.MonitorBase.createRoot Metro monitoring rootname successfully set to: com.sun.metro:pp=/,type=WSEndpoint,name=/InfoParadas-0.0.1-InfoParadasService-InfoParadasPort
11-May-2020 13:24:00.427 INFORMACIÓN [localhost-startStop-1] com.sun.xml.ws.transport.http.servlet.WSServletDelegate.<init> WSSERVLET14: inicializando el servlet de JAX-WS
11-May-2020 13:24:00.427 INFORMACIÓN [localhost-startStop-1] com.sun.xml.ws.transport.http.servlet.WSServletContextListener.contextInitialized WSSERVLET12: inicializando el listener de contexto de JAX-WS
11-May-2020 13:24:00.428 INFORMACIÓN [localhost-startStop-1] com.sun.xml.ws.transport.http.servlet.WSServletContextListener.contextInitialized WSSERVLET12: inicializando el listener de contexto de JAX-WS
11-May-2020 13:24:00.430 INFORMACIÓN [localhost-startStop-1] org.apache.catalina.startup.HostConfig.deployWAR Deployment of web application archive [C:\Users\franc\Desktop\servicios20192020\Programas\Tomcat 8.5\webapps\InfoParadas-0.0.1.war] has finished in [1.302] ms
11-May-2020 13:24:00.430 INFORMACIÓN [localhost-startStop-1] org.apache.catalina.startup.HostConfig.deployWAR Despliegue del archivo [C:\Users\franc\Desktop\servicios20192020\Programas\Tomcat 8.5\webapps\ode.war] de la aplicación web
11-May-2020 13:24:04.459 INFORMACIÓN [localhost-startStop-1] org.apache.jasper.servlet.TldScanner.scanJars Al menos un JAR, que se ha explorado buscando TLDs, aún no contenía TLDs. Activar historial de depuración para este historiador para una completa lista de los JARs que fueron explorados y de los que nos se halló TLDs. Saltarse JARs no necesarios durante la exploración puede dar lugar a una mejora de tiempo significativa en el arranque y compilación de JSP .
11-May-2020 13:24:06.721 INFORMACIÓN [localhost-startStop-1] org.apache.catalina.startup.HostConfig.deployWAR Deployment of web application archive [C:\Users\franc\Desktop\servicios20192020\Programas\Tomcat 8.5\webapps\ode.war] has finished in [6.291] ms
11-May-2020 13:24:06.721 INFORMACIÓN [localhost-startStop-1] org.apache.catalina.startup.HostConfig.deployWAR Despliegue del archivo [C:\Users\franc\Desktop\servicios20192020\Programas\Tomcat 8.5\webapps\P5_Servidor-0.0.1-SNAPSHOT.war] de la aplicación web
11-May-2020 13:24:06.723 INFORMACIÓN [localhost-startStop-1] org.apache.catalina.startup.ExpandWar.expand An expanded directory [C:\Users\franc\Desktop\servicios20192020\Programas\Tomcat 8.5\webapps\P5_Servidor-0.0.1-SNAPSHOT] was found with a last modified time that did not match the associated WAR. It will be deleted.
11-May-2020 13:24:08.350 INFORMACIÓN [localhost-startStop-1] org.apache.jasper.servlet.TldScanner.scanJars Al menos un JAR, que se ha explorado buscando TLDs, aún no contenía TLDs. Activar historial de depuración para este historiador para una completa lista de los JARs que fueron explorados y de los que nos se halló TLDs. Saltarse JARs no necesarios durante la exploración puede dar lugar a una mejora de tiempo significativa en el arranque y compilación de JSP .
11-May-2020 13:24:09.022 INFORMACIÓN [localhost-startStop-1] org.apache.catalina.startup.HostConfig.deployWAR Deployment of web application archive [C:\Users\franc\Desktop\servicios20192020\Programas\Tomcat 8.5\webapps\P5_Servidor-0.0.1-SNAPSHOT.war] has finished in [2.301] ms
11-May-2020 13:24:09.023 INFORMACIÓN [localhost-startStop-1] org.apache.catalina.startup.HostConfig.deployWAR Despliegue del archivo [C:\Users\franc\Desktop\servicios20192020\Programas\Tomcat 8.5\webapps\P5_Servidor_Hiperenlaces-0.0.1-SNAPSHOT.war] de la aplicación web
11-May-2020 13:24:09.025 INFORMACIÓN [localhost-startStop-1] org.apache.catalina.startup.ExpandWar.expand An expanded directory [C:\Users\franc\Desktop\servicios20192020\Programas\Tomcat 8.5\webapps\P5_Servidor_Hiperenlaces-0.0.1-SNAPSHOT] was found with a last modified time that did not match the associated WAR. It will be deleted.
11-May-2020 13:24:10.644 INFORMACIÓN [localhost-startStop-1] org.apache.jasper.servlet.TldScanner.scanJars Al menos un JAR, que se ha explorado buscando TLDs, aún no contenía TLDs. Activar historial de depuración para este historiador para una completa lista de los JARs que fueron explorados y de los que nos se halló TLDs. Saltarse JARs no necesarios durante la exploración puede dar lugar a una mejora de tiempo significativa en el arranque y compilación de JSP .
11-May-2020 13:24:11.169 INFORMACIÓN [localhost-startStop-1] org.apache.catalina.startup.HostConfig.deployWAR Deployment of web application archive [C:\Users\franc\Desktop\servicios20192020\Programas\Tomcat 8.5\webapps\P5_Servidor_Hiperenlaces-0.0.1-SNAPSHOT.war] has finished in [2.145] ms
11-May-2020 13:24:11.169 INFORMACIÓN [localhost-startStop-1] org.apache.catalina.startup.HostConfig.deployDirectory Desplegando el directorio [C:\Users\franc\Desktop\servicios20192020\Programas\Tomcat 8.5\webapps\docs] de la aplicación web
11-May-2020 13:24:12.289 INFORMACIÓN [localhost-startStop-1] org.apache.jasper.servlet.TldScanner.scanJars Al menos un JAR, que se ha explorado buscando TLDs, aún no contenía TLDs. Activar historial de depuración para este historiador para una completa lista de los JARs que fueron explorados y de los que nos se halló TLDs. Saltarse JARs no necesarios durante la exploración puede dar lugar a una mejora de tiempo significativa en el arranque y compilación de JSP .
11-May-2020 13:24:12.290 INFORMACIÓN [localhost-startStop-1] org.apache.catalina.startup.HostConfig.deployDirectory Deployment of web application directory [C:\Users\franc\Desktop\servicios20192020\Programas\Tomcat 8.5\webapps\docs] has finished in [1.121] ms
11-May-2020 13:24:12.290 INFORMACIÓN [localhost-startStop-1] org.apache.catalina.startup.HostConfig.deployDirectory Desplegando el directorio [C:\Users\franc\Desktop\servicios20192020\Programas\Tomcat 8.5\webapps\examples] de la aplicación web
11-May-2020 13:24:13.625 INFORMACIÓN [localhost-startStop-1] org.apache.jasper.servlet.TldScanner.scanJars Al menos un JAR, que se ha explorado buscando TLDs, aún no contenía TLDs. Activar historial de depuración para este historiador para una completa lista de los JARs que fueron explorados y de los que nos se halló TLDs. Saltarse JARs no necesarios durante la exploración puede dar lugar a una mejora de tiempo significativa en el arranque y compilación de JSP .
11-May-2020 13:24:13.652 INFORMACIÓN [localhost-startStop-1] org.apache.catalina.startup.HostConfig.deployDirectory Deployment of web application directory [C:\Users\franc\Desktop\servicios20192020\Programas\Tomcat 8.5\webapps\examples] has finished in [1.362] ms
11-May-2020 13:24:13.652 INFORMACIÓN [localhost-startStop-1] org.apache.catalina.startup.HostConfig.deployDirectory Desplegando el directorio [C:\Users\franc\Desktop\servicios20192020\Programas\Tomcat 8.5\webapps\host-manager] de la aplicación web
11-May-2020 13:24:13.670 INFORMACIÓN [localhost-startStop-1] org.apache.catalina.startup.HostConfig.deployDirectory Deployment of web application directory [C:\Users\franc\Desktop\servicios20192020\Programas\Tomcat 8.5\webapps\host-manager] has finished in [18] ms
11-May-2020 13:24:13.670 INFORMACIÓN [localhost-startStop-1] org.apache.catalina.startup.HostConfig.deployDirectory Desplegando el directorio [C:\Users\franc\Desktop\servicios20192020\Programas\Tomcat 8.5\webapps\manager] de la aplicación web
11-May-2020 13:24:13.683 INFORMACIÓN [localhost-startStop-1] org.apache.catalina.startup.HostConfig.deployDirectory Deployment of web application directory [C:\Users\franc\Desktop\servicios20192020\Programas\Tomcat 8.5\webapps\manager] has finished in [13] ms
11-May-2020 13:24:13.684 INFORMACIÓN [localhost-startStop-1] org.apache.catalina.startup.HostConfig.deployDirectory Desplegando el directorio [C:\Users\franc\Desktop\servicios20192020\Programas\Tomcat 8.5\webapps\ROOT] de la aplicación web
11-May-2020 13:24:14.757 INFORMACIÓN [localhost-startStop-1] org.apache.jasper.servlet.TldScanner.scanJars Al menos un JAR, que se ha explorado buscando TLDs, aún no contenía TLDs. Activar historial de depuración para este historiador para una completa lista de los JARs que fueron explorados y de los que nos se halló TLDs. Saltarse JARs no necesarios durante la exploración puede dar lugar a una mejora de tiempo significativa en el arranque y compilación de JSP .
11-May-2020 13:24:14.759 INFORMACIÓN [localhost-startStop-1] org.apache.catalina.startup.HostConfig.deployDirectory Deployment of web application directory [C:\Users\franc\Desktop\servicios20192020\Programas\Tomcat 8.5\webapps\ROOT] has finished in [1.075] ms
11-May-2020 13:24:14.762 INFORMACIÓN [main] org.apache.coyote.AbstractProtocol.start Starting ProtocolHandler ["http-nio-8080"]
11-May-2020 13:24:14.768 INFORMACIÓN [main] org.apache.coyote.AbstractProtocol.start Starting ProtocolHandler ["ajp-nio-8009"]
11-May-2020 13:24:14.769 INFORMACIÓN [main] org.apache.catalina.startup.Catalina.start Server startup in 21439 ms
11-May-2020 13:26:18.786 INFORMACIÓN [Thread-16] org.apache.coyote.AbstractProtocol.pause Pausing ProtocolHandler ["http-nio-8080"]
11-May-2020 13:26:18.817 INFORMACIÓN [Thread-16] org.apache.coyote.AbstractProtocol.pause Pausing ProtocolHandler ["ajp-nio-8009"]
11-May-2020 13:26:18.848 INFORMACIÓN [Thread-16] org.apache.catalina.core.StandardService.stopInternal Parando servicio [Catalina]
11-May-2020 13:26:18.957 ADVERTENCIA [localhost-startStop-2] org.apache.catalina.loader.WebappClassLoaderBase.clearReferencesJdbc La aplicación web [ode] registró el conductor JDBC [org.apache.derby.jdbc.AutoloadedDriver] pero falló al anular el registro mientras la aplicación web estaba parada. Para prevenir un fallo de memoria, se ha anulado el registro del conductor JDBC por la fuerza.
11-May-2020 13:26:18.957 ADVERTENCIA [localhost-startStop-2] org.apache.catalina.loader.WebappClassLoaderBase.clearReferencesThreads The web application [ode] appears to have started a thread named [Timer-3] but has failed to stop it. This is very likely to create a memory leak. Stack trace of thread:
 java.lang.Object.wait(Native Method)
 java.util.TimerThread.mainLoop(Timer.java:552)
 java.util.TimerThread.run(Timer.java:505)
11-May-2020 13:26:18.961 INFORMACIÓN [localhost-startStop-2] com.sun.xml.ws.transport.http.servlet.WSServletDelegate.destroy WSSERVLET15: el servlet de JAX-WS se ha destruido
11-May-2020 13:26:18.962 INFORMACIÓN [localhost-startStop-2] com.sun.xml.ws.server.WSEndpointImpl.closeManagedObjectManager Closing Metro monitoring root: com.sun.metro:pp=/,type=WSEndpoint,name=/DemoJAXWS-HelloWorldService-HelloWorldPort
11-May-2020 13:26:18.963 INFORMACIÓN [localhost-startStop-2] com.sun.xml.ws.transport.http.servlet.WSServletContextListener.contextDestroyed WSSERVLET13: el listener de contexto de JAX-WS se ha destruido
11-May-2020 13:26:18.963 INFORMACIÓN [localhost-startStop-2] com.sun.xml.ws.transport.http.servlet.WSServletContextListener.contextDestroyed WSSERVLET13: el listener de contexto de JAX-WS se ha destruido
11-May-2020 13:26:18.969 INFORMACIÓN [Thread-16] org.apache.coyote.AbstractProtocol.stop Stopping ProtocolHandler ["http-nio-8080"]
11-May-2020 13:26:18.970 INFORMACIÓN [Thread-16] org.apache.coyote.AbstractProtocol.stop Stopping ProtocolHandler ["ajp-nio-8009"]
11-May-2020 13:26:18.972 INFORMACIÓN [Thread-16] org.apache.coyote.AbstractProtocol.destroy Destroying ProtocolHandler ["http-nio-8080"]
11-May-2020 13:26:18.972 INFORMACIÓN [Thread-16] org.apache.coyote.AbstractProtocol.destroy Destroying ProtocolHandler ["ajp-nio-8009"]
11-May-2020 13:26:25.387 INFORMACIÓN [main] org.apache.catalina.startup.VersionLoggerListener.log Nombre de la versión del servidor:   Apache Tomcat/8.5.50

11-May-2020 13:26:25.389 INFORMACIÓN [main] org.apache.catalina.startup.VersionLoggerListener.log Server built:          Dec 7 2019 19:19:46 UTC
11-May-2020 13:26:25.389 INFORMACIÓN [main] org.apache.catalina.startup.VersionLoggerListener.log Número de versión de servidor:         8.5.50.0
11-May-2020 13:26:25.390 INFORMACIÓN [main] org.apache.catalina.startup.VersionLoggerListener.log OS Name:               Windows 10
11-May-2020 13:26:25.390 INFORMACIÓN [main] org.apache.catalina.startup.VersionLoggerListener.log Versión de Systema Operativo:      10.0

11-May-2020 13:26:25.391 INFORMACIÓN [main] org.apache.catalina.startup.VersionLoggerListener.log Arquitectura:          amd64

11-May-2020 13:26:25.391 INFORMACIÓN [main] org.apache.catalina.startup.VersionLoggerListener.log Java Home:             C:\Program Files\Java\jdk1.8.0_251\jre
11-May-2020 13:26:25.391 INFORMACIÓN [main] org.apache.catalina.startup.VersionLoggerListener.log JVM Version:           1.8.0_251-b08
11-May-2020 13:26:25.391 INFORMACIÓN [main] org.apache.catalina.startup.VersionLoggerListener.log Vededor JVM:     Oracle Corporation
11-May-2020 13:26:25.391 INFORMACIÓN [main] org.apache.catalina.startup.VersionLoggerListener.log CATALINA_BASE:         C:\Users\franc\Desktop\servicios20192020\Programas\Tomcat 8.5
11-May-2020 13:26:25.391 INFORMACIÓN [main] org.apache.catalina.startup.VersionLoggerListener.log CATALINA_HOME:         C:\Users\franc\Desktop\servicios20192020\Programas\Tomcat 8.5
11-May-2020 13:26:25.391 INFORMACIÓN [main] org.apache.catalina.startup.VersionLoggerListener.log Command line argument: -Djava.util.logging.config.file=C:\Users\franc\Desktop\servicios20192020\Programas\Tomcat 8.5\conf\logging.properties
11-May-2020 13:26:25.391 INFORMACIÓN [main] org.apache.catalina.startup.VersionLoggerListener.log Command line argument: -Djava.util.logging.manager=org.apache.juli.ClassLoaderLogManager
11-May-2020 13:26:25.391 INFORMACIÓN [main] org.apache.catalina.startup.VersionLoggerListener.log Command line argument: -Djdk.tls.ephemeralDHKeySize=2048
11-May-2020 13:26:25.391 INFORMACIÓN [main] org.apache.catalina.startup.VersionLoggerListener.log Command line argument: -Djava.protocol.handler.pkgs=org.apache.catalina.webresources
11-May-2020 13:26:25.392 INFORMACIÓN [main] org.apache.catalina.startup.VersionLoggerListener.log Command line argument: -Djava.endorsed.dirs=C:\Users\franc\Desktop\servicios20192020\Programas\Tomcat 8.5\endorsed
11-May-2020 13:26:25.392 INFORMACIÓN [main] org.apache.catalina.startup.VersionLoggerListener.log Command line argument: -Dcatalina.base=C:\Users\franc\Desktop\servicios20192020\Programas\Tomcat 8.5
11-May-2020 13:26:25.392 INFORMACIÓN [main] org.apache.catalina.startup.VersionLoggerListener.log Command line argument: -Dcatalina.home=C:\Users\franc\Desktop\servicios20192020\Programas\Tomcat 8.5
11-May-2020 13:26:25.393 INFORMACIÓN [main] org.apache.catalina.startup.VersionLoggerListener.log Command line argument: -Djava.io.tmpdir=C:\Users\franc\Desktop\servicios20192020\Programas\Tomcat 8.5\temp
11-May-2020 13:26:25.393 INFORMACIÓN [main] org.apache.catalina.core.AprLifecycleListener.lifecycleEvent La biblioteca nativa de Apache Tomcat basada en ARP que permite un rendimiento óptimo en entornos de desarrollo no ha sido hallada en java.library.path: [C:\Program Files\Java\jdk1.8.0_251\bin;C:\Windows\Sun\Java\bin;C:\Windows\system32;C:\Windows;C:\Program Files (x86)\Common Files\Oracle\Java\javapath;C:\Windows\system32;C:\Windows;C:\Windows\System32\Wbem;C:\Windows\System32\WindowsPowerShell\v1.0\;C:\Windows\System32\OpenSSH\;C:\Program Files\Git\cmd;C:\Program Files (x86)\Mikero\DePboTools\bin;C:\Users\franc\AppData\Local\Microsoft\WindowsApps;C:\Users\franc\AppData\Local\Programs\Microsoft VS Code\bin;C:\Users\franc\Desktop\servicios20192020\Programas\apache-ant-1.9.14\bin;C:\Users\franc\AppData\Local\Microsoft\WindowsApps;;C:\Users\franc\AppData\Local\Programs\Microsoft VS Code\bin;C:\Program Files (x86)\Mikero\DePboTools\bin;.]
11-May-2020 13:26:25.467 INFORMACIÓN [main] org.apache.coyote.AbstractProtocol.init Inicializando el manejador de protocolo ["http-nio-8080"]

11-May-2020 13:26:25.545 INFORMACIÓN [main] org.apache.tomcat.util.net.NioSelectorPool.getSharedSelector Using a shared selector for servlet write/read
11-May-2020 13:26:25.551 INFORMACIÓN [main] org.apache.coyote.AbstractProtocol.init Inicializando el manejador de protocolo ["ajp-nio-8009"]

11-May-2020 13:26:25.553 INFORMACIÓN [main] org.apache.tomcat.util.net.NioSelectorPool.getSharedSelector Using a shared selector for servlet write/read
11-May-2020 13:26:25.553 INFORMACIÓN [main] org.apache.catalina.startup.Catalina.load Initialization processed in 362 ms
11-May-2020 13:26:25.570 INFORMACIÓN [main] org.apache.catalina.core.StandardService.startInternal Arrancando servicio [Catalina]
11-May-2020 13:26:25.571 INFORMACIÓN [main] org.apache.catalina.core.StandardEngine.startInternal Starting Servlet Engine: Apache Tomcat/8.5.50
11-May-2020 13:26:25.583 INFORMACIÓN [localhost-startStop-1] org.apache.catalina.startup.HostConfig.deployWAR Despliegue del archivo [C:\Users\franc\Desktop\servicios20192020\Programas\Tomcat 8.5\webapps\axis2.war] de la aplicación web
11-May-2020 13:26:27.963 INFORMACIÓN [localhost-startStop-1] org.apache.jasper.servlet.TldScanner.scanJars Al menos un JAR, que se ha explorado buscando TLDs, aún no contenía TLDs. Activar historial de depuración para este historiador para una completa lista de los JARs que fueron explorados y de los que nos se halló TLDs. Saltarse JARs no necesarios durante la exploración puede dar lugar a una mejora de tiempo significativa en el arranque y compilación de JSP .
11-May-2020 13:26:28.667 INFORMACIÓN [localhost-startStop-1] org.apache.catalina.startup.HostConfig.deployWAR Deployment of web application archive [C:\Users\franc\Desktop\servicios20192020\Programas\Tomcat 8.5\webapps\axis2.war] has finished in [3.083] ms
11-May-2020 13:26:28.668 INFORMACIÓN [localhost-startStop-1] org.apache.catalina.startup.HostConfig.deployWAR Despliegue del archivo [C:\Users\franc\Desktop\servicios20192020\Programas\Tomcat 8.5\webapps\DemoJAXWS.war] de la aplicación web
11-May-2020 13:26:29.840 INFORMACIÓN [localhost-startStop-1] org.apache.jasper.servlet.TldScanner.scanJars Al menos un JAR, que se ha explorado buscando TLDs, aún no contenía TLDs. Activar historial de depuración para este historiador para una completa lista de los JARs que fueron explorados y de los que nos se halló TLDs. Saltarse JARs no necesarios durante la exploración puede dar lugar a una mejora de tiempo significativa en el arranque y compilación de JSP .
11-May-2020 13:26:30.816 INFORMACIÓN [localhost-startStop-1] com.sun.xml.ws.server.MonitorBase.createRoot Metro monitoring rootname successfully set to: com.sun.metro:pp=/,type=WSEndpoint,name=/DemoJAXWS-HelloWorldService-HelloWorldPort
11-May-2020 13:26:30.909 INFORMACIÓN [localhost-startStop-1] com.sun.xml.ws.transport.http.servlet.WSServletDelegate.<init> WSSERVLET14: inicializando el servlet de JAX-WS
11-May-2020 13:26:30.910 INFORMACIÓN [localhost-startStop-1] com.sun.xml.ws.transport.http.servlet.WSServletContextListener.contextInitialized WSSERVLET12: inicializando el listener de contexto de JAX-WS
11-May-2020 13:26:30.911 INFORMACIÓN [localhost-startStop-1] com.sun.xml.ws.transport.http.servlet.WSServletContextListener.contextInitialized WSSERVLET12: inicializando el listener de contexto de JAX-WS
11-May-2020 13:26:30.914 INFORMACIÓN [localhost-startStop-1] org.apache.catalina.startup.HostConfig.deployWAR Deployment of web application archive [C:\Users\franc\Desktop\servicios20192020\Programas\Tomcat 8.5\webapps\DemoJAXWS.war] has finished in [2.246] ms
11-May-2020 13:26:30.915 INFORMACIÓN [localhost-startStop-1] org.apache.catalina.startup.HostConfig.deployWAR Despliegue del archivo [C:\Users\franc\Desktop\servicios20192020\Programas\Tomcat 8.5\webapps\InfoParadas-0.0.1.war] de la aplicación web
11-May-2020 13:26:32.103 INFORMACIÓN [localhost-startStop-1] org.apache.jasper.servlet.TldScanner.scanJars Al menos un JAR, que se ha explorado buscando TLDs, aún no contenía TLDs. Activar historial de depuración para este historiador para una completa lista de los JARs que fueron explorados y de los que nos se halló TLDs. Saltarse JARs no necesarios durante la exploración puede dar lugar a una mejora de tiempo significativa en el arranque y compilación de JSP .
11-May-2020 13:26:32.136 INFORMACIÓN [localhost-startStop-1] com.sun.xml.ws.server.MonitorBase.createRoot Metro monitoring rootname successfully set to: com.sun.metro:pp=/,type=WSEndpoint,name=/InfoParadas-0.0.1-InfoParadasService-InfoParadasPort
11-May-2020 13:26:32.157 INFORMACIÓN [localhost-startStop-1] com.sun.xml.ws.transport.http.servlet.WSServletDelegate.<init> WSSERVLET14: inicializando el servlet de JAX-WS
11-May-2020 13:26:32.158 INFORMACIÓN [localhost-startStop-1] com.sun.xml.ws.transport.http.servlet.WSServletContextListener.contextInitialized WSSERVLET12: inicializando el listener de contexto de JAX-WS
11-May-2020 13:26:32.159 INFORMACIÓN [localhost-startStop-1] com.sun.xml.ws.transport.http.servlet.WSServletContextListener.contextInitialized WSSERVLET12: inicializando el listener de contexto de JAX-WS
11-May-2020 13:26:32.161 INFORMACIÓN [localhost-startStop-1] org.apache.catalina.startup.HostConfig.deployWAR Deployment of web application archive [C:\Users\franc\Desktop\servicios20192020\Programas\Tomcat 8.5\webapps\InfoParadas-0.0.1.war] has finished in [1.246] ms
11-May-2020 13:26:32.161 INFORMACIÓN [localhost-startStop-1] org.apache.catalina.startup.HostConfig.deployWAR Despliegue del archivo [C:\Users\franc\Desktop\servicios20192020\Programas\Tomcat 8.5\webapps\ode.war] de la aplicación web
11-May-2020 13:26:35.560 INFORMACIÓN [localhost-startStop-1] org.apache.jasper.servlet.TldScanner.scanJars Al menos un JAR, que se ha explorado buscando TLDs, aún no contenía TLDs. Activar historial de depuración para este historiador para una completa lista de los JARs que fueron explorados y de los que nos se halló TLDs. Saltarse JARs no necesarios durante la exploración puede dar lugar a una mejora de tiempo significativa en el arranque y compilación de JSP .
11-May-2020 13:26:37.739 INFORMACIÓN [localhost-startStop-1] org.apache.catalina.startup.HostConfig.deployWAR Deployment of web application archive [C:\Users\franc\Desktop\servicios20192020\Programas\Tomcat 8.5\webapps\ode.war] has finished in [5.578] ms
11-May-2020 13:26:37.740 INFORMACIÓN [localhost-startStop-1] org.apache.catalina.startup.HostConfig.deployWAR Despliegue del archivo [C:\Users\franc\Desktop\servicios20192020\Programas\Tomcat 8.5\webapps\P5_Servidor-0.0.1-SNAPSHOT.war] de la aplicación web
11-May-2020 13:26:39.303 INFORMACIÓN [localhost-startStop-1] org.apache.jasper.servlet.TldScanner.scanJars Al menos un JAR, que se ha explorado buscando TLDs, aún no contenía TLDs. Activar historial de depuración para este historiador para una completa lista de los JARs que fueron explorados y de los que nos se halló TLDs. Saltarse JARs no necesarios durante la exploración puede dar lugar a una mejora de tiempo significativa en el arranque y compilación de JSP .
11-May-2020 13:26:39.963 INFORMACIÓN [localhost-startStop-1] org.apache.catalina.startup.HostConfig.deployWAR Deployment of web application archive [C:\Users\franc\Desktop\servicios20192020\Programas\Tomcat 8.5\webapps\P5_Servidor-0.0.1-SNAPSHOT.war] has finished in [2.222] ms
11-May-2020 13:26:39.963 INFORMACIÓN [localhost-startStop-1] org.apache.catalina.startup.HostConfig.deployWAR Despliegue del archivo [C:\Users\franc\Desktop\servicios20192020\Programas\Tomcat 8.5\webapps\P5_Servidor_Hiperenlaces-0.0.1-SNAPSHOT.war] de la aplicación web
11-May-2020 13:26:41.478 INFORMACIÓN [localhost-startStop-1] org.apache.jasper.servlet.TldScanner.scanJars Al menos un JAR, que se ha explorado buscando TLDs, aún no contenía TLDs. Activar historial de depuración para este historiador para una completa lista de los JARs que fueron explorados y de los que nos se halló TLDs. Saltarse JARs no necesarios durante la exploración puede dar lugar a una mejora de tiempo significativa en el arranque y compilación de JSP .
11-May-2020 13:26:41.982 INFORMACIÓN [localhost-startStop-1] org.apache.catalina.startup.HostConfig.deployWAR Deployment of web application archive [C:\Users\franc\Desktop\servicios20192020\Programas\Tomcat 8.5\webapps\P5_Servidor_Hiperenlaces-0.0.1-SNAPSHOT.war] has finished in [2.019] ms
11-May-2020 13:26:41.982 INFORMACIÓN [localhost-startStop-1] org.apache.catalina.startup.HostConfig.deployDirectory Desplegando el directorio [C:\Users\franc\Desktop\servicios20192020\Programas\Tomcat 8.5\webapps\docs] de la aplicación web
11-May-2020 13:26:43.035 INFORMACIÓN [localhost-startStop-1] org.apache.jasper.servlet.TldScanner.scanJars Al menos un JAR, que se ha explorado buscando TLDs, aún no contenía TLDs. Activar historial de depuración para este historiador para una completa lista de los JARs que fueron explorados y de los que nos se halló TLDs. Saltarse JARs no necesarios durante la exploración puede dar lugar a una mejora de tiempo significativa en el arranque y compilación de JSP .
11-May-2020 13:26:43.036 INFORMACIÓN [localhost-startStop-1] org.apache.catalina.startup.HostConfig.deployDirectory Deployment of web application directory [C:\Users\franc\Desktop\servicios20192020\Programas\Tomcat 8.5\webapps\docs] has finished in [1.054] ms
11-May-2020 13:26:43.036 INFORMACIÓN [localhost-startStop-1] org.apache.catalina.startup.HostConfig.deployDirectory Desplegando el directorio [C:\Users\franc\Desktop\servicios20192020\Programas\Tomcat 8.5\webapps\examples] de la aplicación web
11-May-2020 13:26:44.338 INFORMACIÓN [localhost-startStop-1] org.apache.jasper.servlet.TldScanner.scanJars Al menos un JAR, que se ha explorado buscando TLDs, aún no contenía TLDs. Activar historial de depuración para este historiador para una completa lista de los JARs que fueron explorados y de los que nos se halló TLDs. Saltarse JARs no necesarios durante la exploración puede dar lugar a una mejora de tiempo significativa en el arranque y compilación de JSP .
11-May-2020 13:26:44.363 INFORMACIÓN [localhost-startStop-1] org.apache.catalina.startup.HostConfig.deployDirectory Deployment of web application directory [C:\Users\franc\Desktop\servicios20192020\Programas\Tomcat 8.5\webapps\examples] has finished in [1.327] ms
11-May-2020 13:26:44.363 INFORMACIÓN [localhost-startStop-1] org.apache.catalina.startup.HostConfig.deployDirectory Desplegando el directorio [C:\Users\franc\Desktop\servicios20192020\Programas\Tomcat 8.5\webapps\host-manager] de la aplicación web
11-May-2020 13:26:44.380 INFORMACIÓN [localhost-startStop-1] org.apache.catalina.startup.HostConfig.deployDirectory Deployment of web application directory [C:\Users\franc\Desktop\servicios20192020\Programas\Tomcat 8.5\webapps\host-manager] has finished in [17] ms
11-May-2020 13:26:44.380 INFORMACIÓN [localhost-startStop-1] org.apache.catalina.startup.HostConfig.deployDirectory Desplegando el directorio [C:\Users\franc\Desktop\servicios20192020\Programas\Tomcat 8.5\webapps\manager] de la aplicación web
11-May-2020 13:26:44.392 INFORMACIÓN [localhost-startStop-1] org.apache.catalina.startup.HostConfig.deployDirectory Deployment of web application directory [C:\Users\franc\Desktop\servicios20192020\Programas\Tomcat 8.5\webapps\manager] has finished in [12] ms
11-May-2020 13:26:44.393 INFORMACIÓN [localhost-startStop-1] org.apache.catalina.startup.HostConfig.deployDirectory Desplegando el directorio [C:\Users\franc\Desktop\servicios20192020\Programas\Tomcat 8.5\webapps\ROOT] de la aplicación web
11-May-2020 13:26:45.454 INFORMACIÓN [localhost-startStop-1] org.apache.jasper.servlet.TldScanner.scanJars Al menos un JAR, que se ha explorado buscando TLDs, aún no contenía TLDs. Activar historial de depuración para este historiador para una completa lista de los JARs que fueron explorados y de los que nos se halló TLDs. Saltarse JARs no necesarios durante la exploración puede dar lugar a una mejora de tiempo significativa en el arranque y compilación de JSP .
11-May-2020 13:26:45.455 INFORMACIÓN [localhost-startStop-1] org.apache.catalina.startup.HostConfig.deployDirectory Deployment of web application directory [C:\Users\franc\Desktop\servicios20192020\Programas\Tomcat 8.5\webapps\ROOT] has finished in [1.062] ms
11-May-2020 13:26:45.458 INFORMACIÓN [main] org.apache.coyote.AbstractProtocol.start Starting ProtocolHandler ["http-nio-8080"]
11-May-2020 13:26:45.464 INFORMACIÓN [main] org.apache.coyote.AbstractProtocol.start Starting ProtocolHandler ["ajp-nio-8009"]
11-May-2020 13:26:45.466 INFORMACIÓN [main] org.apache.catalina.startup.Catalina.start Server startup in 19912 ms
11-May-2020 13:27:22.135 INFORMACIÓN [Thread-16] org.apache.coyote.AbstractProtocol.pause Pausing ProtocolHandler ["http-nio-8080"]
11-May-2020 13:27:22.166 INFORMACIÓN [Thread-16] org.apache.coyote.AbstractProtocol.pause Pausing ProtocolHandler ["ajp-nio-8009"]
11-May-2020 13:27:22.198 INFORMACIÓN [Thread-16] org.apache.catalina.core.StandardService.stopInternal Parando servicio [Catalina]
11-May-2020 13:27:22.309 ADVERTENCIA [localhost-startStop-2] org.apache.catalina.loader.WebappClassLoaderBase.clearReferencesJdbc La aplicación web [ode] registró el conductor JDBC [org.apache.derby.jdbc.AutoloadedDriver] pero falló al anular el registro mientras la aplicación web estaba parada. Para prevenir un fallo de memoria, se ha anulado el registro del conductor JDBC por la fuerza.
11-May-2020 13:27:22.309 ADVERTENCIA [localhost-startStop-2] org.apache.catalina.loader.WebappClassLoaderBase.clearReferencesThreads The web application [ode] appears to have started a thread named [Timer-3] but has failed to stop it. This is very likely to create a memory leak. Stack trace of thread:
 java.lang.Object.wait(Native Method)
 java.util.TimerThread.mainLoop(Timer.java:552)
 java.util.TimerThread.run(Timer.java:505)
11-May-2020 13:27:22.319 INFORMACIÓN [localhost-startStop-2] com.sun.xml.ws.transport.http.servlet.WSServletDelegate.destroy WSSERVLET15: el servlet de JAX-WS se ha destruido
11-May-2020 13:27:22.320 INFORMACIÓN [localhost-startStop-2] com.sun.xml.ws.server.WSEndpointImpl.closeManagedObjectManager Closing Metro monitoring root: com.sun.metro:pp=/,type=WSEndpoint,name=/DemoJAXWS-HelloWorldService-HelloWorldPort
11-May-2020 13:27:22.321 INFORMACIÓN [localhost-startStop-2] com.sun.xml.ws.transport.http.servlet.WSServletContextListener.contextDestroyed WSSERVLET13: el listener de contexto de JAX-WS se ha destruido
11-May-2020 13:27:22.321 INFORMACIÓN [localhost-startStop-2] com.sun.xml.ws.transport.http.servlet.WSServletContextListener.contextDestroyed WSSERVLET13: el listener de contexto de JAX-WS se ha destruido
11-May-2020 13:27:22.327 INFORMACIÓN [Thread-16] org.apache.coyote.AbstractProtocol.stop Stopping ProtocolHandler ["http-nio-8080"]
11-May-2020 13:27:22.329 INFORMACIÓN [Thread-16] org.apache.coyote.AbstractProtocol.stop Stopping ProtocolHandler ["ajp-nio-8009"]
11-May-2020 13:27:22.330 INFORMACIÓN [Thread-16] org.apache.coyote.AbstractProtocol.destroy Destroying ProtocolHandler ["http-nio-8080"]
11-May-2020 13:27:22.330 INFORMACIÓN [Thread-16] org.apache.coyote.AbstractProtocol.destroy Destroying ProtocolHandler ["ajp-nio-8009"]
11-May-2020 13:27:26.642 INFORMACIÓN [main] org.apache.catalina.startup.VersionLoggerListener.log Nombre de la versión del servidor:   Apache Tomcat/8.5.50

11-May-2020 13:27:26.644 INFORMACIÓN [main] org.apache.catalina.startup.VersionLoggerListener.log Server built:          Dec 7 2019 19:19:46 UTC
11-May-2020 13:27:26.645 INFORMACIÓN [main] org.apache.catalina.startup.VersionLoggerListener.log Número de versión de servidor:         8.5.50.0
11-May-2020 13:27:26.645 INFORMACIÓN [main] org.apache.catalina.startup.VersionLoggerListener.log OS Name:               Windows 10
11-May-2020 13:27:26.645 INFORMACIÓN [main] org.apache.catalina.startup.VersionLoggerListener.log Versión de Systema Operativo:      10.0

11-May-2020 13:27:26.646 INFORMACIÓN [main] org.apache.catalina.startup.VersionLoggerListener.log Arquitectura:          amd64

11-May-2020 13:27:26.646 INFORMACIÓN [main] org.apache.catalina.startup.VersionLoggerListener.log Java Home:             C:\Program Files\Java\jdk1.8.0_251\jre
11-May-2020 13:27:26.646 INFORMACIÓN [main] org.apache.catalina.startup.VersionLoggerListener.log JVM Version:           1.8.0_251-b08
11-May-2020 13:27:26.646 INFORMACIÓN [main] org.apache.catalina.startup.VersionLoggerListener.log Vededor JVM:     Oracle Corporation
11-May-2020 13:27:26.646 INFORMACIÓN [main] org.apache.catalina.startup.VersionLoggerListener.log CATALINA_BASE:         C:\Users\franc\Desktop\servicios20192020\Programas\Tomcat 8.5
11-May-2020 13:27:26.646 INFORMACIÓN [main] org.apache.catalina.startup.VersionLoggerListener.log CATALINA_HOME:         C:\Users\franc\Desktop\servicios20192020\Programas\Tomcat 8.5
11-May-2020 13:27:26.646 INFORMACIÓN [main] org.apache.catalina.startup.VersionLoggerListener.log Command line argument: -Djava.util.logging.config.file=C:\Users\franc\Desktop\servicios20192020\Programas\Tomcat 8.5\conf\logging.properties
11-May-2020 13:27:26.647 INFORMACIÓN [main] org.apache.catalina.startup.VersionLoggerListener.log Command line argument: -Djava.util.logging.manager=org.apache.juli.ClassLoaderLogManager
11-May-2020 13:27:26.647 INFORMACIÓN [main] org.apache.catalina.startup.VersionLoggerListener.log Command line argument: -Djdk.tls.ephemeralDHKeySize=2048
11-May-2020 13:27:26.647 INFORMACIÓN [main] org.apache.catalina.startup.VersionLoggerListener.log Command line argument: -Djava.protocol.handler.pkgs=org.apache.catalina.webresources
11-May-2020 13:27:26.647 INFORMACIÓN [main] org.apache.catalina.startup.VersionLoggerListener.log Command line argument: -Djava.endorsed.dirs=C:\Users\franc\Desktop\servicios20192020\Programas\Tomcat 8.5\endorsed
11-May-2020 13:27:26.647 INFORMACIÓN [main] org.apache.catalina.startup.VersionLoggerListener.log Command line argument: -Dcatalina.base=C:\Users\franc\Desktop\servicios20192020\Programas\Tomcat 8.5
11-May-2020 13:27:26.648 INFORMACIÓN [main] org.apache.catalina.startup.VersionLoggerListener.log Command line argument: -Dcatalina.home=C:\Users\franc\Desktop\servicios20192020\Programas\Tomcat 8.5
11-May-2020 13:27:26.648 INFORMACIÓN [main] org.apache.catalina.startup.VersionLoggerListener.log Command line argument: -Djava.io.tmpdir=C:\Users\franc\Desktop\servicios20192020\Programas\Tomcat 8.5\temp
11-May-2020 13:27:26.649 INFORMACIÓN [main] org.apache.catalina.core.AprLifecycleListener.lifecycleEvent La biblioteca nativa de Apache Tomcat basada en ARP que permite un rendimiento óptimo en entornos de desarrollo no ha sido hallada en java.library.path: [C:\Program Files\Java\jdk1.8.0_251\bin;C:\Windows\Sun\Java\bin;C:\Windows\system32;C:\Windows;C:\Program Files (x86)\Common Files\Oracle\Java\javapath;C:\Windows\system32;C:\Windows;C:\Windows\System32\Wbem;C:\Windows\System32\WindowsPowerShell\v1.0\;C:\Windows\System32\OpenSSH\;C:\Program Files\Git\cmd;C:\Program Files (x86)\Mikero\DePboTools\bin;C:\Users\franc\AppData\Local\Microsoft\WindowsApps;C:\Users\franc\AppData\Local\Programs\Microsoft VS Code\bin;C:\Users\franc\Desktop\servicios20192020\Programas\apache-ant-1.9.14\bin;C:\Users\franc\AppData\Local\Microsoft\WindowsApps;;C:\Users\franc\AppData\Local\Programs\Microsoft VS Code\bin;C:\Program Files (x86)\Mikero\DePboTools\bin;.]
11-May-2020 13:27:26.728 INFORMACIÓN [main] org.apache.coyote.AbstractProtocol.init Inicializando el manejador de protocolo ["http-nio-8080"]

11-May-2020 13:27:26.805 INFORMACIÓN [main] org.apache.tomcat.util.net.NioSelectorPool.getSharedSelector Using a shared selector for servlet write/read
11-May-2020 13:27:26.811 INFORMACIÓN [main] org.apache.coyote.AbstractProtocol.init Inicializando el manejador de protocolo ["ajp-nio-8009"]

11-May-2020 13:27:26.812 INFORMACIÓN [main] org.apache.tomcat.util.net.NioSelectorPool.getSharedSelector Using a shared selector for servlet write/read
11-May-2020 13:27:26.813 INFORMACIÓN [main] org.apache.catalina.startup.Catalina.load Initialization processed in 367 ms
11-May-2020 13:27:26.830 INFORMACIÓN [main] org.apache.catalina.core.StandardService.startInternal Arrancando servicio [Catalina]
11-May-2020 13:27:26.830 INFORMACIÓN [main] org.apache.catalina.core.StandardEngine.startInternal Starting Servlet Engine: Apache Tomcat/8.5.50
11-May-2020 13:27:26.843 INFORMACIÓN [localhost-startStop-1] org.apache.catalina.startup.HostConfig.deployWAR Despliegue del archivo [C:\Users\franc\Desktop\servicios20192020\Programas\Tomcat 8.5\webapps\axis2.war] de la aplicación web
11-May-2020 13:27:29.286 INFORMACIÓN [localhost-startStop-1] org.apache.jasper.servlet.TldScanner.scanJars Al menos un JAR, que se ha explorado buscando TLDs, aún no contenía TLDs. Activar historial de depuración para este historiador para una completa lista de los JARs que fueron explorados y de los que nos se halló TLDs. Saltarse JARs no necesarios durante la exploración puede dar lugar a una mejora de tiempo significativa en el arranque y compilación de JSP .
11-May-2020 13:27:30.041 INFORMACIÓN [localhost-startStop-1] org.apache.catalina.startup.HostConfig.deployWAR Deployment of web application archive [C:\Users\franc\Desktop\servicios20192020\Programas\Tomcat 8.5\webapps\axis2.war] has finished in [3.198] ms
11-May-2020 13:27:30.042 INFORMACIÓN [localhost-startStop-1] org.apache.catalina.startup.HostConfig.deployWAR Despliegue del archivo [C:\Users\franc\Desktop\servicios20192020\Programas\Tomcat 8.5\webapps\DemoJAXWS.war] de la aplicación web
11-May-2020 13:27:31.234 INFORMACIÓN [localhost-startStop-1] org.apache.jasper.servlet.TldScanner.scanJars Al menos un JAR, que se ha explorado buscando TLDs, aún no contenía TLDs. Activar historial de depuración para este historiador para una completa lista de los JARs que fueron explorados y de los que nos se halló TLDs. Saltarse JARs no necesarios durante la exploración puede dar lugar a una mejora de tiempo significativa en el arranque y compilación de JSP .
11-May-2020 13:27:32.252 INFORMACIÓN [localhost-startStop-1] com.sun.xml.ws.server.MonitorBase.createRoot Metro monitoring rootname successfully set to: com.sun.metro:pp=/,type=WSEndpoint,name=/DemoJAXWS-HelloWorldService-HelloWorldPort
11-May-2020 13:27:32.346 INFORMACIÓN [localhost-startStop-1] com.sun.xml.ws.transport.http.servlet.WSServletDelegate.<init> WSSERVLET14: inicializando el servlet de JAX-WS
11-May-2020 13:27:32.347 INFORMACIÓN [localhost-startStop-1] com.sun.xml.ws.transport.http.servlet.WSServletContextListener.contextInitialized WSSERVLET12: inicializando el listener de contexto de JAX-WS
11-May-2020 13:27:32.347 INFORMACIÓN [localhost-startStop-1] com.sun.xml.ws.transport.http.servlet.WSServletContextListener.contextInitialized WSSERVLET12: inicializando el listener de contexto de JAX-WS
11-May-2020 13:27:32.350 INFORMACIÓN [localhost-startStop-1] org.apache.catalina.startup.HostConfig.deployWAR Deployment of web application archive [C:\Users\franc\Desktop\servicios20192020\Programas\Tomcat 8.5\webapps\DemoJAXWS.war] has finished in [2.308] ms
11-May-2020 13:27:32.351 INFORMACIÓN [localhost-startStop-1] org.apache.catalina.startup.HostConfig.deployWAR Despliegue del archivo [C:\Users\franc\Desktop\servicios20192020\Programas\Tomcat 8.5\webapps\InfoParadas-0.0.1.war] de la aplicación web
11-May-2020 13:27:33.626 INFORMACIÓN [localhost-startStop-1] org.apache.jasper.servlet.TldScanner.scanJars Al menos un JAR, que se ha explorado buscando TLDs, aún no contenía TLDs. Activar historial de depuración para este historiador para una completa lista de los JARs que fueron explorados y de los que nos se halló TLDs. Saltarse JARs no necesarios durante la exploración puede dar lugar a una mejora de tiempo significativa en el arranque y compilación de JSP .
11-May-2020 13:27:33.660 INFORMACIÓN [localhost-startStop-1] com.sun.xml.ws.server.MonitorBase.createRoot Metro monitoring rootname successfully set to: com.sun.metro:pp=/,type=WSEndpoint,name=/InfoParadas-0.0.1-InfoParadasService-InfoParadasPort
11-May-2020 13:27:33.682 INFORMACIÓN [localhost-startStop-1] com.sun.xml.ws.transport.http.servlet.WSServletDelegate.<init> WSSERVLET14: inicializando el servlet de JAX-WS
11-May-2020 13:27:33.682 INFORMACIÓN [localhost-startStop-1] com.sun.xml.ws.transport.http.servlet.WSServletContextListener.contextInitialized WSSERVLET12: inicializando el listener de contexto de JAX-WS
11-May-2020 13:27:33.683 INFORMACIÓN [localhost-startStop-1] com.sun.xml.ws.transport.http.servlet.WSServletContextListener.contextInitialized WSSERVLET12: inicializando el listener de contexto de JAX-WS
11-May-2020 13:27:33.685 INFORMACIÓN [localhost-startStop-1] org.apache.catalina.startup.HostConfig.deployWAR Deployment of web application archive [C:\Users\franc\Desktop\servicios20192020\Programas\Tomcat 8.5\webapps\InfoParadas-0.0.1.war] has finished in [1.334] ms
11-May-2020 13:27:33.685 INFORMACIÓN [localhost-startStop-1] org.apache.catalina.startup.HostConfig.deployWAR Despliegue del archivo [C:\Users\franc\Desktop\servicios20192020\Programas\Tomcat 8.5\webapps\ode.war] de la aplicación web
11-May-2020 13:27:37.107 INFORMACIÓN [localhost-startStop-1] org.apache.jasper.servlet.TldScanner.scanJars Al menos un JAR, que se ha explorado buscando TLDs, aún no contenía TLDs. Activar historial de depuración para este historiador para una completa lista de los JARs que fueron explorados y de los que nos se halló TLDs. Saltarse JARs no necesarios durante la exploración puede dar lugar a una mejora de tiempo significativa en el arranque y compilación de JSP .
11-May-2020 13:27:39.222 INFORMACIÓN [localhost-startStop-1] org.apache.catalina.startup.HostConfig.deployWAR Deployment of web application archive [C:\Users\franc\Desktop\servicios20192020\Programas\Tomcat 8.5\webapps\ode.war] has finished in [5.537] ms
11-May-2020 13:27:39.223 INFORMACIÓN [localhost-startStop-1] org.apache.catalina.startup.HostConfig.deployWAR Despliegue del archivo [C:\Users\franc\Desktop\servicios20192020\Programas\Tomcat 8.5\webapps\P5_Servidor-0.0.1-SNAPSHOT.war] de la aplicación web
11-May-2020 13:27:40.801 INFORMACIÓN [localhost-startStop-1] org.apache.jasper.servlet.TldScanner.scanJars Al menos un JAR, que se ha explorado buscando TLDs, aún no contenía TLDs. Activar historial de depuración para este historiador para una completa lista de los JARs que fueron explorados y de los que nos se halló TLDs. Saltarse JARs no necesarios durante la exploración puede dar lugar a una mejora de tiempo significativa en el arranque y compilación de JSP .
11-May-2020 13:27:41.503 INFORMACIÓN [localhost-startStop-1] org.apache.catalina.startup.HostConfig.deployWAR Deployment of web application archive [C:\Users\franc\Desktop\servicios20192020\Programas\Tomcat 8.5\webapps\P5_Servidor-0.0.1-SNAPSHOT.war] has finished in [2.280] ms
11-May-2020 13:27:41.503 INFORMACIÓN [localhost-startStop-1] org.apache.catalina.startup.HostConfig.deployWAR Despliegue del archivo [C:\Users\franc\Desktop\servicios20192020\Programas\Tomcat 8.5\webapps\P5_Servidor_Hiperenlaces-0.0.1-SNAPSHOT.war] de la aplicación web
11-May-2020 13:27:42.995 INFORMACIÓN [localhost-startStop-1] org.apache.jasper.servlet.TldScanner.scanJars Al menos un JAR, que se ha explorado buscando TLDs, aún no contenía TLDs. Activar historial de depuración para este historiador para una completa lista de los JARs que fueron explorados y de los que nos se halló TLDs. Saltarse JARs no necesarios durante la exploración puede dar lugar a una mejora de tiempo significativa en el arranque y compilación de JSP .
11-May-2020 13:27:43.501 INFORMACIÓN [localhost-startStop-1] org.apache.catalina.startup.HostConfig.deployWAR Deployment of web application archive [C:\Users\franc\Desktop\servicios20192020\Programas\Tomcat 8.5\webapps\P5_Servidor_Hiperenlaces-0.0.1-SNAPSHOT.war] has finished in [1.998] ms
11-May-2020 13:27:43.502 INFORMACIÓN [localhost-startStop-1] org.apache.catalina.startup.HostConfig.deployDirectory Desplegando el directorio [C:\Users\franc\Desktop\servicios20192020\Programas\Tomcat 8.5\webapps\docs] de la aplicación web
11-May-2020 13:27:44.547 INFORMACIÓN [localhost-startStop-1] org.apache.jasper.servlet.TldScanner.scanJars Al menos un JAR, que se ha explorado buscando TLDs, aún no contenía TLDs. Activar historial de depuración para este historiador para una completa lista de los JARs que fueron explorados y de los que nos se halló TLDs. Saltarse JARs no necesarios durante la exploración puede dar lugar a una mejora de tiempo significativa en el arranque y compilación de JSP .
11-May-2020 13:27:44.548 INFORMACIÓN [localhost-startStop-1] org.apache.catalina.startup.HostConfig.deployDirectory Deployment of web application directory [C:\Users\franc\Desktop\servicios20192020\Programas\Tomcat 8.5\webapps\docs] has finished in [1.046] ms
11-May-2020 13:27:44.548 INFORMACIÓN [localhost-startStop-1] org.apache.catalina.startup.HostConfig.deployDirectory Desplegando el directorio [C:\Users\franc\Desktop\servicios20192020\Programas\Tomcat 8.5\webapps\examples] de la aplicación web
11-May-2020 13:27:45.873 INFORMACIÓN [localhost-startStop-1] org.apache.jasper.servlet.TldScanner.scanJars Al menos un JAR, que se ha explorado buscando TLDs, aún no contenía TLDs. Activar historial de depuración para este historiador para una completa lista de los JARs que fueron explorados y de los que nos se halló TLDs. Saltarse JARs no necesarios durante la exploración puede dar lugar a una mejora de tiempo significativa en el arranque y compilación de JSP .
11-May-2020 13:27:45.900 INFORMACIÓN [localhost-startStop-1] org.apache.catalina.startup.HostConfig.deployDirectory Deployment of web application directory [C:\Users\franc\Desktop\servicios20192020\Programas\Tomcat 8.5\webapps\examples] has finished in [1.352] ms
11-May-2020 13:27:45.900 INFORMACIÓN [localhost-startStop-1] org.apache.catalina.startup.HostConfig.deployDirectory Desplegando el directorio [C:\Users\franc\Desktop\servicios20192020\Programas\Tomcat 8.5\webapps\host-manager] de la aplicación web
11-May-2020 13:27:45.923 INFORMACIÓN [localhost-startStop-1] org.apache.catalina.startup.HostConfig.deployDirectory Deployment of web application directory [C:\Users\franc\Desktop\servicios20192020\Programas\Tomcat 8.5\webapps\host-manager] has finished in [23] ms
11-May-2020 13:27:45.923 INFORMACIÓN [localhost-startStop-1] org.apache.catalina.startup.HostConfig.deployDirectory Desplegando el directorio [C:\Users\franc\Desktop\servicios20192020\Programas\Tomcat 8.5\webapps\manager] de la aplicación web
11-May-2020 13:27:45.936 INFORMACIÓN [localhost-startStop-1] org.apache.catalina.startup.HostConfig.deployDirectory Deployment of web application directory [C:\Users\franc\Desktop\servicios20192020\Programas\Tomcat 8.5\webapps\manager] has finished in [13] ms
11-May-2020 13:27:45.936 INFORMACIÓN [localhost-startStop-1] org.apache.catalina.startup.HostConfig.deployDirectory Desplegando el directorio [C:\Users\franc\Desktop\servicios20192020\Programas\Tomcat 8.5\webapps\ROOT] de la aplicación web
11-May-2020 13:27:46.985 INFORMACIÓN [localhost-startStop-1] org.apache.jasper.servlet.TldScanner.scanJars Al menos un JAR, que se ha explorado buscando TLDs, aún no contenía TLDs. Activar historial de depuración para este historiador para una completa lista de los JARs que fueron explorados y de los que nos se halló TLDs. Saltarse JARs no necesarios durante la exploración puede dar lugar a una mejora de tiempo significativa en el arranque y compilación de JSP .
11-May-2020 13:27:46.986 INFORMACIÓN [localhost-startStop-1] org.apache.catalina.startup.HostConfig.deployDirectory Deployment of web application directory [C:\Users\franc\Desktop\servicios20192020\Programas\Tomcat 8.5\webapps\ROOT] has finished in [1.050] ms
11-May-2020 13:27:46.989 INFORMACIÓN [main] org.apache.coyote.AbstractProtocol.start Starting ProtocolHandler ["http-nio-8080"]
11-May-2020 13:27:46.995 INFORMACIÓN [main] org.apache.coyote.AbstractProtocol.start Starting ProtocolHandler ["ajp-nio-8009"]
11-May-2020 13:27:46.997 INFORMACIÓN [main] org.apache.catalina.startup.Catalina.start Server startup in 20183 ms
11-May-2020 13:52:32.889 INFORMACIÓN [Thread-16] org.apache.coyote.AbstractProtocol.pause Pausing ProtocolHandler ["http-nio-8080"]
11-May-2020 13:52:32.921 INFORMACIÓN [Thread-16] org.apache.coyote.AbstractProtocol.pause Pausing ProtocolHandler ["ajp-nio-8009"]
11-May-2020 13:52:32.951 INFORMACIÓN [Thread-16] org.apache.catalina.core.StandardService.stopInternal Parando servicio [Catalina]
11-May-2020 13:52:33.069 ADVERTENCIA [localhost-startStop-2] org.apache.catalina.loader.WebappClassLoaderBase.clearReferencesJdbc La aplicación web [ode] registró el conductor JDBC [org.apache.derby.jdbc.AutoloadedDriver] pero falló al anular el registro mientras la aplicación web estaba parada. Para prevenir un fallo de memoria, se ha anulado el registro del conductor JDBC por la fuerza.
11-May-2020 13:52:33.069 ADVERTENCIA [localhost-startStop-2] org.apache.catalina.loader.WebappClassLoaderBase.clearReferencesThreads The web application [ode] appears to have started a thread named [Timer-3] but has failed to stop it. This is very likely to create a memory leak. Stack trace of thread:
 java.lang.Object.wait(Native Method)
 java.util.TimerThread.mainLoop(Timer.java:552)
 java.util.TimerThread.run(Timer.java:505)
11-May-2020 13:52:33.070 GRAVE [localhost-startStop-2] org.apache.catalina.loader.WebappClassLoaderBase.checkThreadLocalMapForLeaks La aplicación web [ode] creó un ThreadLocal con clave del tipo [java.lang.ThreadLocal] (valor [java.lang.ThreadLocal@35449a31]) y un valor del tipo [org.apache.derby.iapi.services.context.ContextManager] (valor [org.apache.derby.iapi.services.context.ContextManager@7517c730]) pero no pudo quitarlo cuando la aplicación web se paró. Los hilos se van a renovar con el tiempo para intentar evitar in posible fallo de memoria.
11-May-2020 13:52:33.070 GRAVE [localhost-startStop-2] org.apache.catalina.loader.WebappClassLoaderBase.checkThreadLocalMapForLeaks La aplicación web [ode] creó un ThreadLocal con clave del tipo [java.lang.ThreadLocal] (valor [java.lang.ThreadLocal@35449a31]) y un valor del tipo [org.apache.derby.iapi.services.context.ContextManager] (valor [org.apache.derby.iapi.services.context.ContextManager@7517c730]) pero no pudo quitarlo cuando la aplicación web se paró. Los hilos se van a renovar con el tiempo para intentar evitar in posible fallo de memoria.
11-May-2020 13:52:33.077 INFORMACIÓN [localhost-startStop-2] com.sun.xml.ws.transport.http.servlet.WSServletDelegate.destroy WSSERVLET15: el servlet de JAX-WS se ha destruido
11-May-2020 13:52:33.078 INFORMACIÓN [localhost-startStop-2] com.sun.xml.ws.server.WSEndpointImpl.closeManagedObjectManager Closing Metro monitoring root: com.sun.metro:pp=/,type=WSEndpoint,name=/DemoJAXWS-HelloWorldService-HelloWorldPort
11-May-2020 13:52:33.079 INFORMACIÓN [localhost-startStop-2] com.sun.xml.ws.transport.http.servlet.WSServletContextListener.contextDestroyed WSSERVLET13: el listener de contexto de JAX-WS se ha destruido
11-May-2020 13:52:33.079 INFORMACIÓN [localhost-startStop-2] com.sun.xml.ws.transport.http.servlet.WSServletContextListener.contextDestroyed WSSERVLET13: el listener de contexto de JAX-WS se ha destruido
11-May-2020 13:52:33.086 INFORMACIÓN [Thread-16] org.apache.coyote.AbstractProtocol.stop Stopping ProtocolHandler ["http-nio-8080"]
11-May-2020 13:52:33.088 INFORMACIÓN [Thread-16] org.apache.coyote.AbstractProtocol.stop Stopping ProtocolHandler ["ajp-nio-8009"]
11-May-2020 13:52:33.089 INFORMACIÓN [Thread-16] org.apache.coyote.AbstractProtocol.destroy Destroying ProtocolHandler ["http-nio-8080"]
11-May-2020 13:52:33.090 INFORMACIÓN [Thread-16] org.apache.coyote.AbstractProtocol.destroy Destroying ProtocolHandler ["ajp-nio-8009"]
11-May-2020 17:10:14.359 INFORMACIÓN [main] org.apache.catalina.startup.VersionLoggerListener.log Nombre de la versión del servidor:   Apache Tomcat/8.5.50

11-May-2020 17:10:14.375 INFORMACIÓN [main] org.apache.catalina.startup.VersionLoggerListener.log Server built:          Dec 7 2019 19:19:46 UTC
11-May-2020 17:10:14.376 INFORMACIÓN [main] org.apache.catalina.startup.VersionLoggerListener.log Número de versión de servidor:         8.5.50.0
11-May-2020 17:10:14.376 INFORMACIÓN [main] org.apache.catalina.startup.VersionLoggerListener.log OS Name:               Windows 10
11-May-2020 17:10:14.376 INFORMACIÓN [main] org.apache.catalina.startup.VersionLoggerListener.log Versión de Systema Operativo:      10.0

11-May-2020 17:10:14.377 INFORMACIÓN [main] org.apache.catalina.startup.VersionLoggerListener.log Arquitectura:          amd64

11-May-2020 17:10:14.377 INFORMACIÓN [main] org.apache.catalina.startup.VersionLoggerListener.log Java Home:             C:\Program Files\Java\jdk1.8.0_251\jre
11-May-2020 17:10:14.377 INFORMACIÓN [main] org.apache.catalina.startup.VersionLoggerListener.log JVM Version:           1.8.0_251-b08
11-May-2020 17:10:14.377 INFORMACIÓN [main] org.apache.catalina.startup.VersionLoggerListener.log Vededor JVM:     Oracle Corporation
11-May-2020 17:10:14.377 INFORMACIÓN [main] org.apache.catalina.startup.VersionLoggerListener.log CATALINA_BASE:         C:\Users\franc\Desktop\servicios20192020\Programas\Tomcat 8.5
11-May-2020 17:10:14.377 INFORMACIÓN [main] org.apache.catalina.startup.VersionLoggerListener.log CATALINA_HOME:         C:\Users\franc\Desktop\servicios20192020\Programas\Tomcat 8.5
11-May-2020 17:10:14.378 INFORMACIÓN [main] org.apache.catalina.startup.VersionLoggerListener.log Command line argument: -Djava.util.logging.config.file=C:\Users\franc\Desktop\servicios20192020\Programas\Tomcat 8.5\conf\logging.properties
11-May-2020 17:10:14.378 INFORMACIÓN [main] org.apache.catalina.startup.VersionLoggerListener.log Command line argument: -Djava.util.logging.manager=org.apache.juli.ClassLoaderLogManager
11-May-2020 17:10:14.378 INFORMACIÓN [main] org.apache.catalina.startup.VersionLoggerListener.log Command line argument: -Djdk.tls.ephemeralDHKeySize=2048
11-May-2020 17:10:14.378 INFORMACIÓN [main] org.apache.catalina.startup.VersionLoggerListener.log Command line argument: -Djava.protocol.handler.pkgs=org.apache.catalina.webresources
11-May-2020 17:10:14.378 INFORMACIÓN [main] org.apache.catalina.startup.VersionLoggerListener.log Command line argument: -Djava.endorsed.dirs=C:\Users\franc\Desktop\servicios20192020\Programas\Tomcat 8.5\endorsed
11-May-2020 17:10:14.379 INFORMACIÓN [main] org.apache.catalina.startup.VersionLoggerListener.log Command line argument: -Dcatalina.base=C:\Users\franc\Desktop\servicios20192020\Programas\Tomcat 8.5
11-May-2020 17:10:14.379 INFORMACIÓN [main] org.apache.catalina.startup.VersionLoggerListener.log Command line argument: -Dcatalina.home=C:\Users\franc\Desktop\servicios20192020\Programas\Tomcat 8.5
11-May-2020 17:10:14.379 INFORMACIÓN [main] org.apache.catalina.startup.VersionLoggerListener.log Command line argument: -Djava.io.tmpdir=C:\Users\franc\Desktop\servicios20192020\Programas\Tomcat 8.5\temp
11-May-2020 17:10:14.379 INFORMACIÓN [main] org.apache.catalina.core.AprLifecycleListener.lifecycleEvent La biblioteca nativa de Apache Tomcat basada en ARP que permite un rendimiento óptimo en entornos de desarrollo no ha sido hallada en java.library.path: [C:\Program Files\Java\jdk1.8.0_251\bin;C:\Windows\Sun\Java\bin;C:\Windows\system32;C:\Windows;C:\Program Files (x86)\Common Files\Oracle\Java\javapath;C:\Windows\system32;C:\Windows;C:\Windows\System32\Wbem;C:\Windows\System32\WindowsPowerShell\v1.0\;C:\Windows\System32\OpenSSH\;C:\Program Files\Git\cmd;C:\Program Files (x86)\Mikero\DePboTools\bin;C:\Users\franc\AppData\Local\Microsoft\WindowsApps;C:\Users\franc\AppData\Local\Programs\Microsoft VS Code\bin;C:\Users\franc\Desktop\servicios20192020\Programas\apache-ant-1.9.14\bin;C:\Users\franc\AppData\Local\Microsoft\WindowsApps;;C:\Users\franc\AppData\Local\Programs\Microsoft VS Code\bin;C:\Program Files (x86)\Mikero\DePboTools\bin;.]
11-May-2020 17:10:14.756 INFORMACIÓN [main] org.apache.coyote.AbstractProtocol.init Inicializando el manejador de protocolo ["http-nio-8080"]

11-May-2020 17:10:14.845 INFORMACIÓN [main] org.apache.tomcat.util.net.NioSelectorPool.getSharedSelector Using a shared selector for servlet write/read
11-May-2020 17:10:14.852 INFORMACIÓN [main] org.apache.coyote.AbstractProtocol.init Inicializando el manejador de protocolo ["ajp-nio-8009"]

11-May-2020 17:10:14.854 INFORMACIÓN [main] org.apache.tomcat.util.net.NioSelectorPool.getSharedSelector Using a shared selector for servlet write/read
11-May-2020 17:10:14.854 INFORMACIÓN [main] org.apache.catalina.startup.Catalina.load Initialization processed in 797 ms
11-May-2020 17:10:14.876 INFORMACIÓN [main] org.apache.catalina.core.StandardService.startInternal Arrancando servicio [Catalina]
11-May-2020 17:10:14.876 INFORMACIÓN [main] org.apache.catalina.core.StandardEngine.startInternal Starting Servlet Engine: Apache Tomcat/8.5.50
11-May-2020 17:10:14.892 INFORMACIÓN [localhost-startStop-1] org.apache.catalina.startup.HostConfig.deployWAR Despliegue del archivo [C:\Users\franc\Desktop\servicios20192020\Programas\Tomcat 8.5\webapps\axis2.war] de la aplicación web
11-May-2020 17:10:17.647 INFORMACIÓN [localhost-startStop-1] org.apache.jasper.servlet.TldScanner.scanJars Al menos un JAR, que se ha explorado buscando TLDs, aún no contenía TLDs. Activar historial de depuración para este historiador para una completa lista de los JARs que fueron explorados y de los que nos se halló TLDs. Saltarse JARs no necesarios durante la exploración puede dar lugar a una mejora de tiempo significativa en el arranque y compilación de JSP .
11-May-2020 17:10:18.480 INFORMACIÓN [localhost-startStop-1] org.apache.catalina.startup.HostConfig.deployWAR Deployment of web application archive [C:\Users\franc\Desktop\servicios20192020\Programas\Tomcat 8.5\webapps\axis2.war] has finished in [3.588] ms
11-May-2020 17:10:18.481 INFORMACIÓN [localhost-startStop-1] org.apache.catalina.startup.HostConfig.deployWAR Despliegue del archivo [C:\Users\franc\Desktop\servicios20192020\Programas\Tomcat 8.5\webapps\DemoJAXWS.war] de la aplicación web
11-May-2020 17:10:19.785 INFORMACIÓN [localhost-startStop-1] org.apache.jasper.servlet.TldScanner.scanJars Al menos un JAR, que se ha explorado buscando TLDs, aún no contenía TLDs. Activar historial de depuración para este historiador para una completa lista de los JARs que fueron explorados y de los que nos se halló TLDs. Saltarse JARs no necesarios durante la exploración puede dar lugar a una mejora de tiempo significativa en el arranque y compilación de JSP .
11-May-2020 17:10:21.103 INFORMACIÓN [localhost-startStop-1] com.sun.xml.ws.server.MonitorBase.createRoot Metro monitoring rootname successfully set to: com.sun.metro:pp=/,type=WSEndpoint,name=/DemoJAXWS-HelloWorldService-HelloWorldPort
11-May-2020 17:10:21.247 INFORMACIÓN [localhost-startStop-1] com.sun.xml.ws.transport.http.servlet.WSServletDelegate.<init> WSSERVLET14: inicializando el servlet de JAX-WS
11-May-2020 17:10:21.248 INFORMACIÓN [localhost-startStop-1] com.sun.xml.ws.transport.http.servlet.WSServletContextListener.contextInitialized WSSERVLET12: inicializando el listener de contexto de JAX-WS
11-May-2020 17:10:21.248 INFORMACIÓN [localhost-startStop-1] com.sun.xml.ws.transport.http.servlet.WSServletContextListener.contextInitialized WSSERVLET12: inicializando el listener de contexto de JAX-WS
11-May-2020 17:10:21.253 INFORMACIÓN [localhost-startStop-1] org.apache.catalina.startup.HostConfig.deployWAR Deployment of web application archive [C:\Users\franc\Desktop\servicios20192020\Programas\Tomcat 8.5\webapps\DemoJAXWS.war] has finished in [2.772] ms
11-May-2020 17:10:21.254 INFORMACIÓN [localhost-startStop-1] org.apache.catalina.startup.HostConfig.deployWAR Despliegue del archivo [C:\Users\franc\Desktop\servicios20192020\Programas\Tomcat 8.5\webapps\InfoParadas-0.0.1.war] de la aplicación web
11-May-2020 17:10:22.717 INFORMACIÓN [localhost-startStop-1] org.apache.jasper.servlet.TldScanner.scanJars Al menos un JAR, que se ha explorado buscando TLDs, aún no contenía TLDs. Activar historial de depuración para este historiador para una completa lista de los JARs que fueron explorados y de los que nos se halló TLDs. Saltarse JARs no necesarios durante la exploración puede dar lugar a una mejora de tiempo significativa en el arranque y compilación de JSP .
11-May-2020 17:10:22.758 INFORMACIÓN [localhost-startStop-1] com.sun.xml.ws.server.MonitorBase.createRoot Metro monitoring rootname successfully set to: com.sun.metro:pp=/,type=WSEndpoint,name=/InfoParadas-0.0.1-InfoParadasService-InfoParadasPort
11-May-2020 17:10:22.784 INFORMACIÓN [localhost-startStop-1] com.sun.xml.ws.transport.http.servlet.WSServletDelegate.<init> WSSERVLET14: inicializando el servlet de JAX-WS
11-May-2020 17:10:22.784 INFORMACIÓN [localhost-startStop-1] com.sun.xml.ws.transport.http.servlet.WSServletContextListener.contextInitialized WSSERVLET12: inicializando el listener de contexto de JAX-WS
11-May-2020 17:10:22.786 INFORMACIÓN [localhost-startStop-1] com.sun.xml.ws.transport.http.servlet.WSServletContextListener.contextInitialized WSSERVLET12: inicializando el listener de contexto de JAX-WS
11-May-2020 17:10:22.788 INFORMACIÓN [localhost-startStop-1] org.apache.catalina.startup.HostConfig.deployWAR Deployment of web application archive [C:\Users\franc\Desktop\servicios20192020\Programas\Tomcat 8.5\webapps\InfoParadas-0.0.1.war] has finished in [1.534] ms
11-May-2020 17:10:22.789 INFORMACIÓN [localhost-startStop-1] org.apache.catalina.startup.HostConfig.deployWAR Despliegue del archivo [C:\Users\franc\Desktop\servicios20192020\Programas\Tomcat 8.5\webapps\ode.war] de la aplicación web
11-May-2020 17:10:26.688 INFORMACIÓN [localhost-startStop-1] org.apache.jasper.servlet.TldScanner.scanJars Al menos un JAR, que se ha explorado buscando TLDs, aún no contenía TLDs. Activar historial de depuración para este historiador para una completa lista de los JARs que fueron explorados y de los que nos se halló TLDs. Saltarse JARs no necesarios durante la exploración puede dar lugar a una mejora de tiempo significativa en el arranque y compilación de JSP .
11-May-2020 17:10:29.221 INFORMACIÓN [localhost-startStop-1] org.apache.catalina.startup.HostConfig.deployWAR Deployment of web application archive [C:\Users\franc\Desktop\servicios20192020\Programas\Tomcat 8.5\webapps\ode.war] has finished in [6.432] ms
11-May-2020 17:10:29.222 INFORMACIÓN [localhost-startStop-1] org.apache.catalina.startup.HostConfig.deployWAR Despliegue del archivo [C:\Users\franc\Desktop\servicios20192020\Programas\Tomcat 8.5\webapps\P5_Servidor-0.0.1-SNAPSHOT.war] de la aplicación web
11-May-2020 17:10:30.937 INFORMACIÓN [localhost-startStop-1] org.apache.jasper.servlet.TldScanner.scanJars Al menos un JAR, que se ha explorado buscando TLDs, aún no contenía TLDs. Activar historial de depuración para este historiador para una completa lista de los JARs que fueron explorados y de los que nos se halló TLDs. Saltarse JARs no necesarios durante la exploración puede dar lugar a una mejora de tiempo significativa en el arranque y compilación de JSP .
11-May-2020 17:10:31.835 INFORMACIÓN [localhost-startStop-1] org.apache.catalina.startup.HostConfig.deployWAR Deployment of web application archive [C:\Users\franc\Desktop\servicios20192020\Programas\Tomcat 8.5\webapps\P5_Servidor-0.0.1-SNAPSHOT.war] has finished in [2.613] ms
11-May-2020 17:10:31.835 INFORMACIÓN [localhost-startStop-1] org.apache.catalina.startup.HostConfig.deployWAR Despliegue del archivo [C:\Users\franc\Desktop\servicios20192020\Programas\Tomcat 8.5\webapps\P5_Servidor_Hiperenlaces-0.0.1-SNAPSHOT.war] de la aplicación web
11-May-2020 17:10:33.498 INFORMACIÓN [localhost-startStop-1] org.apache.jasper.servlet.TldScanner.scanJars Al menos un JAR, que se ha explorado buscando TLDs, aún no contenía TLDs. Activar historial de depuración para este historiador para una completa lista de los JARs que fueron explorados y de los que nos se halló TLDs. Saltarse JARs no necesarios durante la exploración puede dar lugar a una mejora de tiempo significativa en el arranque y compilación de JSP .
11-May-2020 17:10:34.094 INFORMACIÓN [localhost-startStop-1] org.apache.catalina.startup.HostConfig.deployWAR Deployment of web application archive [C:\Users\franc\Desktop\servicios20192020\Programas\Tomcat 8.5\webapps\P5_Servidor_Hiperenlaces-0.0.1-SNAPSHOT.war] has finished in [2.259] ms
11-May-2020 17:10:34.095 INFORMACIÓN [localhost-startStop-1] org.apache.catalina.startup.HostConfig.deployDirectory Desplegando el directorio [C:\Users\franc\Desktop\servicios20192020\Programas\Tomcat 8.5\webapps\docs] de la aplicación web
11-May-2020 17:10:35.270 INFORMACIÓN [localhost-startStop-1] org.apache.jasper.servlet.TldScanner.scanJars Al menos un JAR, que se ha explorado buscando TLDs, aún no contenía TLDs. Activar historial de depuración para este historiador para una completa lista de los JARs que fueron explorados y de los que nos se halló TLDs. Saltarse JARs no necesarios durante la exploración puede dar lugar a una mejora de tiempo significativa en el arranque y compilación de JSP .
11-May-2020 17:10:35.273 INFORMACIÓN [localhost-startStop-1] org.apache.catalina.startup.HostConfig.deployDirectory Deployment of web application directory [C:\Users\franc\Desktop\servicios20192020\Programas\Tomcat 8.5\webapps\docs] has finished in [1.178] ms
11-May-2020 17:10:35.273 INFORMACIÓN [localhost-startStop-1] org.apache.catalina.startup.HostConfig.deployDirectory Desplegando el directorio [C:\Users\franc\Desktop\servicios20192020\Programas\Tomcat 8.5\webapps\examples] de la aplicación web
11-May-2020 17:10:36.751 INFORMACIÓN [localhost-startStop-1] org.apache.jasper.servlet.TldScanner.scanJars Al menos un JAR, que se ha explorado buscando TLDs, aún no contenía TLDs. Activar historial de depuración para este historiador para una completa lista de los JARs que fueron explorados y de los que nos se halló TLDs. Saltarse JARs no necesarios durante la exploración puede dar lugar a una mejora de tiempo significativa en el arranque y compilación de JSP .
11-May-2020 17:10:36.783 INFORMACIÓN [localhost-startStop-1] org.apache.catalina.startup.HostConfig.deployDirectory Deployment of web application directory [C:\Users\franc\Desktop\servicios20192020\Programas\Tomcat 8.5\webapps\examples] has finished in [1.510] ms
11-May-2020 17:10:36.783 INFORMACIÓN [localhost-startStop-1] org.apache.catalina.startup.HostConfig.deployDirectory Desplegando el directorio [C:\Users\franc\Desktop\servicios20192020\Programas\Tomcat 8.5\webapps\host-manager] de la aplicación web
11-May-2020 17:10:36.813 INFORMACIÓN [localhost-startStop-1] org.apache.catalina.startup.HostConfig.deployDirectory Deployment of web application directory [C:\Users\franc\Desktop\servicios20192020\Programas\Tomcat 8.5\webapps\host-manager] has finished in [30] ms
11-May-2020 17:10:36.813 INFORMACIÓN [localhost-startStop-1] org.apache.catalina.startup.HostConfig.deployDirectory Desplegando el directorio [C:\Users\franc\Desktop\servicios20192020\Programas\Tomcat 8.5\webapps\manager] de la aplicación web
11-May-2020 17:10:36.836 INFORMACIÓN [localhost-startStop-1] org.apache.catalina.startup.HostConfig.deployDirectory Deployment of web application directory [C:\Users\franc\Desktop\servicios20192020\Programas\Tomcat 8.5\webapps\manager] has finished in [23] ms
11-May-2020 17:10:36.837 INFORMACIÓN [localhost-startStop-1] org.apache.catalina.startup.HostConfig.deployDirectory Desplegando el directorio [C:\Users\franc\Desktop\servicios20192020\Programas\Tomcat 8.5\webapps\ROOT] de la aplicación web
11-May-2020 17:10:38.069 INFORMACIÓN [localhost-startStop-1] org.apache.jasper.servlet.TldScanner.scanJars Al menos un JAR, que se ha explorado buscando TLDs, aún no contenía TLDs. Activar historial de depuración para este historiador para una completa lista de los JARs que fueron explorados y de los que nos se halló TLDs. Saltarse JARs no necesarios durante la exploración puede dar lugar a una mejora de tiempo significativa en el arranque y compilación de JSP .
11-May-2020 17:10:38.072 INFORMACIÓN [localhost-startStop-1] org.apache.catalina.startup.HostConfig.deployDirectory Deployment of web application directory [C:\Users\franc\Desktop\servicios20192020\Programas\Tomcat 8.5\webapps\ROOT] has finished in [1.235] ms
11-May-2020 17:10:38.075 INFORMACIÓN [main] org.apache.coyote.AbstractProtocol.start Starting ProtocolHandler ["http-nio-8080"]
11-May-2020 17:10:38.081 INFORMACIÓN [main] org.apache.coyote.AbstractProtocol.start Starting ProtocolHandler ["ajp-nio-8009"]
11-May-2020 17:10:38.083 INFORMACIÓN [main] org.apache.catalina.startup.Catalina.start Server startup in 23228 ms
11-May-2020 17:11:06.116 INFORMACIÓN [Thread-16] org.apache.coyote.AbstractProtocol.pause Pausing ProtocolHandler ["http-nio-8080"]
11-May-2020 17:11:06.149 INFORMACIÓN [Thread-16] org.apache.coyote.AbstractProtocol.pause Pausing ProtocolHandler ["ajp-nio-8009"]
11-May-2020 17:11:06.184 INFORMACIÓN [Thread-16] org.apache.catalina.core.StandardService.stopInternal Parando servicio [Catalina]
11-May-2020 17:11:06.333 ADVERTENCIA [localhost-startStop-2] org.apache.catalina.loader.WebappClassLoaderBase.clearReferencesJdbc La aplicación web [ode] registró el conductor JDBC [org.apache.derby.jdbc.AutoloadedDriver] pero falló al anular el registro mientras la aplicación web estaba parada. Para prevenir un fallo de memoria, se ha anulado el registro del conductor JDBC por la fuerza.
11-May-2020 17:11:06.334 ADVERTENCIA [localhost-startStop-2] org.apache.catalina.loader.WebappClassLoaderBase.clearReferencesThreads The web application [ode] appears to have started a thread named [Timer-3] but has failed to stop it. This is very likely to create a memory leak. Stack trace of thread:
 java.lang.Object.wait(Native Method)
 java.util.TimerThread.mainLoop(Timer.java:552)
 java.util.TimerThread.run(Timer.java:505)
11-May-2020 17:11:06.345 INFORMACIÓN [localhost-startStop-2] com.sun.xml.ws.transport.http.servlet.WSServletDelegate.destroy WSSERVLET15: el servlet de JAX-WS se ha destruido
11-May-2020 17:11:06.346 INFORMACIÓN [localhost-startStop-2] com.sun.xml.ws.server.WSEndpointImpl.closeManagedObjectManager Closing Metro monitoring root: com.sun.metro:pp=/,type=WSEndpoint,name=/DemoJAXWS-HelloWorldService-HelloWorldPort
11-May-2020 17:11:06.346 INFORMACIÓN [localhost-startStop-2] com.sun.xml.ws.transport.http.servlet.WSServletContextListener.contextDestroyed WSSERVLET13: el listener de contexto de JAX-WS se ha destruido
11-May-2020 17:11:06.347 INFORMACIÓN [localhost-startStop-2] com.sun.xml.ws.transport.http.servlet.WSServletContextListener.contextDestroyed WSSERVLET13: el listener de contexto de JAX-WS se ha destruido
11-May-2020 17:11:06.360 INFORMACIÓN [Thread-16] org.apache.coyote.AbstractProtocol.stop Stopping ProtocolHandler ["http-nio-8080"]
11-May-2020 17:11:06.362 INFORMACIÓN [Thread-16] org.apache.coyote.AbstractProtocol.stop Stopping ProtocolHandler ["ajp-nio-8009"]
11-May-2020 17:11:06.364 INFORMACIÓN [Thread-16] org.apache.coyote.AbstractProtocol.destroy Destroying ProtocolHandler ["http-nio-8080"]
11-May-2020 17:11:06.365 INFORMACIÓN [Thread-16] org.apache.coyote.AbstractProtocol.destroy Destroying ProtocolHandler ["ajp-nio-8009"]
