12-Apr-2020 11:20:47.077 INFORMACIÓN [localhost-startStop-1] org.apache.catalina.core.ApplicationContext.log ContextListener: contextInitialized()
12-Apr-2020 11:20:47.077 INFORMACIÓN [localhost-startStop-1] org.apache.catalina.core.ApplicationContext.log SessionListener: contextInitialized()
12-Apr-2020 11:20:47.078 INFORMACIÓN [localhost-startStop-1] org.apache.catalina.core.ApplicationContext.log ContextListener: attributeAdded('StockTicker', 'async.Stockticker@b359d7a')
12-Apr-2020 11:48:04.888 GRAVE [http-nio-8080-exec-1] org.apache.catalina.core.StandardWrapperValve.invoke El Servlet.service() para el servlet [javax.ws.rs.core.Application] en el contexto con ruta [/P5_Servidor-0.0.1-SNAPSHOT] lanzó la excepción [java.lang.NullPointerException] con causa raíz
	java.lang.NullPointerException
		at es.unican.ss.services.Clasificacion.getClasificacionEquipos(Clasificacion.java:42)
		at sun.reflect.NativeMethodAccessorImpl.invoke0(Native Method)
		at sun.reflect.NativeMethodAccessorImpl.invoke(Unknown Source)
		at sun.reflect.DelegatingMethodAccessorImpl.invoke(Unknown Source)
		at java.lang.reflect.Method.invoke(Unknown Source)
		at org.glassfish.jersey.server.model.internal.ResourceMethodInvocationHandlerFactory$1.invoke(ResourceMethodInvocationHandlerFactory.java:81)
		at org.glassfish.jersey.server.model.internal.AbstractJavaResourceMethodDispatcher$1.run(AbstractJavaResourceMethodDispatcher.java:144)
		at org.glassfish.jersey.server.model.internal.AbstractJavaResourceMethodDispatcher.invoke(AbstractJavaResourceMethodDispatcher.java:161)
		at org.glassfish.jersey.server.model.internal.JavaResourceMethodDispatcherProvider$ResponseOutInvoker.doDispatch(JavaResourceMethodDispatcherProvider.java:160)
		at org.glassfish.jersey.server.model.internal.AbstractJavaResourceMethodDispatcher.dispatch(AbstractJavaResourceMethodDispatcher.java:99)
		at org.glassfish.jersey.server.model.ResourceMethodInvoker.invoke(ResourceMethodInvoker.java:389)
		at org.glassfish.jersey.server.model.ResourceMethodInvoker.apply(ResourceMethodInvoker.java:347)
		at org.glassfish.jersey.server.model.ResourceMethodInvoker.apply(ResourceMethodInvoker.java:102)
		at org.glassfish.jersey.server.ServerRuntime$2.run(ServerRuntime.java:326)
		at org.glassfish.jersey.internal.Errors$1.call(Errors.java:271)
		at org.glassfish.jersey.internal.Errors$1.call(Errors.java:267)
		at org.glassfish.jersey.internal.Errors.process(Errors.java:315)
		at org.glassfish.jersey.internal.Errors.process(Errors.java:297)
		at org.glassfish.jersey.internal.Errors.process(Errors.java:267)
		at org.glassfish.jersey.process.internal.RequestScope.runInScope(RequestScope.java:317)
		at org.glassfish.jersey.server.ServerRuntime.process(ServerRuntime.java:305)
		at org.glassfish.jersey.server.ApplicationHandler.handle(ApplicationHandler.java:1154)
		at org.glassfish.jersey.servlet.WebComponent.serviceImpl(WebComponent.java:473)
		at org.glassfish.jersey.servlet.WebComponent.service(WebComponent.java:427)
		at org.glassfish.jersey.servlet.ServletContainer.service(ServletContainer.java:388)
		at org.glassfish.jersey.servlet.ServletContainer.service(ServletContainer.java:341)
		at org.glassfish.jersey.servlet.ServletContainer.service(ServletContainer.java:228)
		at org.apache.catalina.core.ApplicationFilterChain.internalDoFilter(ApplicationFilterChain.java:231)
		at org.apache.catalina.core.ApplicationFilterChain.doFilter(ApplicationFilterChain.java:166)
		at org.apache.tomcat.websocket.server.WsFilter.doFilter(WsFilter.java:52)
		at org.apache.catalina.core.ApplicationFilterChain.internalDoFilter(ApplicationFilterChain.java:193)
		at org.apache.catalina.core.ApplicationFilterChain.doFilter(ApplicationFilterChain.java:166)
		at org.apache.catalina.core.StandardWrapperValve.invoke(StandardWrapperValve.java:199)
		at org.apache.catalina.core.StandardContextValve.invoke(StandardContextValve.java:96)
		at org.apache.catalina.authenticator.AuthenticatorBase.invoke(AuthenticatorBase.java:543)
		at org.apache.catalina.core.StandardHostValve.invoke(StandardHostValve.java:139)
		at org.apache.catalina.valves.ErrorReportValve.invoke(ErrorReportValve.java:81)
		at org.apache.catalina.valves.AbstractAccessLogValve.invoke(AbstractAccessLogValve.java:678)
		at org.apache.catalina.core.StandardEngineValve.invoke(StandardEngineValve.java:87)
		at org.apache.catalina.connector.CoyoteAdapter.service(CoyoteAdapter.java:343)
		at org.apache.coyote.http11.Http11Processor.service(Http11Processor.java:609)
		at org.apache.coyote.AbstractProcessorLight.process(AbstractProcessorLight.java:65)
		at org.apache.coyote.AbstractProtocol$ConnectionHandler.process(AbstractProtocol.java:810)
		at org.apache.tomcat.util.net.NioEndpoint$SocketProcessor.doRun(NioEndpoint.java:1623)
		at org.apache.tomcat.util.net.SocketProcessorBase.run(SocketProcessorBase.java:49)
		at java.util.concurrent.ThreadPoolExecutor.runWorker(Unknown Source)
		at java.util.concurrent.ThreadPoolExecutor$Worker.run(Unknown Source)
		at org.apache.tomcat.util.threads.TaskThread$WrappingRunnable.run(TaskThread.java:61)
		at java.lang.Thread.run(Unknown Source)
12-Apr-2020 11:48:04.935 GRAVE [http-nio-8080-exec-2] org.apache.catalina.core.StandardWrapperValve.invoke El Servlet.service() para el servlet [javax.ws.rs.core.Application] en el contexto con ruta [/P5_Servidor-0.0.1-SNAPSHOT] lanzó la excepción [java.lang.NullPointerException] con causa raíz
	java.lang.NullPointerException
		at es.unican.ss.services.Clasificacion.getClasificacionEquipos(Clasificacion.java:42)
		at sun.reflect.NativeMethodAccessorImpl.invoke0(Native Method)
		at sun.reflect.NativeMethodAccessorImpl.invoke(Unknown Source)
		at sun.reflect.DelegatingMethodAccessorImpl.invoke(Unknown Source)
		at java.lang.reflect.Method.invoke(Unknown Source)
		at org.glassfish.jersey.server.model.internal.ResourceMethodInvocationHandlerFactory$1.invoke(ResourceMethodInvocationHandlerFactory.java:81)
		at org.glassfish.jersey.server.model.internal.AbstractJavaResourceMethodDispatcher$1.run(AbstractJavaResourceMethodDispatcher.java:144)
		at org.glassfish.jersey.server.model.internal.AbstractJavaResourceMethodDispatcher.invoke(AbstractJavaResourceMethodDispatcher.java:161)
		at org.glassfish.jersey.server.model.internal.JavaResourceMethodDispatcherProvider$ResponseOutInvoker.doDispatch(JavaResourceMethodDispatcherProvider.java:160)
		at org.glassfish.jersey.server.model.internal.AbstractJavaResourceMethodDispatcher.dispatch(AbstractJavaResourceMethodDispatcher.java:99)
		at org.glassfish.jersey.server.model.ResourceMethodInvoker.invoke(ResourceMethodInvoker.java:389)
		at org.glassfish.jersey.server.model.ResourceMethodInvoker.apply(ResourceMethodInvoker.java:347)
		at org.glassfish.jersey.server.model.ResourceMethodInvoker.apply(ResourceMethodInvoker.java:102)
		at org.glassfish.jersey.server.ServerRuntime$2.run(ServerRuntime.java:326)
		at org.glassfish.jersey.internal.Errors$1.call(Errors.java:271)
		at org.glassfish.jersey.internal.Errors$1.call(Errors.java:267)
		at org.glassfish.jersey.internal.Errors.process(Errors.java:315)
		at org.glassfish.jersey.internal.Errors.process(Errors.java:297)
		at org.glassfish.jersey.internal.Errors.process(Errors.java:267)
		at org.glassfish.jersey.process.internal.RequestScope.runInScope(RequestScope.java:317)
		at org.glassfish.jersey.server.ServerRuntime.process(ServerRuntime.java:305)
		at org.glassfish.jersey.server.ApplicationHandler.handle(ApplicationHandler.java:1154)
		at org.glassfish.jersey.servlet.WebComponent.serviceImpl(WebComponent.java:473)
		at org.glassfish.jersey.servlet.WebComponent.service(WebComponent.java:427)
		at org.glassfish.jersey.servlet.ServletContainer.service(ServletContainer.java:388)
		at org.glassfish.jersey.servlet.ServletContainer.service(ServletContainer.java:341)
		at org.glassfish.jersey.servlet.ServletContainer.service(ServletContainer.java:228)
		at org.apache.catalina.core.ApplicationFilterChain.internalDoFilter(ApplicationFilterChain.java:231)
		at org.apache.catalina.core.ApplicationFilterChain.doFilter(ApplicationFilterChain.java:166)
		at org.apache.tomcat.websocket.server.WsFilter.doFilter(WsFilter.java:52)
		at org.apache.catalina.core.ApplicationFilterChain.internalDoFilter(ApplicationFilterChain.java:193)
		at org.apache.catalina.core.ApplicationFilterChain.doFilter(ApplicationFilterChain.java:166)
		at org.apache.catalina.core.StandardWrapperValve.invoke(StandardWrapperValve.java:199)
		at org.apache.catalina.core.StandardContextValve.invoke(StandardContextValve.java:96)
		at org.apache.catalina.authenticator.AuthenticatorBase.invoke(AuthenticatorBase.java:543)
		at org.apache.catalina.core.StandardHostValve.invoke(StandardHostValve.java:139)
		at org.apache.catalina.valves.ErrorReportValve.invoke(ErrorReportValve.java:81)
		at org.apache.catalina.valves.AbstractAccessLogValve.invoke(AbstractAccessLogValve.java:678)
		at org.apache.catalina.core.StandardEngineValve.invoke(StandardEngineValve.java:87)
		at org.apache.catalina.connector.CoyoteAdapter.service(CoyoteAdapter.java:343)
		at org.apache.coyote.http11.Http11Processor.service(Http11Processor.java:609)
		at org.apache.coyote.AbstractProcessorLight.process(AbstractProcessorLight.java:65)
		at org.apache.coyote.AbstractProtocol$ConnectionHandler.process(AbstractProtocol.java:810)
		at org.apache.tomcat.util.net.NioEndpoint$SocketProcessor.doRun(NioEndpoint.java:1623)
		at org.apache.tomcat.util.net.SocketProcessorBase.run(SocketProcessorBase.java:49)
		at java.util.concurrent.ThreadPoolExecutor.runWorker(Unknown Source)
		at java.util.concurrent.ThreadPoolExecutor$Worker.run(Unknown Source)
		at org.apache.tomcat.util.threads.TaskThread$WrappingRunnable.run(TaskThread.java:61)
		at java.lang.Thread.run(Unknown Source)
12-Apr-2020 11:59:12.168 GRAVE [localhost-startStop-2] org.apache.catalina.core.ApplicationContext.log StandardWrapper.Throwable
	org.glassfish.jersey.server.model.ModelValidationException: Validation of the application resource model has failed during application initialization.
[[FATAL] A resource model has ambiguous (sub-)resource method for HTTP method PUT and input mime-types as defined by"@Consumes" and "@Produces" annotations at Java methods public javax.ws.rs.core.Response es.unican.ss.services.Clasificacion.putEquipo(es.unican.ss.types.Equipo) and public javax.ws.rs.core.Response es.unican.ss.services.Clasificacion.actualizaEquipoJornada(java.lang.String,es.unican.ss.types.Equipo) at matching regular expression /clasificacion/([^/]+)/([^/]+). These two methods produces and consumes exactly the same mime-types and therefore their invocation as a resource methods will always fail.; source='org.glassfish.jersey.server.model.RuntimeResource@54ef29f0', [FATAL] A resource model has ambiguous (sub-)resource method for HTTP method PUT and input mime-types as defined by"@Consumes" and "@Produces" annotations at Java methods public javax.ws.rs.core.Response es.unican.ss.services.Clasificacion.putEquipo(es.unican.ss.types.Equipo) and public javax.ws.rs.core.Response es.unican.ss.services.Clasificacion.anhadeJugadorAEquipo(java.lang.String,es.unican.ss.types.Jugador,javax.ws.rs.core.UriInfo) at matching regular expression /clasificacion/([^/]+)/([^/]+). These two methods produces and consumes exactly the same mime-types and therefore their invocation as a resource methods will always fail.; source='org.glassfish.jersey.server.model.RuntimeResource@54ef29f0', [FATAL] A resource model has ambiguous (sub-)resource method for HTTP method GET and input mime-types as defined by"@Consumes" and "@Produces" annotations at Java methods public javax.ws.rs.core.Response es.unican.ss.services.Clasificacion.getEquipoPorNombre(java.lang.String,java.lang.String) and public javax.ws.rs.core.Response es.unican.ss.services.Clasificacion.getJugadorPorDorsal(java.lang.String,java.lang.String) at matching regular expression /clasificacion/([^/]+)/([^/]+). These two methods produces and consumes exactly the same mime-types and therefore their invocation as a resource methods will always fail.; source='org.glassfish.jersey.server.model.RuntimeResource@54ef29f0', [FATAL] A resource model has ambiguous (sub-)resource method for HTTP method PUT and input mime-types as defined by"@Consumes" and "@Produces" annotations at Java methods public javax.ws.rs.core.Response es.unican.ss.services.Clasificacion.actualizaEquipoJornada(java.lang.String,es.unican.ss.types.Equipo) and public javax.ws.rs.core.Response es.unican.ss.services.Clasificacion.anhadeJugadorAEquipo(java.lang.String,es.unican.ss.types.Jugador,javax.ws.rs.core.UriInfo) at matching regular expression /clasificacion/([^/]+)/([^/]+). These two methods produces and consumes exactly the same mime-types and therefore their invocation as a resource methods will always fail.; source='org.glassfish.jersey.server.model.RuntimeResource@54ef29f0']
		at org.glassfish.jersey.server.ApplicationHandler.initialize(ApplicationHandler.java:555)
		at org.glassfish.jersey.server.ApplicationHandler.access$500(ApplicationHandler.java:184)
		at org.glassfish.jersey.server.ApplicationHandler$3.call(ApplicationHandler.java:350)
		at org.glassfish.jersey.server.ApplicationHandler$3.call(ApplicationHandler.java:347)
		at org.glassfish.jersey.internal.Errors.process(Errors.java:315)
		at org.glassfish.jersey.internal.Errors.process(Errors.java:297)
		at org.glassfish.jersey.internal.Errors.processWithException(Errors.java:255)
		at org.glassfish.jersey.server.ApplicationHandler.<init>(ApplicationHandler.java:347)
		at org.glassfish.jersey.servlet.WebComponent.<init>(WebComponent.java:392)
		at org.glassfish.jersey.servlet.ServletContainer.init(ServletContainer.java:177)
		at org.glassfish.jersey.servlet.ServletContainer.init(ServletContainer.java:369)
		at javax.servlet.GenericServlet.init(GenericServlet.java:158)
		at org.apache.catalina.core.StandardWrapper.initServlet(StandardWrapper.java:1144)
		at org.apache.catalina.core.StandardWrapper.load(StandardWrapper.java:988)
		at org.apache.catalina.core.StandardContext.loadOnStartup(StandardContext.java:4885)
		at org.apache.catalina.core.StandardContext.startInternal(StandardContext.java:5199)
		at org.apache.catalina.util.LifecycleBase.start(LifecycleBase.java:183)
		at org.apache.catalina.core.ContainerBase.addChildInternal(ContainerBase.java:743)
		at org.apache.catalina.core.ContainerBase.addChild(ContainerBase.java:719)
		at org.apache.catalina.core.StandardHost.addChild(StandardHost.java:705)
		at org.apache.catalina.startup.HostConfig.deployWAR(HostConfig.java:970)
		at org.apache.catalina.startup.HostConfig$DeployWar.run(HostConfig.java:1841)
		at java.util.concurrent.Executors$RunnableAdapter.call(Unknown Source)
		at java.util.concurrent.FutureTask.run(Unknown Source)
		at java.util.concurrent.ThreadPoolExecutor.runWorker(Unknown Source)
		at java.util.concurrent.ThreadPoolExecutor$Worker.run(Unknown Source)
		at java.lang.Thread.run(Unknown Source)
12-Apr-2020 11:59:12.168 GRAVE [localhost-startStop-2] org.apache.catalina.core.StandardContext.loadOnStartup Servlet [javax.ws.rs.core.Application] in web application [/P5_Servidor-0.0.1-SNAPSHOT] threw load() exception
	org.glassfish.jersey.server.model.ModelValidationException: Validation of the application resource model has failed during application initialization.
[[FATAL] A resource model has ambiguous (sub-)resource method for HTTP method PUT and input mime-types as defined by"@Consumes" and "@Produces" annotations at Java methods public javax.ws.rs.core.Response es.unican.ss.services.Clasificacion.putEquipo(es.unican.ss.types.Equipo) and public javax.ws.rs.core.Response es.unican.ss.services.Clasificacion.actualizaEquipoJornada(java.lang.String,es.unican.ss.types.Equipo) at matching regular expression /clasificacion/([^/]+)/([^/]+). These two methods produces and consumes exactly the same mime-types and therefore their invocation as a resource methods will always fail.; source='org.glassfish.jersey.server.model.RuntimeResource@54ef29f0', [FATAL] A resource model has ambiguous (sub-)resource method for HTTP method PUT and input mime-types as defined by"@Consumes" and "@Produces" annotations at Java methods public javax.ws.rs.core.Response es.unican.ss.services.Clasificacion.putEquipo(es.unican.ss.types.Equipo) and public javax.ws.rs.core.Response es.unican.ss.services.Clasificacion.anhadeJugadorAEquipo(java.lang.String,es.unican.ss.types.Jugador,javax.ws.rs.core.UriInfo) at matching regular expression /clasificacion/([^/]+)/([^/]+). These two methods produces and consumes exactly the same mime-types and therefore their invocation as a resource methods will always fail.; source='org.glassfish.jersey.server.model.RuntimeResource@54ef29f0', [FATAL] A resource model has ambiguous (sub-)resource method for HTTP method GET and input mime-types as defined by"@Consumes" and "@Produces" annotations at Java methods public javax.ws.rs.core.Response es.unican.ss.services.Clasificacion.getEquipoPorNombre(java.lang.String,java.lang.String) and public javax.ws.rs.core.Response es.unican.ss.services.Clasificacion.getJugadorPorDorsal(java.lang.String,java.lang.String) at matching regular expression /clasificacion/([^/]+)/([^/]+). These two methods produces and consumes exactly the same mime-types and therefore their invocation as a resource methods will always fail.; source='org.glassfish.jersey.server.model.RuntimeResource@54ef29f0', [FATAL] A resource model has ambiguous (sub-)resource method for HTTP method PUT and input mime-types as defined by"@Consumes" and "@Produces" annotations at Java methods public javax.ws.rs.core.Response es.unican.ss.services.Clasificacion.actualizaEquipoJornada(java.lang.String,es.unican.ss.types.Equipo) and public javax.ws.rs.core.Response es.unican.ss.services.Clasificacion.anhadeJugadorAEquipo(java.lang.String,es.unican.ss.types.Jugador,javax.ws.rs.core.UriInfo) at matching regular expression /clasificacion/([^/]+)/([^/]+). These two methods produces and consumes exactly the same mime-types and therefore their invocation as a resource methods will always fail.; source='org.glassfish.jersey.server.model.RuntimeResource@54ef29f0']
		at org.glassfish.jersey.server.ApplicationHandler.initialize(ApplicationHandler.java:555)
		at org.glassfish.jersey.server.ApplicationHandler.access$500(ApplicationHandler.java:184)
		at org.glassfish.jersey.server.ApplicationHandler$3.call(ApplicationHandler.java:350)
		at org.glassfish.jersey.server.ApplicationHandler$3.call(ApplicationHandler.java:347)
		at org.glassfish.jersey.internal.Errors.process(Errors.java:315)
		at org.glassfish.jersey.internal.Errors.process(Errors.java:297)
		at org.glassfish.jersey.internal.Errors.processWithException(Errors.java:255)
		at org.glassfish.jersey.server.ApplicationHandler.<init>(ApplicationHandler.java:347)
		at org.glassfish.jersey.servlet.WebComponent.<init>(WebComponent.java:392)
		at org.glassfish.jersey.servlet.ServletContainer.init(ServletContainer.java:177)
		at org.glassfish.jersey.servlet.ServletContainer.init(ServletContainer.java:369)
		at javax.servlet.GenericServlet.init(GenericServlet.java:158)
		at org.apache.catalina.core.StandardWrapper.initServlet(StandardWrapper.java:1144)
		at org.apache.catalina.core.StandardWrapper.load(StandardWrapper.java:988)
		at org.apache.catalina.core.StandardContext.loadOnStartup(StandardContext.java:4885)
		at org.apache.catalina.core.StandardContext.startInternal(StandardContext.java:5199)
		at org.apache.catalina.util.LifecycleBase.start(LifecycleBase.java:183)
		at org.apache.catalina.core.ContainerBase.addChildInternal(ContainerBase.java:743)
		at org.apache.catalina.core.ContainerBase.addChild(ContainerBase.java:719)
		at org.apache.catalina.core.StandardHost.addChild(StandardHost.java:705)
		at org.apache.catalina.startup.HostConfig.deployWAR(HostConfig.java:970)
		at org.apache.catalina.startup.HostConfig$DeployWar.run(HostConfig.java:1841)
		at java.util.concurrent.Executors$RunnableAdapter.call(Unknown Source)
		at java.util.concurrent.FutureTask.run(Unknown Source)
		at java.util.concurrent.ThreadPoolExecutor.runWorker(Unknown Source)
		at java.util.concurrent.ThreadPoolExecutor$Worker.run(Unknown Source)
		at java.lang.Thread.run(Unknown Source)
12-Apr-2020 12:02:53.332 GRAVE [http-nio-8080-exec-11] org.apache.catalina.core.ApplicationContext.log StandardWrapper.Throwable
	java.lang.IllegalStateException: The resource configuration is not modifiable in this context.
		at org.glassfish.jersey.server.ResourceConfig$ImmutableState.register(ResourceConfig.java:274)
		at org.glassfish.jersey.server.ResourceConfig$ImmutableState.register(ResourceConfig.java:221)
		at org.glassfish.jersey.server.ResourceConfig.register(ResourceConfig.java:453)
		at org.glassfish.jersey.servlet.WebComponent.<init>(WebComponent.java:387)
		at org.glassfish.jersey.servlet.ServletContainer.init(ServletContainer.java:177)
		at org.glassfish.jersey.servlet.ServletContainer.init(ServletContainer.java:369)
		at javax.servlet.GenericServlet.init(GenericServlet.java:158)
		at org.apache.catalina.core.StandardWrapper.initServlet(StandardWrapper.java:1144)
		at org.apache.catalina.core.StandardWrapper.allocate(StandardWrapper.java:779)
		at org.apache.catalina.core.StandardWrapperValve.invoke(StandardWrapperValve.java:134)
		at org.apache.catalina.core.StandardContextValve.invoke(StandardContextValve.java:96)
		at org.apache.catalina.authenticator.AuthenticatorBase.invoke(AuthenticatorBase.java:543)
		at org.apache.catalina.core.StandardHostValve.invoke(StandardHostValve.java:139)
		at org.apache.catalina.valves.ErrorReportValve.invoke(ErrorReportValve.java:81)
		at org.apache.catalina.valves.AbstractAccessLogValve.invoke(AbstractAccessLogValve.java:678)
		at org.apache.catalina.core.StandardEngineValve.invoke(StandardEngineValve.java:87)
		at org.apache.catalina.connector.CoyoteAdapter.service(CoyoteAdapter.java:343)
		at org.apache.coyote.http11.Http11Processor.service(Http11Processor.java:609)
		at org.apache.coyote.AbstractProcessorLight.process(AbstractProcessorLight.java:65)
		at org.apache.coyote.AbstractProtocol$ConnectionHandler.process(AbstractProtocol.java:810)
		at org.apache.tomcat.util.net.NioEndpoint$SocketProcessor.doRun(NioEndpoint.java:1623)
		at org.apache.tomcat.util.net.SocketProcessorBase.run(SocketProcessorBase.java:49)
		at java.util.concurrent.ThreadPoolExecutor.runWorker(Unknown Source)
		at java.util.concurrent.ThreadPoolExecutor$Worker.run(Unknown Source)
		at org.apache.tomcat.util.threads.TaskThread$WrappingRunnable.run(TaskThread.java:61)
		at java.lang.Thread.run(Unknown Source)
12-Apr-2020 12:02:53.332 GRAVE [http-nio-8080-exec-11] org.apache.catalina.core.StandardWrapperValve.invoke Excepción de reserva de espacio para servlet [javax.ws.rs.core.Application]
	java.lang.IllegalStateException: The resource configuration is not modifiable in this context.
		at org.glassfish.jersey.server.ResourceConfig$ImmutableState.register(ResourceConfig.java:274)
		at org.glassfish.jersey.server.ResourceConfig$ImmutableState.register(ResourceConfig.java:221)
		at org.glassfish.jersey.server.ResourceConfig.register(ResourceConfig.java:453)
		at org.glassfish.jersey.servlet.WebComponent.<init>(WebComponent.java:387)
		at org.glassfish.jersey.servlet.ServletContainer.init(ServletContainer.java:177)
		at org.glassfish.jersey.servlet.ServletContainer.init(ServletContainer.java:369)
		at javax.servlet.GenericServlet.init(GenericServlet.java:158)
		at org.apache.catalina.core.StandardWrapper.initServlet(StandardWrapper.java:1144)
		at org.apache.catalina.core.StandardWrapper.allocate(StandardWrapper.java:779)
		at org.apache.catalina.core.StandardWrapperValve.invoke(StandardWrapperValve.java:134)
		at org.apache.catalina.core.StandardContextValve.invoke(StandardContextValve.java:96)
		at org.apache.catalina.authenticator.AuthenticatorBase.invoke(AuthenticatorBase.java:543)
		at org.apache.catalina.core.StandardHostValve.invoke(StandardHostValve.java:139)
		at org.apache.catalina.valves.ErrorReportValve.invoke(ErrorReportValve.java:81)
		at org.apache.catalina.valves.AbstractAccessLogValve.invoke(AbstractAccessLogValve.java:678)
		at org.apache.catalina.core.StandardEngineValve.invoke(StandardEngineValve.java:87)
		at org.apache.catalina.connector.CoyoteAdapter.service(CoyoteAdapter.java:343)
		at org.apache.coyote.http11.Http11Processor.service(Http11Processor.java:609)
		at org.apache.coyote.AbstractProcessorLight.process(AbstractProcessorLight.java:65)
		at org.apache.coyote.AbstractProtocol$ConnectionHandler.process(AbstractProtocol.java:810)
		at org.apache.tomcat.util.net.NioEndpoint$SocketProcessor.doRun(NioEndpoint.java:1623)
		at org.apache.tomcat.util.net.SocketProcessorBase.run(SocketProcessorBase.java:49)
		at java.util.concurrent.ThreadPoolExecutor.runWorker(Unknown Source)
		at java.util.concurrent.ThreadPoolExecutor$Worker.run(Unknown Source)
		at org.apache.tomcat.util.threads.TaskThread$WrappingRunnable.run(TaskThread.java:61)
		at java.lang.Thread.run(Unknown Source)
12-Apr-2020 12:02:53.363 GRAVE [http-nio-8080-exec-12] org.apache.catalina.core.ApplicationContext.log StandardWrapper.Throwable
	java.lang.IllegalStateException: The resource configuration is not modifiable in this context.
		at org.glassfish.jersey.server.ResourceConfig$ImmutableState.register(ResourceConfig.java:274)
		at org.glassfish.jersey.server.ResourceConfig$ImmutableState.register(ResourceConfig.java:221)
		at org.glassfish.jersey.server.ResourceConfig.register(ResourceConfig.java:453)
		at org.glassfish.jersey.servlet.WebComponent.<init>(WebComponent.java:387)
		at org.glassfish.jersey.servlet.ServletContainer.init(ServletContainer.java:177)
		at org.glassfish.jersey.servlet.ServletContainer.init(ServletContainer.java:369)
		at javax.servlet.GenericServlet.init(GenericServlet.java:158)
		at org.apache.catalina.core.StandardWrapper.initServlet(StandardWrapper.java:1144)
		at org.apache.catalina.core.StandardWrapper.allocate(StandardWrapper.java:779)
		at org.apache.catalina.core.StandardWrapperValve.invoke(StandardWrapperValve.java:134)
		at org.apache.catalina.core.StandardContextValve.invoke(StandardContextValve.java:96)
		at org.apache.catalina.authenticator.AuthenticatorBase.invoke(AuthenticatorBase.java:543)
		at org.apache.catalina.core.StandardHostValve.invoke(StandardHostValve.java:139)
		at org.apache.catalina.valves.ErrorReportValve.invoke(ErrorReportValve.java:81)
		at org.apache.catalina.valves.AbstractAccessLogValve.invoke(AbstractAccessLogValve.java:678)
		at org.apache.catalina.core.StandardEngineValve.invoke(StandardEngineValve.java:87)
		at org.apache.catalina.connector.CoyoteAdapter.service(CoyoteAdapter.java:343)
		at org.apache.coyote.http11.Http11Processor.service(Http11Processor.java:609)
		at org.apache.coyote.AbstractProcessorLight.process(AbstractProcessorLight.java:65)
		at org.apache.coyote.AbstractProtocol$ConnectionHandler.process(AbstractProtocol.java:810)
		at org.apache.tomcat.util.net.NioEndpoint$SocketProcessor.doRun(NioEndpoint.java:1623)
		at org.apache.tomcat.util.net.SocketProcessorBase.run(SocketProcessorBase.java:49)
		at java.util.concurrent.ThreadPoolExecutor.runWorker(Unknown Source)
		at java.util.concurrent.ThreadPoolExecutor$Worker.run(Unknown Source)
		at org.apache.tomcat.util.threads.TaskThread$WrappingRunnable.run(TaskThread.java:61)
		at java.lang.Thread.run(Unknown Source)
12-Apr-2020 12:02:53.363 GRAVE [http-nio-8080-exec-12] org.apache.catalina.core.StandardWrapperValve.invoke Excepción de reserva de espacio para servlet [javax.ws.rs.core.Application]
	java.lang.IllegalStateException: The resource configuration is not modifiable in this context.
		at org.glassfish.jersey.server.ResourceConfig$ImmutableState.register(ResourceConfig.java:274)
		at org.glassfish.jersey.server.ResourceConfig$ImmutableState.register(ResourceConfig.java:221)
		at org.glassfish.jersey.server.ResourceConfig.register(ResourceConfig.java:453)
		at org.glassfish.jersey.servlet.WebComponent.<init>(WebComponent.java:387)
		at org.glassfish.jersey.servlet.ServletContainer.init(ServletContainer.java:177)
		at org.glassfish.jersey.servlet.ServletContainer.init(ServletContainer.java:369)
		at javax.servlet.GenericServlet.init(GenericServlet.java:158)
		at org.apache.catalina.core.StandardWrapper.initServlet(StandardWrapper.java:1144)
		at org.apache.catalina.core.StandardWrapper.allocate(StandardWrapper.java:779)
		at org.apache.catalina.core.StandardWrapperValve.invoke(StandardWrapperValve.java:134)
		at org.apache.catalina.core.StandardContextValve.invoke(StandardContextValve.java:96)
		at org.apache.catalina.authenticator.AuthenticatorBase.invoke(AuthenticatorBase.java:543)
		at org.apache.catalina.core.StandardHostValve.invoke(StandardHostValve.java:139)
		at org.apache.catalina.valves.ErrorReportValve.invoke(ErrorReportValve.java:81)
		at org.apache.catalina.valves.AbstractAccessLogValve.invoke(AbstractAccessLogValve.java:678)
		at org.apache.catalina.core.StandardEngineValve.invoke(StandardEngineValve.java:87)
		at org.apache.catalina.connector.CoyoteAdapter.service(CoyoteAdapter.java:343)
		at org.apache.coyote.http11.Http11Processor.service(Http11Processor.java:609)
		at org.apache.coyote.AbstractProcessorLight.process(AbstractProcessorLight.java:65)
		at org.apache.coyote.AbstractProtocol$ConnectionHandler.process(AbstractProtocol.java:810)
		at org.apache.tomcat.util.net.NioEndpoint$SocketProcessor.doRun(NioEndpoint.java:1623)
		at org.apache.tomcat.util.net.SocketProcessorBase.run(SocketProcessorBase.java:49)
		at java.util.concurrent.ThreadPoolExecutor.runWorker(Unknown Source)
		at java.util.concurrent.ThreadPoolExecutor$Worker.run(Unknown Source)
		at org.apache.tomcat.util.threads.TaskThread$WrappingRunnable.run(TaskThread.java:61)
		at java.lang.Thread.run(Unknown Source)
12-Apr-2020 12:04:29.698 GRAVE [http-nio-8080-exec-13] org.apache.catalina.core.ApplicationContext.log StandardWrapper.Throwable
	java.lang.IllegalStateException: The resource configuration is not modifiable in this context.
		at org.glassfish.jersey.server.ResourceConfig$ImmutableState.register(ResourceConfig.java:274)
		at org.glassfish.jersey.server.ResourceConfig$ImmutableState.register(ResourceConfig.java:221)
		at org.glassfish.jersey.server.ResourceConfig.register(ResourceConfig.java:453)
		at org.glassfish.jersey.servlet.WebComponent.<init>(WebComponent.java:387)
		at org.glassfish.jersey.servlet.ServletContainer.init(ServletContainer.java:177)
		at org.glassfish.jersey.servlet.ServletContainer.init(ServletContainer.java:369)
		at javax.servlet.GenericServlet.init(GenericServlet.java:158)
		at org.apache.catalina.core.StandardWrapper.initServlet(StandardWrapper.java:1144)
		at org.apache.catalina.core.StandardWrapper.allocate(StandardWrapper.java:779)
		at org.apache.catalina.core.StandardWrapperValve.invoke(StandardWrapperValve.java:134)
		at org.apache.catalina.core.StandardContextValve.invoke(StandardContextValve.java:96)
		at org.apache.catalina.authenticator.AuthenticatorBase.invoke(AuthenticatorBase.java:543)
		at org.apache.catalina.core.StandardHostValve.invoke(StandardHostValve.java:139)
		at org.apache.catalina.valves.ErrorReportValve.invoke(ErrorReportValve.java:81)
		at org.apache.catalina.valves.AbstractAccessLogValve.invoke(AbstractAccessLogValve.java:678)
		at org.apache.catalina.core.StandardEngineValve.invoke(StandardEngineValve.java:87)
		at org.apache.catalina.connector.CoyoteAdapter.service(CoyoteAdapter.java:343)
		at org.apache.coyote.http11.Http11Processor.service(Http11Processor.java:609)
		at org.apache.coyote.AbstractProcessorLight.process(AbstractProcessorLight.java:65)
		at org.apache.coyote.AbstractProtocol$ConnectionHandler.process(AbstractProtocol.java:810)
		at org.apache.tomcat.util.net.NioEndpoint$SocketProcessor.doRun(NioEndpoint.java:1623)
		at org.apache.tomcat.util.net.SocketProcessorBase.run(SocketProcessorBase.java:49)
		at java.util.concurrent.ThreadPoolExecutor.runWorker(Unknown Source)
		at java.util.concurrent.ThreadPoolExecutor$Worker.run(Unknown Source)
		at org.apache.tomcat.util.threads.TaskThread$WrappingRunnable.run(TaskThread.java:61)
		at java.lang.Thread.run(Unknown Source)
12-Apr-2020 12:04:29.698 GRAVE [http-nio-8080-exec-13] org.apache.catalina.core.StandardWrapperValve.invoke Excepción de reserva de espacio para servlet [javax.ws.rs.core.Application]
	java.lang.IllegalStateException: The resource configuration is not modifiable in this context.
		at org.glassfish.jersey.server.ResourceConfig$ImmutableState.register(ResourceConfig.java:274)
		at org.glassfish.jersey.server.ResourceConfig$ImmutableState.register(ResourceConfig.java:221)
		at org.glassfish.jersey.server.ResourceConfig.register(ResourceConfig.java:453)
		at org.glassfish.jersey.servlet.WebComponent.<init>(WebComponent.java:387)
		at org.glassfish.jersey.servlet.ServletContainer.init(ServletContainer.java:177)
		at org.glassfish.jersey.servlet.ServletContainer.init(ServletContainer.java:369)
		at javax.servlet.GenericServlet.init(GenericServlet.java:158)
		at org.apache.catalina.core.StandardWrapper.initServlet(StandardWrapper.java:1144)
		at org.apache.catalina.core.StandardWrapper.allocate(StandardWrapper.java:779)
		at org.apache.catalina.core.StandardWrapperValve.invoke(StandardWrapperValve.java:134)
		at org.apache.catalina.core.StandardContextValve.invoke(StandardContextValve.java:96)
		at org.apache.catalina.authenticator.AuthenticatorBase.invoke(AuthenticatorBase.java:543)
		at org.apache.catalina.core.StandardHostValve.invoke(StandardHostValve.java:139)
		at org.apache.catalina.valves.ErrorReportValve.invoke(ErrorReportValve.java:81)
		at org.apache.catalina.valves.AbstractAccessLogValve.invoke(AbstractAccessLogValve.java:678)
		at org.apache.catalina.core.StandardEngineValve.invoke(StandardEngineValve.java:87)
		at org.apache.catalina.connector.CoyoteAdapter.service(CoyoteAdapter.java:343)
		at org.apache.coyote.http11.Http11Processor.service(Http11Processor.java:609)
		at org.apache.coyote.AbstractProcessorLight.process(AbstractProcessorLight.java:65)
		at org.apache.coyote.AbstractProtocol$ConnectionHandler.process(AbstractProtocol.java:810)
		at org.apache.tomcat.util.net.NioEndpoint$SocketProcessor.doRun(NioEndpoint.java:1623)
		at org.apache.tomcat.util.net.SocketProcessorBase.run(SocketProcessorBase.java:49)
		at java.util.concurrent.ThreadPoolExecutor.runWorker(Unknown Source)
		at java.util.concurrent.ThreadPoolExecutor$Worker.run(Unknown Source)
		at org.apache.tomcat.util.threads.TaskThread$WrappingRunnable.run(TaskThread.java:61)
		at java.lang.Thread.run(Unknown Source)
12-Apr-2020 12:04:29.721 GRAVE [http-nio-8080-exec-11] org.apache.catalina.core.ApplicationContext.log StandardWrapper.Throwable
	java.lang.IllegalStateException: The resource configuration is not modifiable in this context.
		at org.glassfish.jersey.server.ResourceConfig$ImmutableState.register(ResourceConfig.java:274)
		at org.glassfish.jersey.server.ResourceConfig$ImmutableState.register(ResourceConfig.java:221)
		at org.glassfish.jersey.server.ResourceConfig.register(ResourceConfig.java:453)
		at org.glassfish.jersey.servlet.WebComponent.<init>(WebComponent.java:387)
		at org.glassfish.jersey.servlet.ServletContainer.init(ServletContainer.java:177)
		at org.glassfish.jersey.servlet.ServletContainer.init(ServletContainer.java:369)
		at javax.servlet.GenericServlet.init(GenericServlet.java:158)
		at org.apache.catalina.core.StandardWrapper.initServlet(StandardWrapper.java:1144)
		at org.apache.catalina.core.StandardWrapper.allocate(StandardWrapper.java:779)
		at org.apache.catalina.core.StandardWrapperValve.invoke(StandardWrapperValve.java:134)
		at org.apache.catalina.core.StandardContextValve.invoke(StandardContextValve.java:96)
		at org.apache.catalina.authenticator.AuthenticatorBase.invoke(AuthenticatorBase.java:543)
		at org.apache.catalina.core.StandardHostValve.invoke(StandardHostValve.java:139)
		at org.apache.catalina.valves.ErrorReportValve.invoke(ErrorReportValve.java:81)
		at org.apache.catalina.valves.AbstractAccessLogValve.invoke(AbstractAccessLogValve.java:678)
		at org.apache.catalina.core.StandardEngineValve.invoke(StandardEngineValve.java:87)
		at org.apache.catalina.connector.CoyoteAdapter.service(CoyoteAdapter.java:343)
		at org.apache.coyote.http11.Http11Processor.service(Http11Processor.java:609)
		at org.apache.coyote.AbstractProcessorLight.process(AbstractProcessorLight.java:65)
		at org.apache.coyote.AbstractProtocol$ConnectionHandler.process(AbstractProtocol.java:810)
		at org.apache.tomcat.util.net.NioEndpoint$SocketProcessor.doRun(NioEndpoint.java:1623)
		at org.apache.tomcat.util.net.SocketProcessorBase.run(SocketProcessorBase.java:49)
		at java.util.concurrent.ThreadPoolExecutor.runWorker(Unknown Source)
		at java.util.concurrent.ThreadPoolExecutor$Worker.run(Unknown Source)
		at org.apache.tomcat.util.threads.TaskThread$WrappingRunnable.run(TaskThread.java:61)
		at java.lang.Thread.run(Unknown Source)
12-Apr-2020 12:04:29.721 GRAVE [http-nio-8080-exec-11] org.apache.catalina.core.StandardWrapperValve.invoke Excepción de reserva de espacio para servlet [javax.ws.rs.core.Application]
	java.lang.IllegalStateException: The resource configuration is not modifiable in this context.
		at org.glassfish.jersey.server.ResourceConfig$ImmutableState.register(ResourceConfig.java:274)
		at org.glassfish.jersey.server.ResourceConfig$ImmutableState.register(ResourceConfig.java:221)
		at org.glassfish.jersey.server.ResourceConfig.register(ResourceConfig.java:453)
		at org.glassfish.jersey.servlet.WebComponent.<init>(WebComponent.java:387)
		at org.glassfish.jersey.servlet.ServletContainer.init(ServletContainer.java:177)
		at org.glassfish.jersey.servlet.ServletContainer.init(ServletContainer.java:369)
		at javax.servlet.GenericServlet.init(GenericServlet.java:158)
		at org.apache.catalina.core.StandardWrapper.initServlet(StandardWrapper.java:1144)
		at org.apache.catalina.core.StandardWrapper.allocate(StandardWrapper.java:779)
		at org.apache.catalina.core.StandardWrapperValve.invoke(StandardWrapperValve.java:134)
		at org.apache.catalina.core.StandardContextValve.invoke(StandardContextValve.java:96)
		at org.apache.catalina.authenticator.AuthenticatorBase.invoke(AuthenticatorBase.java:543)
		at org.apache.catalina.core.StandardHostValve.invoke(StandardHostValve.java:139)
		at org.apache.catalina.valves.ErrorReportValve.invoke(ErrorReportValve.java:81)
		at org.apache.catalina.valves.AbstractAccessLogValve.invoke(AbstractAccessLogValve.java:678)
		at org.apache.catalina.core.StandardEngineValve.invoke(StandardEngineValve.java:87)
		at org.apache.catalina.connector.CoyoteAdapter.service(CoyoteAdapter.java:343)
		at org.apache.coyote.http11.Http11Processor.service(Http11Processor.java:609)
		at org.apache.coyote.AbstractProcessorLight.process(AbstractProcessorLight.java:65)
		at org.apache.coyote.AbstractProtocol$ConnectionHandler.process(AbstractProtocol.java:810)
		at org.apache.tomcat.util.net.NioEndpoint$SocketProcessor.doRun(NioEndpoint.java:1623)
		at org.apache.tomcat.util.net.SocketProcessorBase.run(SocketProcessorBase.java:49)
		at java.util.concurrent.ThreadPoolExecutor.runWorker(Unknown Source)
		at java.util.concurrent.ThreadPoolExecutor$Worker.run(Unknown Source)
		at org.apache.tomcat.util.threads.TaskThread$WrappingRunnable.run(TaskThread.java:61)
		at java.lang.Thread.run(Unknown Source)
12-Apr-2020 12:05:09.855 GRAVE [http-nio-8080-exec-12] org.apache.catalina.core.ApplicationContext.log StandardWrapper.Throwable
	java.lang.IllegalStateException: The resource configuration is not modifiable in this context.
		at org.glassfish.jersey.server.ResourceConfig$ImmutableState.register(ResourceConfig.java:274)
		at org.glassfish.jersey.server.ResourceConfig$ImmutableState.register(ResourceConfig.java:221)
		at org.glassfish.jersey.server.ResourceConfig.register(ResourceConfig.java:453)
		at org.glassfish.jersey.servlet.WebComponent.<init>(WebComponent.java:387)
		at org.glassfish.jersey.servlet.ServletContainer.init(ServletContainer.java:177)
		at org.glassfish.jersey.servlet.ServletContainer.init(ServletContainer.java:369)
		at javax.servlet.GenericServlet.init(GenericServlet.java:158)
		at org.apache.catalina.core.StandardWrapper.initServlet(StandardWrapper.java:1144)
		at org.apache.catalina.core.StandardWrapper.allocate(StandardWrapper.java:779)
		at org.apache.catalina.core.StandardWrapperValve.invoke(StandardWrapperValve.java:134)
		at org.apache.catalina.core.StandardContextValve.invoke(StandardContextValve.java:96)
		at org.apache.catalina.authenticator.AuthenticatorBase.invoke(AuthenticatorBase.java:543)
		at org.apache.catalina.core.StandardHostValve.invoke(StandardHostValve.java:139)
		at org.apache.catalina.valves.ErrorReportValve.invoke(ErrorReportValve.java:81)
		at org.apache.catalina.valves.AbstractAccessLogValve.invoke(AbstractAccessLogValve.java:678)
		at org.apache.catalina.core.StandardEngineValve.invoke(StandardEngineValve.java:87)
		at org.apache.catalina.connector.CoyoteAdapter.service(CoyoteAdapter.java:343)
		at org.apache.coyote.http11.Http11Processor.service(Http11Processor.java:609)
		at org.apache.coyote.AbstractProcessorLight.process(AbstractProcessorLight.java:65)
		at org.apache.coyote.AbstractProtocol$ConnectionHandler.process(AbstractProtocol.java:810)
		at org.apache.tomcat.util.net.NioEndpoint$SocketProcessor.doRun(NioEndpoint.java:1623)
		at org.apache.tomcat.util.net.SocketProcessorBase.run(SocketProcessorBase.java:49)
		at java.util.concurrent.ThreadPoolExecutor.runWorker(Unknown Source)
		at java.util.concurrent.ThreadPoolExecutor$Worker.run(Unknown Source)
		at org.apache.tomcat.util.threads.TaskThread$WrappingRunnable.run(TaskThread.java:61)
		at java.lang.Thread.run(Unknown Source)
12-Apr-2020 12:05:09.855 GRAVE [http-nio-8080-exec-12] org.apache.catalina.core.StandardWrapperValve.invoke Excepción de reserva de espacio para servlet [javax.ws.rs.core.Application]
	java.lang.IllegalStateException: The resource configuration is not modifiable in this context.
		at org.glassfish.jersey.server.ResourceConfig$ImmutableState.register(ResourceConfig.java:274)
		at org.glassfish.jersey.server.ResourceConfig$ImmutableState.register(ResourceConfig.java:221)
		at org.glassfish.jersey.server.ResourceConfig.register(ResourceConfig.java:453)
		at org.glassfish.jersey.servlet.WebComponent.<init>(WebComponent.java:387)
		at org.glassfish.jersey.servlet.ServletContainer.init(ServletContainer.java:177)
		at org.glassfish.jersey.servlet.ServletContainer.init(ServletContainer.java:369)
		at javax.servlet.GenericServlet.init(GenericServlet.java:158)
		at org.apache.catalina.core.StandardWrapper.initServlet(StandardWrapper.java:1144)
		at org.apache.catalina.core.StandardWrapper.allocate(StandardWrapper.java:779)
		at org.apache.catalina.core.StandardWrapperValve.invoke(StandardWrapperValve.java:134)
		at org.apache.catalina.core.StandardContextValve.invoke(StandardContextValve.java:96)
		at org.apache.catalina.authenticator.AuthenticatorBase.invoke(AuthenticatorBase.java:543)
		at org.apache.catalina.core.StandardHostValve.invoke(StandardHostValve.java:139)
		at org.apache.catalina.valves.ErrorReportValve.invoke(ErrorReportValve.java:81)
		at org.apache.catalina.valves.AbstractAccessLogValve.invoke(AbstractAccessLogValve.java:678)
		at org.apache.catalina.core.StandardEngineValve.invoke(StandardEngineValve.java:87)
		at org.apache.catalina.connector.CoyoteAdapter.service(CoyoteAdapter.java:343)
		at org.apache.coyote.http11.Http11Processor.service(Http11Processor.java:609)
		at org.apache.coyote.AbstractProcessorLight.process(AbstractProcessorLight.java:65)
		at org.apache.coyote.AbstractProtocol$ConnectionHandler.process(AbstractProtocol.java:810)
		at org.apache.tomcat.util.net.NioEndpoint$SocketProcessor.doRun(NioEndpoint.java:1623)
		at org.apache.tomcat.util.net.SocketProcessorBase.run(SocketProcessorBase.java:49)
		at java.util.concurrent.ThreadPoolExecutor.runWorker(Unknown Source)
		at java.util.concurrent.ThreadPoolExecutor$Worker.run(Unknown Source)
		at org.apache.tomcat.util.threads.TaskThread$WrappingRunnable.run(TaskThread.java:61)
		at java.lang.Thread.run(Unknown Source)
12-Apr-2020 12:05:09.880 GRAVE [http-nio-8080-exec-14] org.apache.catalina.core.ApplicationContext.log StandardWrapper.Throwable
	java.lang.IllegalStateException: The resource configuration is not modifiable in this context.
		at org.glassfish.jersey.server.ResourceConfig$ImmutableState.register(ResourceConfig.java:274)
		at org.glassfish.jersey.server.ResourceConfig$ImmutableState.register(ResourceConfig.java:221)
		at org.glassfish.jersey.server.ResourceConfig.register(ResourceConfig.java:453)
		at org.glassfish.jersey.servlet.WebComponent.<init>(WebComponent.java:387)
		at org.glassfish.jersey.servlet.ServletContainer.init(ServletContainer.java:177)
		at org.glassfish.jersey.servlet.ServletContainer.init(ServletContainer.java:369)
		at javax.servlet.GenericServlet.init(GenericServlet.java:158)
		at org.apache.catalina.core.StandardWrapper.initServlet(StandardWrapper.java:1144)
		at org.apache.catalina.core.StandardWrapper.allocate(StandardWrapper.java:779)
		at org.apache.catalina.core.StandardWrapperValve.invoke(StandardWrapperValve.java:134)
		at org.apache.catalina.core.StandardContextValve.invoke(StandardContextValve.java:96)
		at org.apache.catalina.authenticator.AuthenticatorBase.invoke(AuthenticatorBase.java:543)
		at org.apache.catalina.core.StandardHostValve.invoke(StandardHostValve.java:139)
		at org.apache.catalina.valves.ErrorReportValve.invoke(ErrorReportValve.java:81)
		at org.apache.catalina.valves.AbstractAccessLogValve.invoke(AbstractAccessLogValve.java:678)
		at org.apache.catalina.core.StandardEngineValve.invoke(StandardEngineValve.java:87)
		at org.apache.catalina.connector.CoyoteAdapter.service(CoyoteAdapter.java:343)
		at org.apache.coyote.http11.Http11Processor.service(Http11Processor.java:609)
		at org.apache.coyote.AbstractProcessorLight.process(AbstractProcessorLight.java:65)
		at org.apache.coyote.AbstractProtocol$ConnectionHandler.process(AbstractProtocol.java:810)
		at org.apache.tomcat.util.net.NioEndpoint$SocketProcessor.doRun(NioEndpoint.java:1623)
		at org.apache.tomcat.util.net.SocketProcessorBase.run(SocketProcessorBase.java:49)
		at java.util.concurrent.ThreadPoolExecutor.runWorker(Unknown Source)
		at java.util.concurrent.ThreadPoolExecutor$Worker.run(Unknown Source)
		at org.apache.tomcat.util.threads.TaskThread$WrappingRunnable.run(TaskThread.java:61)
		at java.lang.Thread.run(Unknown Source)
12-Apr-2020 12:05:09.880 GRAVE [http-nio-8080-exec-14] org.apache.catalina.core.StandardWrapperValve.invoke Excepción de reserva de espacio para servlet [javax.ws.rs.core.Application]
	java.lang.IllegalStateException: The resource configuration is not modifiable in this context.
		at org.glassfish.jersey.server.ResourceConfig$ImmutableState.register(ResourceConfig.java:274)
		at org.glassfish.jersey.server.ResourceConfig$ImmutableState.register(ResourceConfig.java:221)
		at org.glassfish.jersey.server.ResourceConfig.register(ResourceConfig.java:453)
		at org.glassfish.jersey.servlet.WebComponent.<init>(WebComponent.java:387)
		at org.glassfish.jersey.servlet.ServletContainer.init(ServletContainer.java:177)
		at org.glassfish.jersey.servlet.ServletContainer.init(ServletContainer.java:369)
		at javax.servlet.GenericServlet.init(GenericServlet.java:158)
		at org.apache.catalina.core.StandardWrapper.initServlet(StandardWrapper.java:1144)
		at org.apache.catalina.core.StandardWrapper.allocate(StandardWrapper.java:779)
		at org.apache.catalina.core.StandardWrapperValve.invoke(StandardWrapperValve.java:134)
		at org.apache.catalina.core.StandardContextValve.invoke(StandardContextValve.java:96)
		at org.apache.catalina.authenticator.AuthenticatorBase.invoke(AuthenticatorBase.java:543)
		at org.apache.catalina.core.StandardHostValve.invoke(StandardHostValve.java:139)
		at org.apache.catalina.valves.ErrorReportValve.invoke(ErrorReportValve.java:81)
		at org.apache.catalina.valves.AbstractAccessLogValve.invoke(AbstractAccessLogValve.java:678)
		at org.apache.catalina.core.StandardEngineValve.invoke(StandardEngineValve.java:87)
		at org.apache.catalina.connector.CoyoteAdapter.service(CoyoteAdapter.java:343)
		at org.apache.coyote.http11.Http11Processor.service(Http11Processor.java:609)
		at org.apache.coyote.AbstractProcessorLight.process(AbstractProcessorLight.java:65)
		at org.apache.coyote.AbstractProtocol$ConnectionHandler.process(AbstractProtocol.java:810)
		at org.apache.tomcat.util.net.NioEndpoint$SocketProcessor.doRun(NioEndpoint.java:1623)
		at org.apache.tomcat.util.net.SocketProcessorBase.run(SocketProcessorBase.java:49)
		at java.util.concurrent.ThreadPoolExecutor.runWorker(Unknown Source)
		at java.util.concurrent.ThreadPoolExecutor$Worker.run(Unknown Source)
		at org.apache.tomcat.util.threads.TaskThread$WrappingRunnable.run(TaskThread.java:61)
		at java.lang.Thread.run(Unknown Source)
12-Apr-2020 12:05:24.529 GRAVE [http-nio-8080-exec-15] org.apache.catalina.core.ApplicationContext.log StandardWrapper.Throwable
	java.lang.IllegalStateException: The resource configuration is not modifiable in this context.
		at org.glassfish.jersey.server.ResourceConfig$ImmutableState.register(ResourceConfig.java:274)
		at org.glassfish.jersey.server.ResourceConfig$ImmutableState.register(ResourceConfig.java:221)
		at org.glassfish.jersey.server.ResourceConfig.register(ResourceConfig.java:453)
		at org.glassfish.jersey.servlet.WebComponent.<init>(WebComponent.java:387)
		at org.glassfish.jersey.servlet.ServletContainer.init(ServletContainer.java:177)
		at org.glassfish.jersey.servlet.ServletContainer.init(ServletContainer.java:369)
		at javax.servlet.GenericServlet.init(GenericServlet.java:158)
		at org.apache.catalina.core.StandardWrapper.initServlet(StandardWrapper.java:1144)
		at org.apache.catalina.core.StandardWrapper.allocate(StandardWrapper.java:779)
		at org.apache.catalina.core.StandardWrapperValve.invoke(StandardWrapperValve.java:134)
		at org.apache.catalina.core.StandardContextValve.invoke(StandardContextValve.java:96)
		at org.apache.catalina.authenticator.AuthenticatorBase.invoke(AuthenticatorBase.java:543)
		at org.apache.catalina.core.StandardHostValve.invoke(StandardHostValve.java:139)
		at org.apache.catalina.valves.ErrorReportValve.invoke(ErrorReportValve.java:81)
		at org.apache.catalina.valves.AbstractAccessLogValve.invoke(AbstractAccessLogValve.java:678)
		at org.apache.catalina.core.StandardEngineValve.invoke(StandardEngineValve.java:87)
		at org.apache.catalina.connector.CoyoteAdapter.service(CoyoteAdapter.java:343)
		at org.apache.coyote.http11.Http11Processor.service(Http11Processor.java:609)
		at org.apache.coyote.AbstractProcessorLight.process(AbstractProcessorLight.java:65)
		at org.apache.coyote.AbstractProtocol$ConnectionHandler.process(AbstractProtocol.java:810)
		at org.apache.tomcat.util.net.NioEndpoint$SocketProcessor.doRun(NioEndpoint.java:1623)
		at org.apache.tomcat.util.net.SocketProcessorBase.run(SocketProcessorBase.java:49)
		at java.util.concurrent.ThreadPoolExecutor.runWorker(Unknown Source)
		at java.util.concurrent.ThreadPoolExecutor$Worker.run(Unknown Source)
		at org.apache.tomcat.util.threads.TaskThread$WrappingRunnable.run(TaskThread.java:61)
		at java.lang.Thread.run(Unknown Source)
12-Apr-2020 12:05:24.529 GRAVE [http-nio-8080-exec-15] org.apache.catalina.core.StandardWrapperValve.invoke Excepción de reserva de espacio para servlet [javax.ws.rs.core.Application]
	java.lang.IllegalStateException: The resource configuration is not modifiable in this context.
		at org.glassfish.jersey.server.ResourceConfig$ImmutableState.register(ResourceConfig.java:274)
		at org.glassfish.jersey.server.ResourceConfig$ImmutableState.register(ResourceConfig.java:221)
		at org.glassfish.jersey.server.ResourceConfig.register(ResourceConfig.java:453)
		at org.glassfish.jersey.servlet.WebComponent.<init>(WebComponent.java:387)
		at org.glassfish.jersey.servlet.ServletContainer.init(ServletContainer.java:177)
		at org.glassfish.jersey.servlet.ServletContainer.init(ServletContainer.java:369)
		at javax.servlet.GenericServlet.init(GenericServlet.java:158)
		at org.apache.catalina.core.StandardWrapper.initServlet(StandardWrapper.java:1144)
		at org.apache.catalina.core.StandardWrapper.allocate(StandardWrapper.java:779)
		at org.apache.catalina.core.StandardWrapperValve.invoke(StandardWrapperValve.java:134)
		at org.apache.catalina.core.StandardContextValve.invoke(StandardContextValve.java:96)
		at org.apache.catalina.authenticator.AuthenticatorBase.invoke(AuthenticatorBase.java:543)
		at org.apache.catalina.core.StandardHostValve.invoke(StandardHostValve.java:139)
		at org.apache.catalina.valves.ErrorReportValve.invoke(ErrorReportValve.java:81)
		at org.apache.catalina.valves.AbstractAccessLogValve.invoke(AbstractAccessLogValve.java:678)
		at org.apache.catalina.core.StandardEngineValve.invoke(StandardEngineValve.java:87)
		at org.apache.catalina.connector.CoyoteAdapter.service(CoyoteAdapter.java:343)
		at org.apache.coyote.http11.Http11Processor.service(Http11Processor.java:609)
		at org.apache.coyote.AbstractProcessorLight.process(AbstractProcessorLight.java:65)
		at org.apache.coyote.AbstractProtocol$ConnectionHandler.process(AbstractProtocol.java:810)
		at org.apache.tomcat.util.net.NioEndpoint$SocketProcessor.doRun(NioEndpoint.java:1623)
		at org.apache.tomcat.util.net.SocketProcessorBase.run(SocketProcessorBase.java:49)
		at java.util.concurrent.ThreadPoolExecutor.runWorker(Unknown Source)
		at java.util.concurrent.ThreadPoolExecutor$Worker.run(Unknown Source)
		at org.apache.tomcat.util.threads.TaskThread$WrappingRunnable.run(TaskThread.java:61)
		at java.lang.Thread.run(Unknown Source)
12-Apr-2020 12:05:24.553 GRAVE [http-nio-8080-exec-13] org.apache.catalina.core.ApplicationContext.log StandardWrapper.Throwable
	java.lang.IllegalStateException: The resource configuration is not modifiable in this context.
		at org.glassfish.jersey.server.ResourceConfig$ImmutableState.register(ResourceConfig.java:274)
		at org.glassfish.jersey.server.ResourceConfig$ImmutableState.register(ResourceConfig.java:221)
		at org.glassfish.jersey.server.ResourceConfig.register(ResourceConfig.java:453)
		at org.glassfish.jersey.servlet.WebComponent.<init>(WebComponent.java:387)
		at org.glassfish.jersey.servlet.ServletContainer.init(ServletContainer.java:177)
		at org.glassfish.jersey.servlet.ServletContainer.init(ServletContainer.java:369)
		at javax.servlet.GenericServlet.init(GenericServlet.java:158)
		at org.apache.catalina.core.StandardWrapper.initServlet(StandardWrapper.java:1144)
		at org.apache.catalina.core.StandardWrapper.allocate(StandardWrapper.java:779)
		at org.apache.catalina.core.StandardWrapperValve.invoke(StandardWrapperValve.java:134)
		at org.apache.catalina.core.StandardContextValve.invoke(StandardContextValve.java:96)
		at org.apache.catalina.authenticator.AuthenticatorBase.invoke(AuthenticatorBase.java:543)
		at org.apache.catalina.core.StandardHostValve.invoke(StandardHostValve.java:139)
		at org.apache.catalina.valves.ErrorReportValve.invoke(ErrorReportValve.java:81)
		at org.apache.catalina.valves.AbstractAccessLogValve.invoke(AbstractAccessLogValve.java:678)
		at org.apache.catalina.core.StandardEngineValve.invoke(StandardEngineValve.java:87)
		at org.apache.catalina.connector.CoyoteAdapter.service(CoyoteAdapter.java:343)
		at org.apache.coyote.http11.Http11Processor.service(Http11Processor.java:609)
		at org.apache.coyote.AbstractProcessorLight.process(AbstractProcessorLight.java:65)
		at org.apache.coyote.AbstractProtocol$ConnectionHandler.process(AbstractProtocol.java:810)
		at org.apache.tomcat.util.net.NioEndpoint$SocketProcessor.doRun(NioEndpoint.java:1623)
		at org.apache.tomcat.util.net.SocketProcessorBase.run(SocketProcessorBase.java:49)
		at java.util.concurrent.ThreadPoolExecutor.runWorker(Unknown Source)
		at java.util.concurrent.ThreadPoolExecutor$Worker.run(Unknown Source)
		at org.apache.tomcat.util.threads.TaskThread$WrappingRunnable.run(TaskThread.java:61)
		at java.lang.Thread.run(Unknown Source)
12-Apr-2020 12:05:24.553 GRAVE [http-nio-8080-exec-13] org.apache.catalina.core.StandardWrapperValve.invoke Excepción de reserva de espacio para servlet [javax.ws.rs.core.Application]
	java.lang.IllegalStateException: The resource configuration is not modifiable in this context.
		at org.glassfish.jersey.server.ResourceConfig$ImmutableState.register(ResourceConfig.java:274)
		at org.glassfish.jersey.server.ResourceConfig$ImmutableState.register(ResourceConfig.java:221)
		at org.glassfish.jersey.server.ResourceConfig.register(ResourceConfig.java:453)
		at org.glassfish.jersey.servlet.WebComponent.<init>(WebComponent.java:387)
		at org.glassfish.jersey.servlet.ServletContainer.init(ServletContainer.java:177)
		at org.glassfish.jersey.servlet.ServletContainer.init(ServletContainer.java:369)
		at javax.servlet.GenericServlet.init(GenericServlet.java:158)
		at org.apache.catalina.core.StandardWrapper.initServlet(StandardWrapper.java:1144)
		at org.apache.catalina.core.StandardWrapper.allocate(StandardWrapper.java:779)
		at org.apache.catalina.core.StandardWrapperValve.invoke(StandardWrapperValve.java:134)
		at org.apache.catalina.core.StandardContextValve.invoke(StandardContextValve.java:96)
		at org.apache.catalina.authenticator.AuthenticatorBase.invoke(AuthenticatorBase.java:543)
		at org.apache.catalina.core.StandardHostValve.invoke(StandardHostValve.java:139)
		at org.apache.catalina.valves.ErrorReportValve.invoke(ErrorReportValve.java:81)
		at org.apache.catalina.valves.AbstractAccessLogValve.invoke(AbstractAccessLogValve.java:678)
		at org.apache.catalina.core.StandardEngineValve.invoke(StandardEngineValve.java:87)
		at org.apache.catalina.connector.CoyoteAdapter.service(CoyoteAdapter.java:343)
		at org.apache.coyote.http11.Http11Processor.service(Http11Processor.java:609)
		at org.apache.coyote.AbstractProcessorLight.process(AbstractProcessorLight.java:65)
		at org.apache.coyote.AbstractProtocol$ConnectionHandler.process(AbstractProtocol.java:810)
		at org.apache.tomcat.util.net.NioEndpoint$SocketProcessor.doRun(NioEndpoint.java:1623)
		at org.apache.tomcat.util.net.SocketProcessorBase.run(SocketProcessorBase.java:49)
		at java.util.concurrent.ThreadPoolExecutor.runWorker(Unknown Source)
		at java.util.concurrent.ThreadPoolExecutor$Worker.run(Unknown Source)
		at org.apache.tomcat.util.threads.TaskThread$WrappingRunnable.run(TaskThread.java:61)
		at java.lang.Thread.run(Unknown Source)
12-Apr-2020 12:06:15.257 GRAVE [http-nio-8080-exec-11] org.apache.catalina.core.ApplicationContext.log StandardWrapper.Throwable
	java.lang.IllegalStateException: The resource configuration is not modifiable in this context.
		at org.glassfish.jersey.server.ResourceConfig$ImmutableState.register(ResourceConfig.java:274)
		at org.glassfish.jersey.server.ResourceConfig$ImmutableState.register(ResourceConfig.java:221)
		at org.glassfish.jersey.server.ResourceConfig.register(ResourceConfig.java:453)
		at org.glassfish.jersey.servlet.WebComponent.<init>(WebComponent.java:387)
		at org.glassfish.jersey.servlet.ServletContainer.init(ServletContainer.java:177)
		at org.glassfish.jersey.servlet.ServletContainer.init(ServletContainer.java:369)
		at javax.servlet.GenericServlet.init(GenericServlet.java:158)
		at org.apache.catalina.core.StandardWrapper.initServlet(StandardWrapper.java:1144)
		at org.apache.catalina.core.StandardWrapper.allocate(StandardWrapper.java:779)
		at org.apache.catalina.core.StandardWrapperValve.invoke(StandardWrapperValve.java:134)
		at org.apache.catalina.core.StandardContextValve.invoke(StandardContextValve.java:96)
		at org.apache.catalina.authenticator.AuthenticatorBase.invoke(AuthenticatorBase.java:543)
		at org.apache.catalina.core.StandardHostValve.invoke(StandardHostValve.java:139)
		at org.apache.catalina.valves.ErrorReportValve.invoke(ErrorReportValve.java:81)
		at org.apache.catalina.valves.AbstractAccessLogValve.invoke(AbstractAccessLogValve.java:678)
		at org.apache.catalina.core.StandardEngineValve.invoke(StandardEngineValve.java:87)
		at org.apache.catalina.connector.CoyoteAdapter.service(CoyoteAdapter.java:343)
		at org.apache.coyote.http11.Http11Processor.service(Http11Processor.java:609)
		at org.apache.coyote.AbstractProcessorLight.process(AbstractProcessorLight.java:65)
		at org.apache.coyote.AbstractProtocol$ConnectionHandler.process(AbstractProtocol.java:810)
		at org.apache.tomcat.util.net.NioEndpoint$SocketProcessor.doRun(NioEndpoint.java:1623)
		at org.apache.tomcat.util.net.SocketProcessorBase.run(SocketProcessorBase.java:49)
		at java.util.concurrent.ThreadPoolExecutor.runWorker(Unknown Source)
		at java.util.concurrent.ThreadPoolExecutor$Worker.run(Unknown Source)
		at org.apache.tomcat.util.threads.TaskThread$WrappingRunnable.run(TaskThread.java:61)
		at java.lang.Thread.run(Unknown Source)
12-Apr-2020 12:06:15.257 GRAVE [http-nio-8080-exec-11] org.apache.catalina.core.StandardWrapperValve.invoke Excepción de reserva de espacio para servlet [javax.ws.rs.core.Application]
	java.lang.IllegalStateException: The resource configuration is not modifiable in this context.
		at org.glassfish.jersey.server.ResourceConfig$ImmutableState.register(ResourceConfig.java:274)
		at org.glassfish.jersey.server.ResourceConfig$ImmutableState.register(ResourceConfig.java:221)
		at org.glassfish.jersey.server.ResourceConfig.register(ResourceConfig.java:453)
		at org.glassfish.jersey.servlet.WebComponent.<init>(WebComponent.java:387)
		at org.glassfish.jersey.servlet.ServletContainer.init(ServletContainer.java:177)
		at org.glassfish.jersey.servlet.ServletContainer.init(ServletContainer.java:369)
		at javax.servlet.GenericServlet.init(GenericServlet.java:158)
		at org.apache.catalina.core.StandardWrapper.initServlet(StandardWrapper.java:1144)
		at org.apache.catalina.core.StandardWrapper.allocate(StandardWrapper.java:779)
		at org.apache.catalina.core.StandardWrapperValve.invoke(StandardWrapperValve.java:134)
		at org.apache.catalina.core.StandardContextValve.invoke(StandardContextValve.java:96)
		at org.apache.catalina.authenticator.AuthenticatorBase.invoke(AuthenticatorBase.java:543)
		at org.apache.catalina.core.StandardHostValve.invoke(StandardHostValve.java:139)
		at org.apache.catalina.valves.ErrorReportValve.invoke(ErrorReportValve.java:81)
		at org.apache.catalina.valves.AbstractAccessLogValve.invoke(AbstractAccessLogValve.java:678)
		at org.apache.catalina.core.StandardEngineValve.invoke(StandardEngineValve.java:87)
		at org.apache.catalina.connector.CoyoteAdapter.service(CoyoteAdapter.java:343)
		at org.apache.coyote.http11.Http11Processor.service(Http11Processor.java:609)
		at org.apache.coyote.AbstractProcessorLight.process(AbstractProcessorLight.java:65)
		at org.apache.coyote.AbstractProtocol$ConnectionHandler.process(AbstractProtocol.java:810)
		at org.apache.tomcat.util.net.NioEndpoint$SocketProcessor.doRun(NioEndpoint.java:1623)
		at org.apache.tomcat.util.net.SocketProcessorBase.run(SocketProcessorBase.java:49)
		at java.util.concurrent.ThreadPoolExecutor.runWorker(Unknown Source)
		at java.util.concurrent.ThreadPoolExecutor$Worker.run(Unknown Source)
		at org.apache.tomcat.util.threads.TaskThread$WrappingRunnable.run(TaskThread.java:61)
		at java.lang.Thread.run(Unknown Source)
12-Apr-2020 13:49:10.463 INFORMACIÓN [localhost-startStop-18] org.apache.catalina.core.ApplicationContext.log SessionListener: contextDestroyed()
12-Apr-2020 13:49:10.463 INFORMACIÓN [localhost-startStop-18] org.apache.catalina.core.ApplicationContext.log ContextListener: contextDestroyed()
