21-Apr-2020 01:18:40.637 INFORMACIÓN [http-nio-8080-exec-9] org.apache.catalina.core.ApplicationContext.log HTMLManager: init: Associated with Deployer 'Catalina:type=Deployer,host=localhost'
21-Apr-2020 01:18:40.638 INFORMACIÓN [http-nio-8080-exec-9] org.apache.catalina.core.ApplicationContext.log HTMLManager: init: Global resources are available
21-Apr-2020 01:18:40.657 INFORMACIÓN [http-nio-8080-exec-9] org.apache.catalina.core.ApplicationContext.log HTMLManager: list: Listing contexts for virtual host 'localhost'
21-Apr-2020 13:52:36.096 INFORMACIÓN [http-nio-8080-exec-3] org.apache.catalina.core.ApplicationContext.log HTMLManager: init: Associated with Deployer 'Catalina:type=Deployer,host=localhost'
21-Apr-2020 13:52:36.096 INFORMACIÓN [http-nio-8080-exec-3] org.apache.catalina.core.ApplicationContext.log HTMLManager: init: Global resources are available
21-Apr-2020 13:52:36.112 INFORMACIÓN [http-nio-8080-exec-3] org.apache.catalina.core.ApplicationContext.log HTMLManager: list: Listing contexts for virtual host 'localhost'
21-Apr-2020 13:55:11.312 INFORMACIÓN [http-nio-8080-exec-11] org.apache.catalina.core.ApplicationContext.log HTMLManager: list: Listing contexts for virtual host 'localhost'
21-Apr-2020 13:55:12.912 INFORMACIÓN [http-nio-8080-exec-3] org.apache.catalina.core.ApplicationContext.log HTMLManager: list: Listing contexts for virtual host 'localhost'
21-Apr-2020 16:04:56.314 INFORMACIÓN [http-nio-8080-exec-6] org.apache.catalina.core.ApplicationContext.log HTMLManager: init: Associated with Deployer 'Catalina:type=Deployer,host=localhost'
21-Apr-2020 16:04:56.314 INFORMACIÓN [http-nio-8080-exec-6] org.apache.catalina.core.ApplicationContext.log HTMLManager: init: Global resources are available
21-Apr-2020 16:04:56.319 INFORMACIÓN [http-nio-8080-exec-6] org.apache.catalina.core.ApplicationContext.log HTMLManager: list: Listing contexts for virtual host 'localhost'
21-Apr-2020 16:48:56.715 DETALLADO [localhost-startStop-1] org.apache.catalina.core.StandardContext.listenerStart Sending application start events
21-Apr-2020 16:48:56.715 DETALLADO [localhost-startStop-1] org.apache.catalina.core.StandardContext.filterStart Starting filters
21-Apr-2020 16:48:56.715 DETALLADO [localhost-startStop-1] org.apache.catalina.core.StandardContext.filterStart  Starting filter 'Tomcat WebSocket (JSR356) Filter'
21-Apr-2020 16:48:56.715 DETALLADO [localhost-startStop-1] org.apache.catalina.core.StandardContext.filterStart  Starting filter 'SetCharacterEncoding'
21-Apr-2020 16:48:56.715 DETALLADO [localhost-startStop-1] org.apache.catalina.core.StandardContext.filterStart  Starting filter 'CSRF'
21-Apr-2020 16:51:58.901 DETALLADO [localhost-startStop-2] org.apache.catalina.core.StandardContext.filterStop Stopping filters
21-Apr-2020 16:51:58.901 DETALLADO [localhost-startStop-2] org.apache.catalina.core.StandardContext.filterStop  Stopping filter 'Tomcat WebSocket (JSR356) Filter'
21-Apr-2020 16:51:58.901 DETALLADO [localhost-startStop-2] org.apache.catalina.core.StandardContext.filterStop  Stopping filter 'SetCharacterEncoding'
21-Apr-2020 16:51:58.901 DETALLADO [localhost-startStop-2] org.apache.catalina.core.StandardContext.filterStop  Stopping filter 'CSRF'
21-Apr-2020 16:52:18.263 DETALLADO [localhost-startStop-1] org.apache.catalina.core.StandardContext.listenerStart Sending application start events
21-Apr-2020 16:52:18.264 DETALLADO [localhost-startStop-1] org.apache.catalina.core.StandardContext.filterStart Starting filters
21-Apr-2020 16:52:18.264 DETALLADO [localhost-startStop-1] org.apache.catalina.core.StandardContext.filterStart  Starting filter 'Tomcat WebSocket (JSR356) Filter'
21-Apr-2020 16:52:18.264 DETALLADO [localhost-startStop-1] org.apache.catalina.core.StandardContext.filterStart  Starting filter 'SetCharacterEncoding'
21-Apr-2020 16:52:18.264 DETALLADO [localhost-startStop-1] org.apache.catalina.core.StandardContext.filterStart  Starting filter 'CSRF'
21-Apr-2020 16:56:06.331 DETALLADO [localhost-startStop-2] org.apache.catalina.core.StandardContext.filterStop Stopping filters
21-Apr-2020 16:56:06.331 DETALLADO [localhost-startStop-2] org.apache.catalina.core.StandardContext.filterStop  Stopping filter 'Tomcat WebSocket (JSR356) Filter'
21-Apr-2020 16:56:06.331 DETALLADO [localhost-startStop-2] org.apache.catalina.core.StandardContext.filterStop  Stopping filter 'SetCharacterEncoding'
21-Apr-2020 16:56:06.331 DETALLADO [localhost-startStop-2] org.apache.catalina.core.StandardContext.filterStop  Stopping filter 'CSRF'
21-Apr-2020 16:56:25.113 DETALLADO [localhost-startStop-1] org.apache.catalina.core.StandardContext.listenerStart Sending application start events
21-Apr-2020 16:56:25.115 DETALLADO [localhost-startStop-1] org.apache.catalina.core.StandardContext.filterStart Starting filters
21-Apr-2020 16:56:25.115 DETALLADO [localhost-startStop-1] org.apache.catalina.core.StandardContext.filterStart  Starting filter 'Tomcat WebSocket (JSR356) Filter'
21-Apr-2020 16:56:25.115 DETALLADO [localhost-startStop-1] org.apache.catalina.core.StandardContext.filterStart  Starting filter 'SetCharacterEncoding'
21-Apr-2020 16:56:25.115 DETALLADO [localhost-startStop-1] org.apache.catalina.core.StandardContext.filterStart  Starting filter 'CSRF'
21-Apr-2020 16:58:39.138 DETALLADO [localhost-startStop-2] org.apache.catalina.core.StandardContext.filterStop Stopping filters
21-Apr-2020 16:58:39.138 DETALLADO [localhost-startStop-2] org.apache.catalina.core.StandardContext.filterStop  Stopping filter 'Tomcat WebSocket (JSR356) Filter'
21-Apr-2020 16:58:39.138 DETALLADO [localhost-startStop-2] org.apache.catalina.core.StandardContext.filterStop  Stopping filter 'SetCharacterEncoding'
21-Apr-2020 16:58:39.138 DETALLADO [localhost-startStop-2] org.apache.catalina.core.StandardContext.filterStop  Stopping filter 'CSRF'
21-Apr-2020 17:01:32.466 DETALLADO [localhost-startStop-1] org.apache.catalina.core.StandardContext.listenerStart Sending application start events
21-Apr-2020 17:01:32.468 DETALLADO [localhost-startStop-1] org.apache.catalina.core.StandardContext.filterStart Starting filters
21-Apr-2020 17:01:32.468 DETALLADO [localhost-startStop-1] org.apache.catalina.core.StandardContext.filterStart  Starting filter 'Tomcat WebSocket (JSR356) Filter'
21-Apr-2020 17:01:32.468 DETALLADO [localhost-startStop-1] org.apache.catalina.core.StandardContext.filterStart  Starting filter 'SetCharacterEncoding'
21-Apr-2020 17:01:32.469 DETALLADO [localhost-startStop-1] org.apache.catalina.core.StandardContext.filterStart  Starting filter 'CSRF'
21-Apr-2020 17:09:41.240 DETALLADO [localhost-startStop-3] org.apache.catalina.core.StandardContext.filterStop Stopping filters
21-Apr-2020 17:09:41.240 DETALLADO [localhost-startStop-3] org.apache.catalina.core.StandardContext.filterStop  Stopping filter 'Tomcat WebSocket (JSR356) Filter'
21-Apr-2020 17:09:41.240 DETALLADO [localhost-startStop-3] org.apache.catalina.core.StandardContext.filterStop  Stopping filter 'SetCharacterEncoding'
21-Apr-2020 17:09:41.240 DETALLADO [localhost-startStop-3] org.apache.catalina.core.StandardContext.filterStop  Stopping filter 'CSRF'
